{
"src\\app\\api\\Decryption.ts":{"path":"src\\app\\api\\Decryption.ts","statementMap":{"1":{"start":{"line":3,"column":0},"end":{"line":3,"column":73}},"2":{"start":{"line":5,"column":0},"end":{"line":85,"column":1}},"3":{"start":{"line":14,"column":11},"end":{"line":22,"column":5}},"4":{"start":{"line":15,"column":8},"end":{"line":19,"column":11}},"5":{"start":{"line":20,"column":8},"end":{"line":20,"column":35}},"6":{"start":{"line":21,"column":8},"end":{"line":21,"column":20}},"7":{"start":{"line":24,"column":11},"end":{"line":28,"column":5}},"8":{"start":{"line":25,"column":8},"end":{"line":25,"column":110}},"9":{"start":{"line":26,"column":8},"end":{"line":26,"column":128}},"10":{"start":{"line":27,"column":8},"end":{"line":27,"column":126}},"11":{"start":{"line":30,"column":19},"end":{"line":50,"column":5}},"12":{"start":{"line":31,"column":8},"end":{"line":31,"column":85}},"13":{"start":{"line":32,"column":8},"end":{"line":43,"column":15}},"14":{"start":{"line":35,"column":27},"end":{"line":35,"column":34}},"15":{"start":{"line":37,"column":16},"end":{"line":42,"column":18}},"16":{"start":{"line":38,"column":20},"end":{"line":38,"column":43}},"17":{"start":{"line":39,"column":20},"end":{"line":39,"column":49}},"18":{"start":{"line":40,"column":20},"end":{"line":41,"column":39}},"19":{"start":{"line":40,"column":54},"end":{"line":40,"column":67}},"20":{"start":{"line":41,"column":25},"end":{"line":41,"column":39}},"21":{"start":{"line":44,"column":8},"end":{"line":49,"column":15}},"22":{"start":{"line":48,"column":16},"end":{"line":48,"column":88}},"23":{"start":{"line":52,"column":19},"end":{"line":69,"column":5}},"24":{"start":{"line":53,"column":8},"end":{"line":53,"column":116}},"25":{"start":{"line":54,"column":8},"end":{"line":54,"column":110}},"26":{"start":{"line":55,"column":8},"end":{"line":55,"column":108}},"27":{"start":{"line":56,"column":8},"end":{"line":62,"column":9}},"28":{"start":{"line":57,"column":12},"end":{"line":61,"column":13}},"29":{"start":{"line":58,"column":16},"end":{"line":60,"column":17}},"30":{"start":{"line":64,"column":8},"end":{"line":66,"column":9}},"31":{"start":{"line":65,"column":12},"end":{"line":65,"column":86}},"32":{"start":{"line":68,"column":8},"end":{"line":68,"column":20}},"33":{"start":{"line":71,"column":19},"end":{"line":80,"column":5}},"34":{"start":{"line":72,"column":8},"end":{"line":72,"column":116}},"35":{"start":{"line":73,"column":8},"end":{"line":77,"column":9}},"36":{"start":{"line":74,"column":12},"end":{"line":76,"column":13}},"37":{"start":{"line":79,"column":8},"end":{"line":79,"column":20}},"38":{"start":{"line":82,"column":19},"end":{"line":84,"column":5}},"39":{"start":{"line":83,"column":8},"end":{"line":83,"column":63}},"40":{"start":{"line":10,"column":11},"end":{"line":10,"column":51}},"41":{"start":{"line":11,"column":11},"end":{"line":11,"column":69}},"42":{"start":{"line":12,"column":11},"end":{"line":12,"column":67}},"43":{"start":{"line":85,"column":0},"end":{"line":85,"column":1}},"44":{"start":{"line":5,"column":13},"end":{"line":85,"column":1}}},"fnMap":{"1":{"name":"(anonymous_1)","line":5,"loc":{"start":{"line":5,"column":0},"end":{"line":null,"column":-1}}},"2":{"name":"(anonymous_3)","line":14,"loc":{"start":{"line":14,"column":4},"end":{"line":14,"column":64}}},"3":{"name":"(anonymous_4)","line":24,"loc":{"start":{"line":24,"column":4},"end":{"line":24,"column":83}}},"4":{"name":"(anonymous_5)","line":30,"loc":{"start":{"line":30,"column":4},"end":{"line":30,"column":44}}},"5":{"name":"(anonymous_6)","line":35,"loc":{"start":{"line":35,"column":17},"end":{"line":35,"column":23}}},"6":{"name":"(anonymous_7)","line":36,"loc":{"start":{"line":36,"column":23},"end":{"line":36,"column":29}}},"7":{"name":"(anonymous_8)","line":37,"loc":{"start":{"line":37,"column":31},"end":{"line":37,"column":33}}},"8":{"name":"(anonymous_9)","line":47,"loc":{"start":{"line":47,"column":23},"end":{"line":null,"column":-1}}},"9":{"name":"(anonymous_10)","line":52,"loc":{"start":{"line":52,"column":4},"end":{"line":52,"column":49}}},"10":{"name":"(anonymous_11)","line":71,"loc":{"start":{"line":71,"column":4},"end":{"line":71,"column":53}}},"11":{"name":"(anonymous_12)","line":82,"loc":{"start":{"line":82,"column":4},"end":{"line":82,"column":56}}}},"branchMap":{"1":{"line":16,"type":"cond-expr","locations":[{"start":{"line":16,"column":75},"end":{"line":16,"column":76}},{"start":{"line":16,"column":79},"end":{"line":16,"column":97}}]},"2":{"line":16,"type":"binary-expr","locations":[{"start":{"line":16,"column":26},"end":{"line":16,"column":41}},{"start":{"line":16,"column":45},"end":{"line":16,"column":71}}]},"3":{"line":17,"type":"binary-expr","locations":[{"start":{"line":17,"column":34},"end":{"line":17,"column":41}},{"start":{"line":17,"column":45},"end":{"line":17,"column":72}}]},"4":{"line":18,"type":"binary-expr","locations":[{"start":{"line":18,"column":33},"end":{"line":18,"column":40}},{"start":{"line":18,"column":44},"end":{"line":18,"column":70}}]},"5":{"line":25,"type":"binary-expr","locations":[{"start":{"line":25,"column":55},"end":{"line":25,"column":62}},{"start":{"line":25,"column":66},"end":{"line":25,"column":84}}]},"6":{"line":26,"type":"binary-expr","locations":[{"start":{"line":26,"column":64},"end":{"line":26,"column":71}},{"start":{"line":26,"column":75},"end":{"line":26,"column":102}}]},"7":{"line":27,"type":"binary-expr","locations":[{"start":{"line":27,"column":63},"end":{"line":27,"column":70}},{"start":{"line":27,"column":74},"end":{"line":27,"column":100}}]},"8":{"line":40,"type":"if","locations":[{"start":{"line":40,"column":20},"end":{"line":40,"column":19}},{"start":{"line":40,"column":20},"end":{"line":40,"column":19}}]},"9":{"line":40,"type":"binary-expr","locations":[{"start":{"line":40,"column":24},"end":{"line":40,"column":36}},{"start":{"line":40,"column":40},"end":{"line":40,"column":52}}]},"10":{"line":53,"type":"binary-expr","locations":[{"start":{"line":53,"column":30},"end":{"line":53,"column":37}},{"start":{"line":53,"column":41},"end":{"line":53,"column":55}},{"start":{"line":53,"column":59},"end":{"line":53,"column":115}}]},"11":{"line":54,"type":"binary-expr","locations":[{"start":{"line":54,"column":24},"end":{"line":54,"column":31}},{"start":{"line":54,"column":35},"end":{"line":54,"column":49}},{"start":{"line":54,"column":53},"end":{"line":54,"column":109}}]},"12":{"line":55,"type":"binary-expr","locations":[{"start":{"line":55,"column":23},"end":{"line":55,"column":30}},{"start":{"line":55,"column":34},"end":{"line":55,"column":48}},{"start":{"line":55,"column":52},"end":{"line":55,"column":107}}]},"13":{"line":56,"type":"if","locations":[{"start":{"line":56,"column":8},"end":{"line":56,"column":7}},{"start":{"line":56,"column":8},"end":{"line":56,"column":7}}]},"14":{"line":57,"type":"if","locations":[{"start":{"line":57,"column":12},"end":{"line":57,"column":11}},{"start":{"line":57,"column":12},"end":{"line":57,"column":11}}]},"15":{"line":64,"type":"if","locations":[{"start":{"line":64,"column":8},"end":{"line":64,"column":7}},{"start":{"line":64,"column":8},"end":{"line":64,"column":7}}]},"16":{"line":64,"type":"binary-expr","locations":[{"start":{"line":64,"column":12},"end":{"line":64,"column":20}},{"start":{"line":64,"column":24},"end":{"line":64,"column":40}},{"start":{"line":64,"column":44},"end":{"line":64,"column":65}}]},"17":{"line":72,"type":"binary-expr","locations":[{"start":{"line":72,"column":30},"end":{"line":72,"column":37}},{"start":{"line":72,"column":41},"end":{"line":72,"column":55}},{"start":{"line":72,"column":59},"end":{"line":72,"column":115}}]},"18":{"line":73,"type":"if","locations":[{"start":{"line":73,"column":8},"end":{"line":73,"column":7}},{"start":{"line":73,"column":8},"end":{"line":73,"column":7}}]},"19":{"line":73,"type":"binary-expr","locations":[{"start":{"line":73,"column":13},"end":{"line":73,"column":34}},{"start":{"line":73,"column":39},"end":{"line":73,"column":56}}]}},"s":{"1":1,"2":2,"3":1,"4":6,"5":6,"6":6,"7":1,"8":0,"9":0,"10":0,"11":1,"12":6,"13":6,"14":0,"15":0,"16":0,"17":0,"18":0,"19":0,"20":0,"21":6,"22":0,"23":1,"24":6,"25":6,"26":6,"27":6,"28":0,"29":0,"30":6,"31":0,"32":6,"33":1,"34":6,"35":6,"36":0,"37":6,"38":1,"39":0,"40":1,"41":1,"42":1,"43":1,"44":1},"b":{"1":[5,1],"2":[6,1],"3":[6,1],"4":[6,1],"5":[0,0],"6":[0,0],"7":[0,0],"8":[0,0],"9":[0,0],"10":[6,6,0],"11":[6,6,0],"12":[6,6,0],"13":[0,6],"14":[0,0],"15":[0,6],"16":[6,0,0],"17":[6,6,0],"18":[0,6],"19":[6,0]},"f":{"1":2,"2":6,"3":0,"4":6,"5":0,"6":0,"7":0,"8":0,"9":6,"10":6,"11":0},"l":{"3":1,"5":2,"10":1,"11":1,"12":1,"14":1,"15":6,"20":6,"21":6,"24":1,"25":0,"26":0,"27":0,"30":1,"31":6,"32":6,"35":0,"37":0,"38":0,"39":0,"40":0,"41":0,"44":6,"48":0,"52":1,"53":6,"54":6,"55":6,"56":6,"57":0,"58":0,"64":6,"65":0,"68":6,"71":1,"72":6,"73":6,"74":0,"79":6,"82":1,"83":0,"85":1}},
"src\\app\\validators\\thumbprintValidator.ts":{"path":"src\\app\\validators\\thumbprintValidator.ts","statementMap":{"1":{"start":{"line":3,"column":0},"end":{"line":3,"column":44}},"2":{"start":{"line":4,"column":0},"end":{"line":13,"column":1}},"3":{"start":{"line":4,"column":59},"end":{"line":4,"column":84}},"4":{"start":{"line":5,"column":4},"end":{"line":5,"column":51}},"5":{"start":{"line":5,"column":39},"end":{"line":5,"column":51}},"6":{"start":{"line":6,"column":4},"end":{"line":6,"column":30}},"7":{"start":{"line":7,"column":4},"end":{"line":7,"column":39}},"8":{"start":{"line":7,"column":27},"end":{"line":7,"column":39}},"9":{"start":{"line":8,"column":4},"end":{"line":12,"column":6}},"10":{"start":{"line":4,"column":16},"end":{"line":13,"column":1}}},"fnMap":{"1":{"name":"thumbPrintValidation","line":4,"loc":{"start":{"line":4,"column":0},"end":{"line":4,"column":84}}}},"branchMap":{"1":{"line":4,"type":"if","locations":[{"start":{"line":4,"column":59},"end":{"line":4,"column":58}},{"start":{"line":4,"column":59},"end":{"line":4,"column":58}}]},"2":{"line":5,"type":"if","locations":[{"start":{"line":5,"column":4},"end":{"line":5,"column":3}},{"start":{"line":5,"column":4},"end":{"line":5,"column":3}}]},"3":{"line":5,"type":"binary-expr","locations":[{"start":{"line":5,"column":8},"end":{"line":5,"column":17}},{"start":{"line":5,"column":21},"end":{"line":5,"column":37}}]},"4":{"line":7,"type":"if","locations":[{"start":{"line":7,"column":4},"end":{"line":7,"column":3}},{"start":{"line":7,"column":4},"end":{"line":7,"column":3}}]}},"s":{"1":1,"2":1,"3":10,"4":5,"5":5,"6":0,"7":0,"8":0,"9":0,"10":1},"b":{"1":[5,0],"2":[5,0],"3":[5,5],"4":[0,0]},"f":{"1":5},"l":{"3":1,"4":10,"5":5,"6":0,"7":0,"8":0}},
"src\\app\\api\\PushConfiguration.ts":{"path":"src\\app\\api\\PushConfiguration.ts","statementMap":{"1":{"start":{"line":3,"column":0},"end":{"line":3,"column":38}},"2":{"start":{"line":4,"column":0},"end":{"line":4,"column":54}},"3":{"start":{"line":6,"column":0},"end":{"line":24,"column":1}},"4":{"start":{"line":13,"column":8},"end":{"line":18,"column":2}},"5":{"start":{"line":14,"column":2},"end":{"line":17,"column":5}},"6":{"start":{"line":20,"column":8},"end":{"line":23,"column":2}},"7":{"start":{"line":21,"column":2},"end":{"line":21,"column":105}},"8":{"start":{"line":22,"column":2},"end":{"line":22,"column":129}},"9":{"start":{"line":10,"column":8},"end":{"line":10,"column":44}},"10":{"start":{"line":11,"column":8},"end":{"line":11,"column":60}},"11":{"start":{"line":24,"column":0},"end":{"line":24,"column":1}},"12":{"start":{"line":6,"column":13},"end":{"line":24,"column":1}}},"fnMap":{"1":{"name":"(anonymous_1)","line":6,"loc":{"start":{"line":6,"column":0},"end":{"line":null,"column":-1}}},"2":{"name":"(anonymous_3)","line":13,"loc":{"start":{"line":13,"column":1},"end":{"line":13,"column":68}}},"3":{"name":"(anonymous_4)","line":20,"loc":{"start":{"line":20,"column":1},"end":{"line":20,"column":87}}}},"branchMap":{"1":{"line":15,"type":"binary-expr","locations":[{"start":{"line":15,"column":43},"end":{"line":15,"column":50}},{"start":{"line":15,"column":54},"end":{"line":15,"column":70}}]},"2":{"line":16,"type":"binary-expr","locations":[{"start":{"line":16,"column":59},"end":{"line":16,"column":66}},{"start":{"line":16,"column":70},"end":{"line":16,"column":94}}]},"3":{"line":21,"type":"binary-expr","locations":[{"start":{"line":21,"column":76},"end":{"line":21,"column":83}},{"start":{"line":21,"column":87},"end":{"line":21,"column":103}}]},"4":{"line":22,"type":"binary-expr","locations":[{"start":{"line":22,"column":92},"end":{"line":22,"column":99}},{"start":{"line":22,"column":103},"end":{"line":22,"column":127}}]}},"s":{"1":1,"2":1,"3":2,"4":1,"5":3,"6":1,"7":0,"8":0,"9":1,"10":1,"11":1,"12":1},"b":{"1":[3,0],"2":[3,0],"3":[0,0],"4":[0,0]},"f":{"1":1,"2":3,"3":0},"l":{"3":1,"4":1,"6":2,"10":1,"11":1,"13":1,"14":3,"20":1,"21":0,"22":0,"24":1}},
"src\\app\\api\\Protocol.ts":{"path":"src\\app\\api\\Protocol.ts","statementMap":{"1":{"start":{"line":3,"column":0},"end":{"line":3,"column":44}},"2":{"start":{"line":5,"column":0},"end":{"line":27,"column":1}},"3":{"start":{"line":14,"column":8},"end":{"line":20,"column":2}},"4":{"start":{"line":15,"column":2},"end":{"line":19,"column":5}},"5":{"start":{"line":22,"column":8},"end":{"line":26,"column":2}},"6":{"start":{"line":23,"column":2},"end":{"line":23,"column":90}},"7":{"start":{"line":24,"column":2},"end":{"line":24,"column":106}},"8":{"start":{"line":25,"column":2},"end":{"line":25,"column":120}},"9":{"start":{"line":10,"column":8},"end":{"line":10,"column":34}},"10":{"start":{"line":11,"column":8},"end":{"line":11,"column":50}},"11":{"start":{"line":12,"column":8},"end":{"line":12,"column":64}},"12":{"start":{"line":27,"column":0},"end":{"line":27,"column":1}},"13":{"start":{"line":5,"column":13},"end":{"line":27,"column":1}}},"fnMap":{"1":{"name":"(anonymous_1)","line":5,"loc":{"start":{"line":5,"column":0},"end":{"line":null,"column":-1}}},"2":{"name":"(anonymous_3)","line":14,"loc":{"start":{"line":14,"column":1},"end":{"line":14,"column":59}}},"3":{"name":"(anonymous_4)","line":22,"loc":{"start":{"line":22,"column":1},"end":{"line":22,"column":78}}}},"branchMap":{"1":{"line":16,"type":"binary-expr","locations":[{"start":{"line":16,"column":22},"end":{"line":16,"column":29}},{"start":{"line":16,"column":33},"end":{"line":16,"column":44}}]},"2":{"line":17,"type":"binary-expr","locations":[{"start":{"line":17,"column":33},"end":{"line":17,"column":40}},{"start":{"line":17,"column":44},"end":{"line":17,"column":63}}]},"3":{"line":18,"type":"binary-expr","locations":[{"start":{"line":18,"column":40},"end":{"line":18,"column":47}},{"start":{"line":18,"column":51},"end":{"line":18,"column":77}}]},"4":{"line":23,"type":"binary-expr","locations":[{"start":{"line":23,"column":42},"end":{"line":23,"column":49}},{"start":{"line":23,"column":53},"end":{"line":23,"column":64}}]},"5":{"line":24,"type":"binary-expr","locations":[{"start":{"line":24,"column":50},"end":{"line":24,"column":57}},{"start":{"line":24,"column":61},"end":{"line":24,"column":80}}]},"6":{"line":25,"type":"binary-expr","locations":[{"start":{"line":25,"column":57},"end":{"line":25,"column":64}},{"start":{"line":25,"column":68},"end":{"line":25,"column":94}}]}},"s":{"1":1,"2":2,"3":1,"4":3,"5":1,"6":0,"7":0,"8":0,"9":1,"10":1,"11":1,"12":1,"13":1},"b":{"1":[3,0],"2":[3,0],"3":[3,0],"4":[0,0],"5":[0,0],"6":[0,0]},"f":{"1":1,"2":3,"3":0},"l":{"3":1,"5":2,"10":1,"11":1,"12":1,"14":1,"15":3,"22":1,"23":0,"24":0,"25":0,"27":1}},
"src\\app\\api\\TlsConfiguration.ts":{"path":"src\\app\\api\\TlsConfiguration.ts","statementMap":{"1":{"start":{"line":3,"column":0},"end":{"line":3,"column":74}},"2":{"start":{"line":5,"column":0},"end":{"line":46,"column":1}},"3":{"start":{"line":14,"column":8},"end":{"line":22,"column":2}},"4":{"start":{"line":15,"column":2},"end":{"line":19,"column":5}},"5":{"start":{"line":20,"column":2},"end":{"line":20,"column":35}},"6":{"start":{"line":21,"column":2},"end":{"line":21,"column":14}},"7":{"start":{"line":24,"column":8},"end":{"line":28,"column":2}},"8":{"start":{"line":25,"column":2},"end":{"line":25,"column":102}},"9":{"start":{"line":26,"column":2},"end":{"line":26,"column":103}},"10":{"start":{"line":27,"column":2},"end":{"line":27,"column":159}},"11":{"start":{"line":30,"column":8},"end":{"line":33,"column":2}},"12":{"start":{"line":30,"column":1},"end":{"line":33,"column":2}},"13":{"start":{"line":31,"column":2},"end":{"line":31,"column":28}},"14":{"start":{"line":32,"column":2},"end":{"line":32,"column":101}},"15":{"start":{"line":32,"column":74},"end":{"line":32,"column":99}},"16":{"start":{"line":35,"column":8},"end":{"line":45,"column":2}},"17":{"start":{"line":36,"column":2},"end":{"line":36,"column":67}},"18":{"start":{"line":37,"column":2},"end":{"line":44,"column":3}},"19":{"start":{"line":38,"column":3},"end":{"line":38,"column":56}},"20":{"start":{"line":39,"column":3},"end":{"line":39,"column":72}},"21":{"start":{"line":42,"column":3},"end":{"line":42,"column":57}},"22":{"start":{"line":43,"column":3},"end":{"line":43,"column":73}},"23":{"start":{"line":10,"column":8},"end":{"line":10,"column":46}},"24":{"start":{"line":11,"column":8},"end":{"line":11,"column":48}},"25":{"start":{"line":12,"column":8},"end":{"line":12,"column":80}},"26":{"start":{"line":46,"column":0},"end":{"line":46,"column":1}},"27":{"start":{"line":5,"column":13},"end":{"line":46,"column":1}}},"fnMap":{"1":{"name":"(anonymous_1)","line":5,"loc":{"start":{"line":5,"column":0},"end":{"line":null,"column":-1}}},"2":{"name":"(anonymous_3)","line":14,"loc":{"start":{"line":14,"column":1},"end":{"line":14,"column":67}}},"3":{"name":"(anonymous_4)","line":24,"loc":{"start":{"line":24,"column":1},"end":{"line":24,"column":86}}},"4":{"name":"(anonymous_5)","line":30,"loc":{"start":{"line":30,"column":1},"end":{"line":30,"column":33}}},"5":{"name":"(anonymous_6)","line":32,"loc":{"start":{"line":32,"column":68},"end":{"line":32,"column":73}}},"6":{"name":"(anonymous_7)","line":35,"loc":{"start":{"line":35,"column":1},"end":{"line":35,"column":38}}}},"branchMap":{"1":{"line":16,"type":"binary-expr","locations":[{"start":{"line":16,"column":18},"end":{"line":16,"column":25}},{"start":{"line":16,"column":29},"end":{"line":16,"column":46}}]},"2":{"line":17,"type":"cond-expr","locations":[{"start":{"line":17,"column":66},"end":{"line":17,"column":67}},{"start":{"line":17,"column":70},"end":{"line":17,"column":88}}]},"3":{"line":17,"type":"binary-expr","locations":[{"start":{"line":17,"column":17},"end":{"line":17,"column":32}},{"start":{"line":17,"column":36},"end":{"line":17,"column":62}}]},"4":{"line":18,"type":"binary-expr","locations":[{"start":{"line":18,"column":79},"end":{"line":18,"column":86}},{"start":{"line":18,"column":90},"end":{"line":18,"column":124}}]},"5":{"line":25,"type":"binary-expr","locations":[{"start":{"line":25,"column":48},"end":{"line":25,"column":55}},{"start":{"line":25,"column":59},"end":{"line":25,"column":76}}]},"6":{"line":26,"type":"binary-expr","locations":[{"start":{"line":26,"column":49},"end":{"line":26,"column":56}},{"start":{"line":26,"column":60},"end":{"line":26,"column":77}}]},"7":{"line":27,"type":"binary-expr","locations":[{"start":{"line":27,"column":112},"end":{"line":27,"column":119}},{"start":{"line":27,"column":123},"end":{"line":27,"column":157}}]},"8":{"line":37,"type":"if","locations":[{"start":{"line":37,"column":2},"end":{"line":37,"column":1}},{"start":{"line":37,"column":2},"end":{"line":37,"column":1}}]}},"s":{"1":1,"2":2,"3":1,"4":5,"5":5,"6":5,"7":1,"8":0,"9":0,"10":0,"11":1,"12":5,"13":5,"14":5,"15":0,"16":1,"17":5,"18":5,"19":0,"20":0,"21":5,"22":5,"23":1,"24":1,"25":1,"26":1,"27":1},"b":{"1":[5,1],"2":[4,1],"3":[5,1],"4":[5,1],"5":[0,0],"6":[0,0],"7":[0,0],"8":[0,5]},"f":{"1":2,"2":5,"3":0,"4":5,"5":0,"6":5},"l":{"3":1,"5":2,"10":1,"11":1,"12":1,"14":1,"15":5,"20":5,"21":5,"24":1,"25":0,"26":0,"27":0,"30":5,"31":5,"32":5,"35":1,"36":5,"37":5,"38":0,"39":0,"42":5,"43":5,"46":1}},
"src\\app\\api\\ClientCertificateReference.ts":{"path":"src\\app\\api\\ClientCertificateReference.ts","statementMap":{"1":{"start":{"line":2,"column":0},"end":{"line":2,"column":92}},"2":{"start":{"line":3,"column":0},"end":{"line":3,"column":73}},"3":{"start":{"line":5,"column":0},"end":{"line":37,"column":1}},"4":{"start":{"line":12,"column":8},"end":{"line":19,"column":2}},"5":{"start":{"line":13,"column":2},"end":{"line":16,"column":5}},"6":{"start":{"line":17,"column":2},"end":{"line":17,"column":23}},"7":{"start":{"line":18,"column":2},"end":{"line":18,"column":14}},"8":{"start":{"line":21,"column":8},"end":{"line":24,"column":2}},"9":{"start":{"line":22,"column":2},"end":{"line":22,"column":134}},"10":{"start":{"line":23,"column":2},"end":{"line":23,"column":136}},"11":{"start":{"line":25,"column":8},"end":{"line":36,"column":2}},"12":{"start":{"line":26,"column":2},"end":{"line":26,"column":66}},"13":{"start":{"line":27,"column":2},"end":{"line":35,"column":6}},"14":{"start":{"line":30,"column":4},"end":{"line":30,"column":32}},"15":{"start":{"line":31,"column":4},"end":{"line":34,"column":50}},"16":{"start":{"line":32,"column":5},"end":{"line":32,"column":74}},"17":{"start":{"line":34,"column":5},"end":{"line":34,"column":50}},"18":{"start":{"line":9,"column":8},"end":{"line":9,"column":78}},"19":{"start":{"line":10,"column":8},"end":{"line":10,"column":80}},"20":{"start":{"line":37,"column":0},"end":{"line":37,"column":1}},"21":{"start":{"line":5,"column":13},"end":{"line":37,"column":1}}},"fnMap":{"1":{"name":"(anonymous_1)","line":5,"loc":{"start":{"line":5,"column":0},"end":{"line":null,"column":-1}}},"2":{"name":"(anonymous_3)","line":12,"loc":{"start":{"line":12,"column":1},"end":{"line":12,"column":77}}},"3":{"name":"(anonymous_4)","line":21,"loc":{"start":{"line":21,"column":1},"end":{"line":21,"column":96}}},"4":{"name":"(anonymous_5)","line":25,"loc":{"start":{"line":25,"column":1},"end":{"line":25,"column":33}}},"5":{"name":"(anonymous_6)","line":29,"loc":{"start":{"line":29,"column":14},"end":{"line":29,"column":29}}}},"branchMap":{"1":{"line":14,"type":"binary-expr","locations":[{"start":{"line":14,"column":31},"end":{"line":14,"column":38}},{"start":{"line":14,"column":42},"end":{"line":14,"column":75}}]},"2":{"line":15,"type":"binary-expr","locations":[{"start":{"line":15,"column":32},"end":{"line":15,"column":39}},{"start":{"line":15,"column":43},"end":{"line":15,"column":77}}]},"3":{"line":22,"type":"binary-expr","locations":[{"start":{"line":22,"column":64},"end":{"line":22,"column":71}},{"start":{"line":22,"column":75},"end":{"line":22,"column":108}}]},"4":{"line":23,"type":"binary-expr","locations":[{"start":{"line":23,"column":65},"end":{"line":23,"column":72}},{"start":{"line":23,"column":76},"end":{"line":23,"column":110}}]},"5":{"line":31,"type":"if","locations":[{"start":{"line":31,"column":4},"end":{"line":31,"column":3}},{"start":{"line":31,"column":4},"end":{"line":31,"column":3}}]}},"s":{"1":1,"2":1,"3":2,"4":1,"5":5,"6":5,"7":5,"8":1,"9":0,"10":0,"11":1,"12":5,"13":5,"14":5,"15":5,"16":5,"17":0,"18":1,"19":1,"20":1,"21":1},"b":{"1":[5,0],"2":[5,0],"3":[0,0],"4":[0,0],"5":[5,0]},"f":{"1":1,"2":5,"3":0,"4":5,"5":5},"l":{"2":1,"3":1,"5":2,"9":1,"10":1,"12":1,"13":5,"17":5,"18":5,"21":1,"22":0,"23":0,"25":1,"26":5,"27":5,"30":5,"31":5,"32":5,"34":0,"37":1}},
"src\\app\\api\\ReceiveErrorHandling.ts":{"path":"src\\app\\api\\ReceiveErrorHandling.ts","statementMap":{"1":{"start":{"line":4,"column":0},"end":{"line":34,"column":1}},"2":{"start":{"line":17,"column":8},"end":{"line":25,"column":2}},"3":{"start":{"line":18,"column":2},"end":{"line":24,"column":5}},"4":{"start":{"line":27,"column":8},"end":{"line":33,"column":2}},"5":{"start":{"line":28,"column":2},"end":{"line":28,"column":132}},"6":{"start":{"line":29,"column":2},"end":{"line":29,"column":132}},"7":{"start":{"line":30,"column":2},"end":{"line":30,"column":130}},"8":{"start":{"line":31,"column":2},"end":{"line":31,"column":140}},"9":{"start":{"line":32,"column":2},"end":{"line":32,"column":132}},"10":{"start":{"line":11,"column":8},"end":{"line":11,"column":52}},"11":{"start":{"line":12,"column":8},"end":{"line":12,"column":52}},"12":{"start":{"line":13,"column":8},"end":{"line":13,"column":50}},"13":{"start":{"line":14,"column":8},"end":{"line":14,"column":60}},"14":{"start":{"line":15,"column":8},"end":{"line":15,"column":52}},"15":{"start":{"line":34,"column":0},"end":{"line":34,"column":1}},"16":{"start":{"line":4,"column":13},"end":{"line":34,"column":1}}},"fnMap":{"1":{"name":"(anonymous_1)","line":4,"loc":{"start":{"line":4,"column":0},"end":{"line":null,"column":-1}}},"2":{"name":"(anonymous_3)","line":17,"loc":{"start":{"line":17,"column":1},"end":{"line":17,"column":71}}},"3":{"name":"(anonymous_4)","line":27,"loc":{"start":{"line":27,"column":1},"end":{"line":27,"column":90}}}},"branchMap":{"1":{"line":19,"type":"binary-expr","locations":[{"start":{"line":19,"column":21},"end":{"line":19,"column":28}},{"start":{"line":19,"column":32},"end":{"line":19,"column":52}}]},"2":{"line":20,"type":"cond-expr","locations":[{"start":{"line":20,"column":70},"end":{"line":20,"column":71}},{"start":{"line":20,"column":74},"end":{"line":20,"column":94}}]},"3":{"line":20,"type":"binary-expr","locations":[{"start":{"line":20,"column":19},"end":{"line":20,"column":34}},{"start":{"line":20,"column":38},"end":{"line":20,"column":66}}]},"4":{"line":21,"type":"binary-expr","locations":[{"start":{"line":21,"column":17},"end":{"line":21,"column":24}},{"start":{"line":21,"column":28},"end":{"line":21,"column":47}}]},"5":{"line":22,"type":"cond-expr","locations":[{"start":{"line":22,"column":78},"end":{"line":22,"column":83}},{"start":{"line":22,"column":86},"end":{"line":22,"column":110}}]},"6":{"line":22,"type":"binary-expr","locations":[{"start":{"line":22,"column":23},"end":{"line":22,"column":38}},{"start":{"line":22,"column":42},"end":{"line":22,"column":74}}]},"7":{"line":23,"type":"binary-expr","locations":[{"start":{"line":23,"column":18},"end":{"line":23,"column":25}},{"start":{"line":23,"column":29},"end":{"line":23,"column":49}}]},"8":{"line":28,"type":"binary-expr","locations":[{"start":{"line":28,"column":51},"end":{"line":28,"column":58}},{"start":{"line":28,"column":62},"end":{"line":28,"column":82}}]},"9":{"line":28,"type":"binary-expr","locations":[{"start":{"line":28,"column":94},"end":{"line":28,"column":104}},{"start":{"line":28,"column":108},"end":{"line":28,"column":128}}]},"10":{"line":29,"type":"binary-expr","locations":[{"start":{"line":29,"column":51},"end":{"line":29,"column":58}},{"start":{"line":29,"column":62},"end":{"line":29,"column":82}}]},"11":{"line":29,"type":"binary-expr","locations":[{"start":{"line":29,"column":94},"end":{"line":29,"column":104}},{"start":{"line":29,"column":108},"end":{"line":29,"column":128}}]},"12":{"line":30,"type":"binary-expr","locations":[{"start":{"line":30,"column":50},"end":{"line":30,"column":57}},{"start":{"line":30,"column":61},"end":{"line":30,"column":80}}]},"13":{"line":30,"type":"binary-expr","locations":[{"start":{"line":30,"column":92},"end":{"line":30,"column":102}},{"start":{"line":30,"column":106},"end":{"line":30,"column":126}}]},"14":{"line":31,"type":"binary-expr","locations":[{"start":{"line":31,"column":55},"end":{"line":31,"column":62}},{"start":{"line":31,"column":66},"end":{"line":31,"column":90}}]},"15":{"line":31,"type":"binary-expr","locations":[{"start":{"line":31,"column":102},"end":{"line":31,"column":112}},{"start":{"line":31,"column":116},"end":{"line":31,"column":136}}]},"16":{"line":32,"type":"binary-expr","locations":[{"start":{"line":32,"column":51},"end":{"line":32,"column":58}},{"start":{"line":32,"column":62},"end":{"line":32,"column":82}}]},"17":{"line":32,"type":"binary-expr","locations":[{"start":{"line":32,"column":94},"end":{"line":32,"column":104}},{"start":{"line":32,"column":108},"end":{"line":32,"column":128}}]}},"s":{"1":2,"2":1,"3":4,"4":1,"5":0,"6":0,"7":0,"8":0,"9":0,"10":1,"11":1,"12":1,"13":1,"14":1,"15":1,"16":1},"b":{"1":[4,1],"2":[3,1],"3":[4,1],"4":[4,1],"5":[3,1],"6":[4,1],"7":[4,1],"8":[0,0],"9":[0,0],"10":[0,0],"11":[0,0],"12":[0,0],"13":[0,0],"14":[0,0],"15":[0,0],"16":[0,0],"17":[0,0]},"f":{"1":2,"2":4,"3":0},"l":{"4":2,"11":1,"12":1,"13":1,"14":1,"15":1,"17":1,"18":4,"27":1,"28":0,"29":0,"30":0,"31":0,"32":0,"34":1}},
"src\\app\\api\\ReceiveReceiptHandling.ts":{"path":"src\\app\\api\\ReceiveReceiptHandling.ts","statementMap":{"1":{"start":{"line":4,"column":0},"end":{"line":4,"column":44}},"2":{"start":{"line":6,"column":0},"end":{"line":57,"column":1}},"3":{"start":{"line":17,"column":8},"end":{"line":26,"column":2}},"4":{"start":{"line":18,"column":2},"end":{"line":23,"column":5}},"5":{"start":{"line":24,"column":2},"end":{"line":24,"column":41}},"6":{"start":{"line":25,"column":2},"end":{"line":25,"column":14}},"7":{"start":{"line":28,"column":8},"end":{"line":34,"column":2}},"8":{"start":{"line":29,"column":2},"end":{"line":29,"column":132}},"9":{"start":{"line":30,"column":2},"end":{"line":30,"column":132}},"10":{"start":{"line":31,"column":2},"end":{"line":31,"column":130}},"11":{"start":{"line":32,"column":2},"end":{"line":32,"column":132}},"12":{"start":{"line":33,"column":2},"end":{"line":33,"column":132}},"13":{"start":{"line":36,"column":8},"end":{"line":41,"column":2}},"14":{"start":{"line":36,"column":1},"end":{"line":41,"column":2}},"15":{"start":{"line":37,"column":2},"end":{"line":37,"column":57}},"16":{"start":{"line":39,"column":2},"end":{"line":39,"column":81}},"17":{"start":{"line":39,"column":50},"end":{"line":39,"column":79}},"18":{"start":{"line":40,"column":2},"end":{"line":40,"column":32}},"19":{"start":{"line":43,"column":8},"end":{"line":56,"column":2}},"20":{"start":{"line":44,"column":2},"end":{"line":44,"column":53}},"21":{"start":{"line":45,"column":2},"end":{"line":45,"column":61}},"22":{"start":{"line":47,"column":2},"end":{"line":55,"column":3}},"23":{"start":{"line":49,"column":3},"end":{"line":49,"column":50}},"24":{"start":{"line":50,"column":3},"end":{"line":50,"column":24}},"25":{"start":{"line":53,"column":3},"end":{"line":53,"column":33}},"26":{"start":{"line":54,"column":3},"end":{"line":54,"column":25}},"27":{"start":{"line":12,"column":8},"end":{"line":12,"column":52}},"28":{"start":{"line":13,"column":8},"end":{"line":13,"column":52}},"29":{"start":{"line":14,"column":8},"end":{"line":14,"column":50}},"30":{"start":{"line":15,"column":8},"end":{"line":15,"column":52}},"31":{"start":{"line":57,"column":0},"end":{"line":57,"column":1}},"32":{"start":{"line":6,"column":13},"end":{"line":57,"column":1}}},"fnMap":{"1":{"name":"(anonymous_1)","line":6,"loc":{"start":{"line":6,"column":0},"end":{"line":null,"column":-1}}},"2":{"name":"(anonymous_3)","line":17,"loc":{"start":{"line":17,"column":1},"end":{"line":17,"column":73}}},"3":{"name":"(anonymous_4)","line":28,"loc":{"start":{"line":28,"column":1},"end":{"line":28,"column":92}}},"4":{"name":"(anonymous_5)","line":36,"loc":{"start":{"line":36,"column":1},"end":{"line":36,"column":33}}},"5":{"name":"(anonymous_6)","line":39,"loc":{"start":{"line":39,"column":40},"end":{"line":39,"column":46}}},"6":{"name":"(anonymous_7)","line":43,"loc":{"start":{"line":43,"column":1},"end":{"line":43,"column":42}}}},"branchMap":{"1":{"line":19,"type":"binary-expr","locations":[{"start":{"line":19,"column":34},"end":{"line":19,"column":41}},{"start":{"line":19,"column":45},"end":{"line":19,"column":65}}]},"2":{"line":20,"type":"cond-expr","locations":[{"start":{"line":20,"column":83},"end":{"line":20,"column":84}},{"start":{"line":20,"column":87},"end":{"line":20,"column":107}}]},"3":{"line":20,"type":"binary-expr","locations":[{"start":{"line":20,"column":32},"end":{"line":20,"column":47}},{"start":{"line":20,"column":51},"end":{"line":20,"column":79}}]},"4":{"line":21,"type":"binary-expr","locations":[{"start":{"line":21,"column":30},"end":{"line":21,"column":37}},{"start":{"line":21,"column":41},"end":{"line":21,"column":60}}]},"5":{"line":22,"type":"binary-expr","locations":[{"start":{"line":22,"column":31},"end":{"line":22,"column":38}},{"start":{"line":22,"column":42},"end":{"line":22,"column":62}}]},"6":{"line":29,"type":"binary-expr","locations":[{"start":{"line":29,"column":51},"end":{"line":29,"column":58}},{"start":{"line":29,"column":62},"end":{"line":29,"column":82}}]},"7":{"line":29,"type":"binary-expr","locations":[{"start":{"line":29,"column":94},"end":{"line":29,"column":104}},{"start":{"line":29,"column":108},"end":{"line":29,"column":128}}]},"8":{"line":30,"type":"binary-expr","locations":[{"start":{"line":30,"column":51},"end":{"line":30,"column":58}},{"start":{"line":30,"column":62},"end":{"line":30,"column":82}}]},"9":{"line":30,"type":"binary-expr","locations":[{"start":{"line":30,"column":94},"end":{"line":30,"column":104}},{"start":{"line":30,"column":108},"end":{"line":30,"column":128}}]},"10":{"line":31,"type":"binary-expr","locations":[{"start":{"line":31,"column":50},"end":{"line":31,"column":57}},{"start":{"line":31,"column":61},"end":{"line":31,"column":80}}]},"11":{"line":31,"type":"binary-expr","locations":[{"start":{"line":31,"column":92},"end":{"line":31,"column":102}},{"start":{"line":31,"column":106},"end":{"line":31,"column":126}}]},"12":{"line":32,"type":"binary-expr","locations":[{"start":{"line":32,"column":51},"end":{"line":32,"column":58}},{"start":{"line":32,"column":62},"end":{"line":32,"column":82}}]},"13":{"line":32,"type":"binary-expr","locations":[{"start":{"line":32,"column":94},"end":{"line":32,"column":104}},{"start":{"line":32,"column":108},"end":{"line":32,"column":128}}]},"14":{"line":33,"type":"binary-expr","locations":[{"start":{"line":33,"column":51},"end":{"line":33,"column":58}},{"start":{"line":33,"column":62},"end":{"line":33,"column":82}}]},"15":{"line":33,"type":"binary-expr","locations":[{"start":{"line":33,"column":94},"end":{"line":33,"column":104}},{"start":{"line":33,"column":108},"end":{"line":33,"column":128}}]},"16":{"line":47,"type":"if","locations":[{"start":{"line":47,"column":2},"end":{"line":47,"column":1}},{"start":{"line":47,"column":2},"end":{"line":47,"column":1}}]}},"s":{"1":1,"2":2,"3":1,"4":4,"5":4,"6":4,"7":1,"8":0,"9":0,"10":0,"11":0,"12":0,"13":1,"14":4,"15":4,"16":4,"17":0,"18":4,"19":1,"20":4,"21":4,"22":4,"23":1,"24":1,"25":3,"26":3,"27":1,"28":1,"29":1,"30":1,"31":1,"32":1},"b":{"1":[4,1],"2":[3,1],"3":[4,1],"4":[4,1],"5":[4,1],"6":[0,0],"7":[0,0],"8":[0,0],"9":[0,0],"10":[0,0],"11":[0,0],"12":[0,0],"13":[0,0],"14":[0,0],"15":[0,0],"16":[1,3]},"f":{"1":2,"2":4,"3":0,"4":4,"5":0,"6":4},"l":{"4":1,"6":2,"12":1,"13":1,"14":1,"15":1,"17":1,"18":4,"24":4,"25":4,"28":1,"29":0,"30":0,"31":0,"32":0,"33":0,"36":4,"37":4,"39":4,"40":4,"43":1,"44":4,"45":4,"47":4,"49":1,"50":1,"53":3,"54":3,"57":1}},
"src\\app\\api\\SigningVerification.ts":{"path":"src\\app\\api\\SigningVerification.ts","statementMap":{"1":{"start":{"line":4,"column":0},"end":{"line":18,"column":1}},"2":{"start":{"line":9,"column":8},"end":{"line":13,"column":2}},"3":{"start":{"line":10,"column":2},"end":{"line":12,"column":5}},"4":{"start":{"line":15,"column":8},"end":{"line":17,"column":2}},"5":{"start":{"line":16,"column":2},"end":{"line":16,"column":102}},"6":{"start":{"line":7,"column":8},"end":{"line":7,"column":46}},"7":{"start":{"line":18,"column":0},"end":{"line":18,"column":1}},"8":{"start":{"line":4,"column":13},"end":{"line":18,"column":1}}},"fnMap":{"1":{"name":"(anonymous_1)","line":4,"loc":{"start":{"line":4,"column":0},"end":{"line":null,"column":-1}}},"2":{"name":"(anonymous_3)","line":9,"loc":{"start":{"line":9,"column":1},"end":{"line":9,"column":70}}},"3":{"name":"(anonymous_4)","line":15,"loc":{"start":{"line":15,"column":1},"end":{"line":15,"column":89}}}},"branchMap":{"1":{"line":11,"type":"cond-expr","locations":[{"start":{"line":11,"column":64},"end":{"line":11,"column":65}},{"start":{"line":11,"column":68},"end":{"line":11,"column":85}}]},"2":{"line":11,"type":"binary-expr","locations":[{"start":{"line":11,"column":16},"end":{"line":11,"column":31}},{"start":{"line":11,"column":35},"end":{"line":11,"column":60}}]},"3":{"line":16,"type":"binary-expr","locations":[{"start":{"line":16,"column":48},"end":{"line":16,"column":55}},{"start":{"line":16,"column":59},"end":{"line":16,"column":76}}]}},"s":{"1":2,"2":1,"3":4,"4":1,"5":0,"6":1,"7":1,"8":1},"b":{"1":[3,1],"2":[4,1],"3":[0,0]},"f":{"1":2,"2":4,"3":0},"l":{"4":2,"7":1,"9":1,"10":4,"15":1,"16":0,"18":1}},
"src\\app\\api\\ReceiveSecurity.ts":{"path":"src\\app\\api\\ReceiveSecurity.ts","statementMap":{"1":{"start":{"line":3,"column":0},"end":{"line":3,"column":60}},"2":{"start":{"line":4,"column":0},"end":{"line":4,"column":42}},"3":{"start":{"line":6,"column":0},"end":{"line":24,"column":1}},"4":{"start":{"line":13,"column":8},"end":{"line":18,"column":2}},"5":{"start":{"line":14,"column":2},"end":{"line":17,"column":5}},"6":{"start":{"line":20,"column":8},"end":{"line":23,"column":2}},"7":{"start":{"line":21,"column":2},"end":{"line":21,"column":138}},"8":{"start":{"line":22,"column":2},"end":{"line":22,"column":111}},"9":{"start":{"line":10,"column":8},"end":{"line":10,"column":66}},"10":{"start":{"line":11,"column":8},"end":{"line":11,"column":48}},"11":{"start":{"line":24,"column":0},"end":{"line":24,"column":1}},"12":{"start":{"line":6,"column":13},"end":{"line":24,"column":1}}},"fnMap":{"1":{"name":"(anonymous_1)","line":6,"loc":{"start":{"line":6,"column":0},"end":{"line":null,"column":-1}}},"2":{"name":"(anonymous_3)","line":13,"loc":{"start":{"line":13,"column":1},"end":{"line":13,"column":66}}},"3":{"name":"(anonymous_4)","line":20,"loc":{"start":{"line":20,"column":1},"end":{"line":20,"column":85}}}},"branchMap":{"1":{"line":15,"type":"binary-expr","locations":[{"start":{"line":15,"column":65},"end":{"line":15,"column":72}},{"start":{"line":15,"column":76},"end":{"line":15,"column":103}}]},"2":{"line":16,"type":"binary-expr","locations":[{"start":{"line":16,"column":47},"end":{"line":16,"column":54}},{"start":{"line":16,"column":58},"end":{"line":16,"column":76}}]},"3":{"line":21,"type":"binary-expr","locations":[{"start":{"line":21,"column":98},"end":{"line":21,"column":105}},{"start":{"line":21,"column":109},"end":{"line":21,"column":136}}]},"4":{"line":22,"type":"binary-expr","locations":[{"start":{"line":22,"column":80},"end":{"line":22,"column":87}},{"start":{"line":22,"column":91},"end":{"line":22,"column":109}}]}},"s":{"1":1,"2":1,"3":2,"4":1,"5":4,"6":1,"7":0,"8":0,"9":1,"10":1,"11":1,"12":1},"b":{"1":[4,1],"2":[4,1],"3":[0,0],"4":[0,0]},"f":{"1":2,"2":4,"3":0},"l":{"3":1,"4":1,"6":2,"10":1,"11":1,"13":1,"14":4,"20":1,"21":0,"22":0,"24":1}},
"src\\app\\api\\ReceivingProcessingMode.ts":{"path":"src\\app\\api\\ReceivingProcessingMode.ts","statementMap":{"1":{"start":{"line":2,"column":0},"end":{"line":2,"column":79}},"2":{"start":{"line":3,"column":0},"end":{"line":3,"column":58}},"3":{"start":{"line":4,"column":0},"end":{"line":4,"column":66}},"4":{"start":{"line":5,"column":0},"end":{"line":5,"column":62}},"5":{"start":{"line":6,"column":0},"end":{"line":6,"column":52}},"6":{"start":{"line":7,"column":0},"end":{"line":7,"column":52}},"7":{"start":{"line":8,"column":0},"end":{"line":8,"column":54}},"8":{"start":{"line":9,"column":0},"end":{"line":9,"column":36}},"9":{"start":{"line":12,"column":0},"end":{"line":62,"column":1}},"10":{"start":{"line":35,"column":11},"end":{"line":48,"column":5}},"11":{"start":{"line":36,"column":8},"end":{"line":47,"column":11}},"12":{"start":{"line":50,"column":11},"end":{"line":61,"column":5}},"13":{"start":{"line":51,"column":8},"end":{"line":51,"column":118}},"14":{"start":{"line":52,"column":8},"end":{"line":52,"column":120}},"15":{"start":{"line":53,"column":8},"end":{"line":53,"column":134}},"16":{"start":{"line":54,"column":8},"end":{"line":54,"column":127}},"17":{"start":{"line":55,"column":8},"end":{"line":55,"column":139}},"18":{"start":{"line":56,"column":8},"end":{"line":56,"column":133}},"19":{"start":{"line":57,"column":8},"end":{"line":57,"column":136}},"20":{"start":{"line":58,"column":8},"end":{"line":58,"column":118}},"21":{"start":{"line":59,"column":8},"end":{"line":59,"column":135}},"22":{"start":{"line":60,"column":8},"end":{"line":60,"column":108}},"23":{"start":{"line":24,"column":11},"end":{"line":24,"column":35}},"24":{"start":{"line":25,"column":11},"end":{"line":25,"column":37}},"25":{"start":{"line":26,"column":11},"end":{"line":26,"column":51}},"26":{"start":{"line":27,"column":11},"end":{"line":27,"column":53}},"27":{"start":{"line":28,"column":11},"end":{"line":28,"column":61}},"28":{"start":{"line":29,"column":11},"end":{"line":29,"column":57}},"29":{"start":{"line":30,"column":11},"end":{"line":30,"column":65}},"30":{"start":{"line":31,"column":11},"end":{"line":31,"column":47}},"31":{"start":{"line":32,"column":11},"end":{"line":32,"column":63}},"32":{"start":{"line":33,"column":11},"end":{"line":33,"column":45}},"33":{"start":{"line":62,"column":0},"end":{"line":62,"column":1}},"34":{"start":{"line":12,"column":13},"end":{"line":62,"column":1}}},"fnMap":{"1":{"name":"(anonymous_1)","line":12,"loc":{"start":{"line":12,"column":0},"end":{"line":null,"column":-1}}},"2":{"name":"(anonymous_3)","line":35,"loc":{"start":{"line":35,"column":4},"end":{"line":35,"column":77}}},"3":{"name":"(anonymous_4)","line":50,"loc":{"start":{"line":50,"column":4},"end":{"line":50,"column":96}}}},"branchMap":{"1":{"line":37,"type":"binary-expr","locations":[{"start":{"line":37,"column":30},"end":{"line":37,"column":37}},{"start":{"line":37,"column":41},"end":{"line":37,"column":51}}]},"2":{"line":38,"type":"cond-expr","locations":[{"start":{"line":38,"column":74},"end":{"line":38,"column":75}},{"start":{"line":38,"column":78},"end":{"line":38,"column":89}}]},"3":{"line":38,"type":"binary-expr","locations":[{"start":{"line":38,"column":32},"end":{"line":38,"column":47}},{"start":{"line":38,"column":51},"end":{"line":38,"column":70}}]},"4":{"line":39,"type":"cond-expr","locations":[{"start":{"line":39,"column":88},"end":{"line":39,"column":89}},{"start":{"line":39,"column":92},"end":{"line":39,"column":110}}]},"5":{"line":39,"type":"binary-expr","locations":[{"start":{"line":39,"column":39},"end":{"line":39,"column":54}},{"start":{"line":39,"column":58},"end":{"line":39,"column":84}}]},"6":{"line":40,"type":"binary-expr","locations":[{"start":{"line":40,"column":78},"end":{"line":40,"column":85}},{"start":{"line":40,"column":89},"end":{"line":40,"column":108}}]},"7":{"line":41,"type":"binary-expr","locations":[{"start":{"line":41,"column":86},"end":{"line":41,"column":93}},{"start":{"line":41,"column":97},"end":{"line":41,"column":120}}]},"8":{"line":42,"type":"binary-expr","locations":[{"start":{"line":42,"column":82},"end":{"line":42,"column":89}},{"start":{"line":42,"column":93},"end":{"line":42,"column":114}}]},"9":{"line":43,"type":"binary-expr","locations":[{"start":{"line":43,"column":81},"end":{"line":43,"column":88}},{"start":{"line":43,"column":92},"end":{"line":43,"column":117}}]},"10":{"line":44,"type":"binary-expr","locations":[{"start":{"line":44,"column":72},"end":{"line":44,"column":79}},{"start":{"line":44,"column":83},"end":{"line":44,"column":99}}]},"11":{"line":45,"type":"binary-expr","locations":[{"start":{"line":45,"column":81},"end":{"line":45,"column":88}},{"start":{"line":45,"column":92},"end":{"line":45,"column":116}}]},"12":{"line":46,"type":"binary-expr","locations":[{"start":{"line":46,"column":63},"end":{"line":46,"column":70}},{"start":{"line":46,"column":74},"end":{"line":46,"column":89}}]},"13":{"line":51,"type":"binary-expr","locations":[{"start":{"line":51,"column":47},"end":{"line":51,"column":54}},{"start":{"line":51,"column":58},"end":{"line":51,"column":68}}]},"14":{"line":51,"type":"binary-expr","locations":[{"start":{"line":51,"column":80},"end":{"line":51,"column":90}},{"start":{"line":51,"column":94},"end":{"line":51,"column":114}}]},"15":{"line":52,"type":"binary-expr","locations":[{"start":{"line":52,"column":48},"end":{"line":52,"column":55}},{"start":{"line":52,"column":59},"end":{"line":52,"column":70}}]},"16":{"line":52,"type":"binary-expr","locations":[{"start":{"line":52,"column":82},"end":{"line":52,"column":92}},{"start":{"line":52,"column":96},"end":{"line":52,"column":116}}]},"17":{"line":53,"type":"binary-expr","locations":[{"start":{"line":53,"column":55},"end":{"line":53,"column":62}},{"start":{"line":53,"column":66},"end":{"line":53,"column":84}}]},"18":{"line":53,"type":"binary-expr","locations":[{"start":{"line":53,"column":96},"end":{"line":53,"column":106}},{"start":{"line":53,"column":110},"end":{"line":53,"column":130}}]},"19":{"line":54,"type":"binary-expr","locations":[{"start":{"line":54,"column":95},"end":{"line":54,"column":102}},{"start":{"line":54,"column":106},"end":{"line":54,"column":125}}]},"20":{"line":55,"type":"binary-expr","locations":[{"start":{"line":55,"column":103},"end":{"line":55,"column":110}},{"start":{"line":55,"column":114},"end":{"line":55,"column":137}}]},"21":{"line":56,"type":"binary-expr","locations":[{"start":{"line":56,"column":99},"end":{"line":56,"column":106}},{"start":{"line":56,"column":110},"end":{"line":56,"column":131}}]},"22":{"line":57,"type":"binary-expr","locations":[{"start":{"line":57,"column":98},"end":{"line":57,"column":105}},{"start":{"line":57,"column":109},"end":{"line":57,"column":134}}]},"23":{"line":58,"type":"binary-expr","locations":[{"start":{"line":58,"column":89},"end":{"line":58,"column":96}},{"start":{"line":58,"column":100},"end":{"line":58,"column":116}}]},"24":{"line":59,"type":"binary-expr","locations":[{"start":{"line":59,"column":98},"end":{"line":59,"column":105}},{"start":{"line":59,"column":109},"end":{"line":59,"column":133}}]},"25":{"line":60,"type":"binary-expr","locations":[{"start":{"line":60,"column":80},"end":{"line":60,"column":87}},{"start":{"line":60,"column":91},"end":{"line":60,"column":106}}]}},"s":{"1":1,"2":1,"3":1,"4":1,"5":1,"6":1,"7":1,"8":1,"9":2,"10":1,"11":2,"12":1,"13":0,"14":0,"15":0,"16":0,"17":0,"18":0,"19":0,"20":0,"21":0,"22":0,"23":1,"24":1,"25":1,"26":1,"27":1,"28":1,"29":1,"30":1,"31":1,"32":1,"33":1,"34":1},"b":{"1":[2,1],"2":[1,1],"3":[2,1],"4":[1,1],"5":[2,1],"6":[2,1],"7":[2,1],"8":[2,1],"9":[2,1],"10":[2,1],"11":[2,1],"12":[2,1],"13":[0,0],"14":[0,0],"15":[0,0],"16":[0,0],"17":[0,0],"18":[0,0],"19":[0,0],"20":[0,0],"21":[0,0],"22":[0,0],"23":[0,0],"24":[0,0],"25":[0,0]},"f":{"1":18,"2":2,"3":0},"l":{"2":1,"3":1,"4":1,"5":1,"6":1,"7":1,"8":1,"9":1,"12":2,"24":1,"25":1,"26":1,"27":1,"28":1,"29":1,"30":1,"31":1,"32":1,"33":1,"35":1,"36":2,"50":1,"51":0,"52":0,"53":0,"54":0,"55":0,"56":0,"57":0,"58":0,"59":0,"60":0,"62":1}},
"src\\app\\api\\ReceiveReliability.ts":{"path":"src\\app\\api\\ReceiveReliability.ts","statementMap":{"1":{"start":{"line":3,"column":0},"end":{"line":3,"column":62}},"2":{"start":{"line":5,"column":0},"end":{"line":20,"column":1}},"3":{"start":{"line":10,"column":8},"end":{"line":14,"column":2}},"4":{"start":{"line":11,"column":2},"end":{"line":13,"column":5}},"5":{"start":{"line":16,"column":8},"end":{"line":19,"column":2}},"6":{"start":{"line":17,"column":2},"end":{"line":17,"column":148}},"7":{"start":{"line":18,"column":2},"end":{"line":18,"column":141}},"8":{"start":{"line":8,"column":8},"end":{"line":8,"column":68}},"9":{"start":{"line":20,"column":0},"end":{"line":20,"column":1}},"10":{"start":{"line":5,"column":13},"end":{"line":20,"column":1}}},"fnMap":{"1":{"name":"(anonymous_1)","line":5,"loc":{"start":{"line":5,"column":0},"end":{"line":null,"column":-1}}},"2":{"name":"(anonymous_3)","line":10,"loc":{"start":{"line":10,"column":1},"end":{"line":10,"column":69}}},"3":{"name":"(anonymous_4)","line":16,"loc":{"start":{"line":16,"column":1},"end":{"line":16,"column":88}}}},"branchMap":{"1":{"line":12,"type":"binary-expr","locations":[{"start":{"line":12,"column":67},"end":{"line":12,"column":74}},{"start":{"line":12,"column":78},"end":{"line":12,"column":106}}]},"2":{"line":17,"type":"binary-expr","locations":[{"start":{"line":17,"column":59},"end":{"line":17,"column":66}},{"start":{"line":17,"column":70},"end":{"line":17,"column":98}}]},"3":{"line":17,"type":"binary-expr","locations":[{"start":{"line":17,"column":110},"end":{"line":17,"column":120}},{"start":{"line":17,"column":124},"end":{"line":17,"column":144}}]},"4":{"line":18,"type":"binary-expr","locations":[{"start":{"line":18,"column":100},"end":{"line":18,"column":107}},{"start":{"line":18,"column":111},"end":{"line":18,"column":139}}]}},"s":{"1":1,"2":2,"3":1,"4":2,"5":1,"6":0,"7":0,"8":1,"9":1,"10":1},"b":{"1":[2,0],"2":[0,0],"3":[0,0],"4":[0,0]},"f":{"1":1,"2":2,"3":0},"l":{"3":1,"5":2,"8":1,"10":1,"11":2,"16":1,"17":0,"18":0,"20":1}},
"src\\app\\api\\DuplicateElimination.ts":{"path":"src\\app\\api\\DuplicateElimination.ts","statementMap":{"1":{"start":{"line":4,"column":0},"end":{"line":18,"column":1}},"2":{"start":{"line":9,"column":8},"end":{"line":13,"column":2}},"3":{"start":{"line":10,"column":2},"end":{"line":12,"column":5}},"4":{"start":{"line":15,"column":8},"end":{"line":17,"column":2}},"5":{"start":{"line":16,"column":2},"end":{"line":16,"column":126}},"6":{"start":{"line":7,"column":8},"end":{"line":7,"column":46}},"7":{"start":{"line":18,"column":0},"end":{"line":18,"column":1}},"8":{"start":{"line":4,"column":13},"end":{"line":18,"column":1}}},"fnMap":{"1":{"name":"(anonymous_1)","line":4,"loc":{"start":{"line":4,"column":0},"end":{"line":null,"column":-1}}},"2":{"name":"(anonymous_3)","line":9,"loc":{"start":{"line":9,"column":1},"end":{"line":9,"column":71}}},"3":{"name":"(anonymous_4)","line":15,"loc":{"start":{"line":15,"column":1},"end":{"line":15,"column":90}}}},"branchMap":{"1":{"line":11,"type":"binary-expr","locations":[{"start":{"line":11,"column":18},"end":{"line":11,"column":25}},{"start":{"line":11,"column":29},"end":{"line":11,"column":46}}]},"2":{"line":16,"type":"binary-expr","locations":[{"start":{"line":16,"column":48},"end":{"line":16,"column":55}},{"start":{"line":16,"column":59},"end":{"line":16,"column":76}}]},"3":{"line":16,"type":"binary-expr","locations":[{"start":{"line":16,"column":88},"end":{"line":16,"column":98}},{"start":{"line":16,"column":102},"end":{"line":16,"column":122}}]}},"s":{"1":2,"2":1,"3":2,"4":1,"5":0,"6":1,"7":1,"8":1},"b":{"1":[2,0],"2":[0,0],"3":[0,0]},"f":{"1":1,"2":2,"3":0},"l":{"4":2,"7":1,"9":1,"10":2,"15":1,"16":0,"18":1}},
"src\\app\\api\\Receivehandling.ts":{"path":"src\\app\\api\\Receivehandling.ts","statementMap":{"1":{"start":{"line":4,"column":0},"end":{"line":4,"column":34}},"2":{"start":{"line":6,"column":0},"end":{"line":41,"column":1}},"3":{"start":{"line":13,"column":11},"end":{"line":21,"column":5}},"4":{"start":{"line":14,"column":8},"end":{"line":17,"column":11}},"5":{"start":{"line":19,"column":8},"end":{"line":19,"column":29}},"6":{"start":{"line":20,"column":8},"end":{"line":20,"column":20}},"7":{"start":{"line":23,"column":11},"end":{"line":26,"column":5}},"8":{"start":{"line":24,"column":8},"end":{"line":24,"column":132}},"9":{"start":{"line":25,"column":8},"end":{"line":25,"column":163}},"10":{"start":{"line":28,"column":11},"end":{"line":40,"column":5}},"11":{"start":{"line":28,"column":4},"end":{"line":40,"column":5}},"12":{"start":{"line":29,"column":8},"end":{"line":34,"column":9}},"13":{"start":{"line":30,"column":12},"end":{"line":30,"column":55}},"14":{"start":{"line":33,"column":12},"end":{"line":33,"column":56}},"15":{"start":{"line":36,"column":8},"end":{"line":39,"column":11}},"16":{"start":{"line":37,"column":12},"end":{"line":38,"column":61}},"17":{"start":{"line":37,"column":24},"end":{"line":37,"column":67}},"18":{"start":{"line":38,"column":17},"end":{"line":38,"column":61}},"19":{"start":{"line":10,"column":11},"end":{"line":10,"column":73}},"20":{"start":{"line":11,"column":11},"end":{"line":11,"column":55}},"21":{"start":{"line":41,"column":0},"end":{"line":41,"column":1}},"22":{"start":{"line":6,"column":13},"end":{"line":41,"column":1}}},"fnMap":{"1":{"name":"(anonymous_1)","line":6,"loc":{"start":{"line":6,"column":0},"end":{"line":null,"column":-1}}},"2":{"name":"(anonymous_3)","line":13,"loc":{"start":{"line":13,"column":4},"end":{"line":13,"column":69}}},"3":{"name":"(anonymous_4)","line":23,"loc":{"start":{"line":23,"column":4},"end":{"line":23,"column":88}}},"4":{"name":"(anonymous_5)","line":28,"loc":{"start":{"line":28,"column":4},"end":{"line":28,"column":36}}},"5":{"name":"(anonymous_6)","line":36,"loc":{"start":{"line":36,"column":74},"end":{"line":36,"column":80}}}},"branchMap":{"1":{"line":15,"type":"binary-expr","locations":[{"start":{"line":15,"column":39},"end":{"line":15,"column":46}},{"start":{"line":15,"column":50},"end":{"line":15,"column":79}}]},"2":{"line":16,"type":"binary-expr","locations":[{"start":{"line":16,"column":54},"end":{"line":16,"column":61}},{"start":{"line":16,"column":65},"end":{"line":16,"column":85}}]},"3":{"line":24,"type":"binary-expr","locations":[{"start":{"line":24,"column":66},"end":{"line":24,"column":73}},{"start":{"line":24,"column":77},"end":{"line":24,"column":106}}]},"4":{"line":25,"type":"binary-expr","locations":[{"start":{"line":25,"column":84},"end":{"line":25,"column":91}},{"start":{"line":25,"column":95},"end":{"line":25,"column":115}}]},"5":{"line":25,"type":"binary-expr","locations":[{"start":{"line":25,"column":117},"end":{"line":25,"column":127}},{"start":{"line":25,"column":131},"end":{"line":25,"column":161}}]},"6":{"line":29,"type":"if","locations":[{"start":{"line":29,"column":8},"end":{"line":29,"column":7}},{"start":{"line":29,"column":8},"end":{"line":29,"column":7}}]},"7":{"line":37,"type":"if","locations":[{"start":{"line":37,"column":12},"end":{"line":37,"column":11}},{"start":{"line":37,"column":12},"end":{"line":37,"column":11}}]}},"s":{"1":1,"2":2,"3":1,"4":2,"5":2,"6":2,"7":1,"8":0,"9":0,"10":1,"11":2,"12":2,"13":0,"14":2,"15":2,"16":0,"17":0,"18":0,"19":1,"20":1,"21":1,"22":1},"b":{"1":[2,0],"2":[2,0],"3":[0,0],"4":[0,0],"5":[0,0],"6":[0,2],"7":[0,0]},"f":{"1":1,"2":2,"3":0,"4":2,"5":0},"l":{"4":1,"6":2,"10":1,"11":1,"13":1,"14":2,"19":2,"20":2,"23":1,"24":0,"25":0,"28":2,"29":2,"30":0,"33":2,"36":2,"37":0,"38":0,"41":1}},
"src\\app\\api\\Method.ts":{"path":"src\\app\\api\\Method.ts","statementMap":{"1":{"start":{"line":3,"column":0},"end":{"line":3,"column":40}},"2":{"start":{"line":4,"column":0},"end":{"line":4,"column":44}},"3":{"start":{"line":6,"column":0},"end":{"line":31,"column":1}},"4":{"start":{"line":13,"column":8},"end":{"line":20,"column":2}},"5":{"start":{"line":14,"column":2},"end":{"line":17,"column":5}},"6":{"start":{"line":16,"column":119},"end":{"line":16,"column":155}},"7":{"start":{"line":18,"column":2},"end":{"line":18,"column":23}},"8":{"start":{"line":19,"column":2},"end":{"line":19,"column":14}},"9":{"start":{"line":22,"column":8},"end":{"line":26,"column":2}},"10":{"start":{"line":23,"column":2},"end":{"line":23,"column":90}},"11":{"start":{"line":24,"column":2},"end":{"line":24,"column":44}},"12":{"start":{"line":25,"column":2},"end":{"line":25,"column":182}},"13":{"start":{"line":25,"column":132},"end":{"line":25,"column":178}},"14":{"start":{"line":27,"column":8},"end":{"line":30,"column":2}},"15":{"start":{"line":28,"column":2},"end":{"line":29,"column":5}},"16":{"start":{"line":10,"column":8},"end":{"line":10,"column":36}},"17":{"start":{"line":11,"column":8},"end":{"line":11,"column":48}},"18":{"start":{"line":31,"column":0},"end":{"line":31,"column":1}},"19":{"start":{"line":6,"column":13},"end":{"line":31,"column":1}}},"fnMap":{"1":{"name":"(anonymous_1)","line":6,"loc":{"start":{"line":6,"column":0},"end":{"line":null,"column":-1}}},"2":{"name":"(anonymous_3)","line":13,"loc":{"start":{"line":13,"column":1},"end":{"line":13,"column":79}}},"3":{"name":"(anonymous_4)","line":16,"loc":{"start":{"line":16,"column":111},"end":{"line":16,"column":115}}},"4":{"name":"(anonymous_5)","line":22,"loc":{"start":{"line":22,"column":1},"end":{"line":22,"column":96}}},"5":{"name":"(anonymous_6)","line":25,"loc":{"start":{"line":25,"column":124},"end":{"line":25,"column":128}}},"6":{"name":"(anonymous_7)","line":27,"loc":{"start":{"line":27,"column":1},"end":{"line":27,"column":33}}},"7":{"name":"(anonymous_8)","line":28,"loc":{"start":{"line":28,"column":52},"end":{"line":28,"column":58}}}},"branchMap":{"1":{"line":15,"type":"binary-expr","locations":[{"start":{"line":15,"column":32},"end":{"line":15,"column":39}},{"start":{"line":15,"column":43},"end":{"line":15,"column":55}}]},"2":{"line":16,"type":"cond-expr","locations":[{"start":{"line":16,"column":83},"end":{"line":16,"column":85}},{"start":{"line":16,"column":88},"end":{"line":16,"column":156}}]},"3":{"line":16,"type":"binary-expr","locations":[{"start":{"line":16,"column":50},"end":{"line":16,"column":57}},{"start":{"line":16,"column":61},"end":{"line":16,"column":79}}]},"4":{"line":23,"type":"binary-expr","locations":[{"start":{"line":23,"column":43},"end":{"line":23,"column":50}},{"start":{"line":23,"column":54},"end":{"line":23,"column":66}}]},"5":{"line":25,"type":"cond-expr","locations":[{"start":{"line":25,"column":96},"end":{"line":25,"column":98}},{"start":{"line":25,"column":101},"end":{"line":25,"column":179}}]},"6":{"line":25,"type":"binary-expr","locations":[{"start":{"line":25,"column":63},"end":{"line":25,"column":70}},{"start":{"line":25,"column":74},"end":{"line":25,"column":92}}]}},"s":{"1":1,"2":1,"3":2,"4":1,"5":13,"6":0,"7":13,"8":13,"9":1,"10":0,"11":0,"12":0,"13":0,"14":1,"15":13,"16":1,"17":1,"18":1,"19":1},"b":{"1":[13,1],"2":[13,0],"3":[13,1],"4":[0,0],"5":[0,0],"6":[0,0]},"f":{"1":2,"2":13,"3":0,"4":0,"5":0,"6":13,"7":10},"l":{"3":1,"4":1,"6":2,"10":1,"11":1,"13":1,"14":13,"16":0,"18":13,"19":13,"22":1,"23":0,"24":0,"25":0,"27":1,"28":13,"31":1}},
"src\\app\\api\\Parameter.ts":{"path":"src\\app\\api\\Parameter.ts","statementMap":{"1":{"start":{"line":3,"column":0},"end":{"line":3,"column":44}},"2":{"start":{"line":5,"column":0},"end":{"line":25,"column":1}},"3":{"start":{"line":12,"column":8},"end":{"line":17,"column":2}},"4":{"start":{"line":13,"column":2},"end":{"line":16,"column":5}},"5":{"start":{"line":19,"column":8},"end":{"line":24,"column":2}},"6":{"start":{"line":20,"column":2},"end":{"line":20,"column":38}},"7":{"start":{"line":21,"column":2},"end":{"line":21,"column":81}},"8":{"start":{"line":22,"column":2},"end":{"line":22,"column":39}},"9":{"start":{"line":23,"column":2},"end":{"line":23,"column":83}},"10":{"start":{"line":9,"column":8},"end":{"line":9,"column":36}},"11":{"start":{"line":10,"column":8},"end":{"line":10,"column":38}},"12":{"start":{"line":25,"column":0},"end":{"line":25,"column":1}},"13":{"start":{"line":5,"column":13},"end":{"line":25,"column":1}}},"fnMap":{"1":{"name":"(anonymous_1)","line":5,"loc":{"start":{"line":5,"column":0},"end":{"line":null,"column":-1}}},"2":{"name":"(anonymous_3)","line":12,"loc":{"start":{"line":12,"column":1},"end":{"line":12,"column":82}}},"3":{"name":"(anonymous_4)","line":19,"loc":{"start":{"line":19,"column":1},"end":{"line":19,"column":79}}}},"branchMap":{"1":{"line":14,"type":"binary-expr","locations":[{"start":{"line":14,"column":32},"end":{"line":14,"column":39}},{"start":{"line":14,"column":43},"end":{"line":14,"column":55}}]},"2":{"line":15,"type":"binary-expr","locations":[{"start":{"line":15,"column":33},"end":{"line":15,"column":40}},{"start":{"line":15,"column":44},"end":{"line":15,"column":57}}]},"3":{"line":21,"type":"binary-expr","locations":[{"start":{"line":21,"column":55},"end":{"line":21,"column":62}},{"start":{"line":21,"column":66},"end":{"line":21,"column":78}}]},"4":{"line":23,"type":"binary-expr","locations":[{"start":{"line":23,"column":56},"end":{"line":23,"column":63}},{"start":{"line":23,"column":67},"end":{"line":23,"column":80}}]}},"s":{"1":1,"2":2,"3":1,"4":1,"5":1,"6":0,"7":0,"8":0,"9":0,"10":1,"11":1,"12":1,"13":1},"b":{"1":[1,1],"2":[1,1],"3":[0,0],"4":[0,0]},"f":{"1":1,"2":1,"3":0},"l":{"3":1,"5":2,"9":1,"10":1,"12":1,"13":1,"19":1,"20":0,"21":0,"22":0,"23":0,"25":1}},
"src\\app\\api\\MessagePackaging.ts":{"path":"src\\app\\api\\MessagePackaging.ts","statementMap":{"1":{"start":{"line":3,"column":0},"end":{"line":3,"column":40}},"2":{"start":{"line":4,"column":0},"end":{"line":4,"column":56}},"3":{"start":{"line":5,"column":0},"end":{"line":5,"column":52}},"4":{"start":{"line":7,"column":0},"end":{"line":30,"column":1}},"5":{"start":{"line":16,"column":8},"end":{"line":22,"column":2}},"6":{"start":{"line":17,"column":2},"end":{"line":21,"column":5}},"7":{"start":{"line":20,"column":127},"end":{"line":20,"column":169}},"8":{"start":{"line":24,"column":8},"end":{"line":29,"column":2}},"9":{"start":{"line":25,"column":2},"end":{"line":25,"column":126}},"10":{"start":{"line":26,"column":2},"end":{"line":26,"column":108}},"11":{"start":{"line":27,"column":2},"end":{"line":27,"column":132}},"12":{"start":{"line":28,"column":2},"end":{"line":28,"column":190}},"13":{"start":{"line":28,"column":144},"end":{"line":28,"column":186}},"14":{"start":{"line":12,"column":8},"end":{"line":12,"column":46}},"15":{"start":{"line":13,"column":8},"end":{"line":13,"column":62}},"16":{"start":{"line":14,"column":8},"end":{"line":14,"column":62}},"17":{"start":{"line":30,"column":0},"end":{"line":30,"column":1}},"18":{"start":{"line":7,"column":13},"end":{"line":30,"column":1}}},"fnMap":{"1":{"name":"(anonymous_1)","line":7,"loc":{"start":{"line":7,"column":0},"end":{"line":null,"column":-1}}},"2":{"name":"(anonymous_3)","line":16,"loc":{"start":{"line":16,"column":1},"end":{"line":16,"column":67}}},"3":{"name":"(anonymous_4)","line":20,"loc":{"start":{"line":20,"column":119},"end":{"line":20,"column":123}}},"4":{"name":"(anonymous_5)","line":24,"loc":{"start":{"line":24,"column":1},"end":{"line":24,"column":86}}},"5":{"name":"(anonymous_6)","line":28,"loc":{"start":{"line":28,"column":136},"end":{"line":28,"column":140}}}},"branchMap":{"1":{"line":18,"type":"binary-expr","locations":[{"start":{"line":18,"column":45},"end":{"line":18,"column":52}},{"start":{"line":18,"column":56},"end":{"line":18,"column":73}}]},"2":{"line":19,"type":"binary-expr","locations":[{"start":{"line":19,"column":61},"end":{"line":19,"column":68}},{"start":{"line":19,"column":72},"end":{"line":19,"column":97}}]},"3":{"line":20,"type":"cond-expr","locations":[{"start":{"line":20,"column":84},"end":{"line":20,"column":86}},{"start":{"line":20,"column":89},"end":{"line":20,"column":170}}]},"4":{"line":20,"type":"binary-expr","locations":[{"start":{"line":20,"column":44},"end":{"line":20,"column":51}},{"start":{"line":20,"column":55},"end":{"line":20,"column":80}}]},"5":{"line":25,"type":"binary-expr","locations":[{"start":{"line":25,"column":48},"end":{"line":25,"column":55}},{"start":{"line":25,"column":59},"end":{"line":25,"column":76}}]},"6":{"line":25,"type":"binary-expr","locations":[{"start":{"line":25,"column":88},"end":{"line":25,"column":98}},{"start":{"line":25,"column":102},"end":{"line":25,"column":122}}]},"7":{"line":26,"type":"binary-expr","locations":[{"start":{"line":26,"column":78},"end":{"line":26,"column":85}},{"start":{"line":26,"column":89},"end":{"line":26,"column":106}}]},"8":{"line":27,"type":"binary-expr","locations":[{"start":{"line":27,"column":94},"end":{"line":27,"column":101}},{"start":{"line":27,"column":105},"end":{"line":27,"column":130}}]},"9":{"line":28,"type":"cond-expr","locations":[{"start":{"line":28,"column":101},"end":{"line":28,"column":103}},{"start":{"line":28,"column":106},"end":{"line":28,"column":187}}]},"10":{"line":28,"type":"binary-expr","locations":[{"start":{"line":28,"column":61},"end":{"line":28,"column":68}},{"start":{"line":28,"column":72},"end":{"line":28,"column":97}}]}},"s":{"1":1,"2":1,"3":1,"4":2,"5":1,"6":2,"7":0,"8":1,"9":0,"10":0,"11":0,"12":0,"13":0,"14":1,"15":1,"16":1,"17":1,"18":1},"b":{"1":[2,0],"2":[2,0],"3":[2,0],"4":[2,0],"5":[0,0],"6":[0,0],"7":[0,0],"8":[0,0],"9":[0,0],"10":[0,0]},"f":{"1":1,"2":2,"3":0,"4":0,"5":0},"l":{"3":1,"4":1,"5":1,"7":2,"12":1,"13":1,"14":1,"16":1,"17":2,"20":0,"24":1,"25":0,"26":0,"27":0,"28":0,"30":1}},
"src\\app\\api\\PartyInfo.ts":{"path":"src\\app\\api\\PartyInfo.ts","statementMap":{"1":{"start":{"line":3,"column":0},"end":{"line":3,"column":32}},"2":{"start":{"line":5,"column":0},"end":{"line":23,"column":1}},"3":{"start":{"line":12,"column":8},"end":{"line":17,"column":2}},"4":{"start":{"line":13,"column":2},"end":{"line":16,"column":5}},"5":{"start":{"line":19,"column":8},"end":{"line":22,"column":2}},"6":{"start":{"line":20,"column":2},"end":{"line":20,"column":104}},"7":{"start":{"line":21,"column":2},"end":{"line":21,"column":100}},"8":{"start":{"line":9,"column":8},"end":{"line":9,"column":46}},"9":{"start":{"line":10,"column":8},"end":{"line":10,"column":42}},"10":{"start":{"line":23,"column":0},"end":{"line":23,"column":1}},"11":{"start":{"line":5,"column":13},"end":{"line":23,"column":1}}},"fnMap":{"1":{"name":"(anonymous_1)","line":5,"loc":{"start":{"line":5,"column":0},"end":{"line":null,"column":-1}}},"2":{"name":"(anonymous_3)","line":12,"loc":{"start":{"line":12,"column":1},"end":{"line":12,"column":60}}},"3":{"name":"(anonymous_4)","line":19,"loc":{"start":{"line":19,"column":1},"end":{"line":19,"column":79}}}},"branchMap":{"1":{"line":14,"type":"binary-expr","locations":[{"start":{"line":14,"column":41},"end":{"line":14,"column":48}},{"start":{"line":14,"column":52},"end":{"line":14,"column":69}}]},"2":{"line":15,"type":"binary-expr","locations":[{"start":{"line":15,"column":39},"end":{"line":15,"column":46}},{"start":{"line":15,"column":50},"end":{"line":15,"column":65}}]},"3":{"line":20,"type":"binary-expr","locations":[{"start":{"line":20,"column":74},"end":{"line":20,"column":81}},{"start":{"line":20,"column":85},"end":{"line":20,"column":102}}]},"4":{"line":21,"type":"binary-expr","locations":[{"start":{"line":21,"column":72},"end":{"line":21,"column":79}},{"start":{"line":21,"column":83},"end":{"line":21,"column":98}}]}},"s":{"1":1,"2":2,"3":1,"4":4,"5":1,"6":0,"7":0,"8":1,"9":1,"10":1,"11":1},"b":{"1":[4,0],"2":[4,0],"3":[0,0],"4":[0,0]},"f":{"1":1,"2":4,"3":0},"l":{"3":1,"5":2,"9":1,"10":1,"12":1,"13":4,"19":1,"20":0,"21":0,"23":1}},
"src\\app\\api\\Party.ts":{"path":"src\\app\\api\\Party.ts","statementMap":{"1":{"start":{"line":3,"column":0},"end":{"line":3,"column":36}},"2":{"start":{"line":5,"column":0},"end":{"line":24,"column":1}},"3":{"start":{"line":12,"column":8},"end":{"line":17,"column":2}},"4":{"start":{"line":13,"column":2},"end":{"line":16,"column":5}},"5":{"start":{"line":15,"column":100},"end":{"line":15,"column":134}},"6":{"start":{"line":19,"column":8},"end":{"line":23,"column":2}},"7":{"start":{"line":20,"column":2},"end":{"line":20,"column":116}},"8":{"start":{"line":21,"column":2},"end":{"line":21,"column":33}},"9":{"start":{"line":22,"column":2},"end":{"line":22,"column":155}},"10":{"start":{"line":22,"column":117},"end":{"line":22,"column":151}},"11":{"start":{"line":9,"column":8},"end":{"line":9,"column":36}},"12":{"start":{"line":10,"column":8},"end":{"line":10,"column":44}},"13":{"start":{"line":24,"column":0},"end":{"line":24,"column":1}},"14":{"start":{"line":5,"column":13},"end":{"line":24,"column":1}}},"fnMap":{"1":{"name":"(anonymous_1)","line":5,"loc":{"start":{"line":5,"column":0},"end":{"line":null,"column":-1}}},"2":{"name":"(anonymous_3)","line":12,"loc":{"start":{"line":12,"column":1},"end":{"line":12,"column":56}}},"3":{"name":"(anonymous_4)","line":15,"loc":{"start":{"line":15,"column":92},"end":{"line":15,"column":96}}},"4":{"name":"(anonymous_5)","line":19,"loc":{"start":{"line":19,"column":1},"end":{"line":19,"column":75}}},"5":{"name":"(anonymous_6)","line":22,"loc":{"start":{"line":22,"column":109},"end":{"line":22,"column":113}}}},"branchMap":{"1":{"line":14,"type":"binary-expr","locations":[{"start":{"line":14,"column":10},"end":{"line":14,"column":17}},{"start":{"line":14,"column":21},"end":{"line":14,"column":33}}]},"2":{"line":15,"type":"cond-expr","locations":[{"start":{"line":15,"column":66},"end":{"line":15,"column":68}},{"start":{"line":15,"column":71},"end":{"line":15,"column":135}}]},"3":{"line":15,"type":"binary-expr","locations":[{"start":{"line":15,"column":35},"end":{"line":15,"column":42}},{"start":{"line":15,"column":46},"end":{"line":15,"column":62}}]},"4":{"line":20,"type":"binary-expr","locations":[{"start":{"line":20,"column":43},"end":{"line":20,"column":50}},{"start":{"line":20,"column":54},"end":{"line":20,"column":66}}]},"5":{"line":20,"type":"binary-expr","locations":[{"start":{"line":20,"column":78},"end":{"line":20,"column":88}},{"start":{"line":20,"column":92},"end":{"line":20,"column":112}}]},"6":{"line":22,"type":"cond-expr","locations":[{"start":{"line":22,"column":83},"end":{"line":22,"column":85}},{"start":{"line":22,"column":88},"end":{"line":22,"column":152}}]},"7":{"line":22,"type":"binary-expr","locations":[{"start":{"line":22,"column":52},"end":{"line":22,"column":59}},{"start":{"line":22,"column":63},"end":{"line":22,"column":79}}]}},"s":{"1":1,"2":2,"3":1,"4":11,"5":0,"6":1,"7":0,"8":0,"9":0,"10":0,"11":1,"12":1,"13":1,"14":1},"b":{"1":[11,3],"2":[8,3],"3":[11,3],"4":[0,0],"5":[0,0],"6":[0,0],"7":[0,0]},"f":{"1":4,"2":11,"3":0,"4":0,"5":0},"l":{"3":1,"5":2,"9":1,"10":1,"12":1,"13":11,"15":0,"19":1,"20":0,"21":0,"22":0,"24":1}},
"src\\app\\api\\PartyId.ts":{"path":"src\\app\\api\\PartyId.ts","statementMap":{"1":{"start":{"line":4,"column":0},"end":{"line":25,"column":1}},"2":{"start":{"line":11,"column":8},"end":{"line":16,"column":2}},"3":{"start":{"line":12,"column":2},"end":{"line":15,"column":5}},"4":{"start":{"line":18,"column":8},"end":{"line":24,"column":2}},"5":{"start":{"line":19,"column":2},"end":{"line":19,"column":27}},"6":{"start":{"line":20,"column":2},"end":{"line":20,"column":68}},"7":{"start":{"line":21,"column":2},"end":{"line":21,"column":29}},"8":{"start":{"line":22,"column":2},"end":{"line":22,"column":72}},"9":{"start":{"line":8,"column":8},"end":{"line":8,"column":32}},"10":{"start":{"line":9,"column":8},"end":{"line":9,"column":36}},"11":{"start":{"line":25,"column":0},"end":{"line":25,"column":1}},"12":{"start":{"line":4,"column":13},"end":{"line":25,"column":1}}},"fnMap":{"1":{"name":"(anonymous_1)","line":4,"loc":{"start":{"line":4,"column":0},"end":{"line":null,"column":-1}}},"2":{"name":"(anonymous_3)","line":11,"loc":{"start":{"line":11,"column":1},"end":{"line":11,"column":58}}},"3":{"name":"(anonymous_4)","line":18,"loc":{"start":{"line":18,"column":1},"end":{"line":18,"column":77}}}},"branchMap":{"1":{"line":13,"type":"binary-expr","locations":[{"start":{"line":13,"column":8},"end":{"line":13,"column":15}},{"start":{"line":13,"column":19},"end":{"line":13,"column":29}}]},"2":{"line":14,"type":"binary-expr","locations":[{"start":{"line":14,"column":10},"end":{"line":14,"column":17}},{"start":{"line":14,"column":21},"end":{"line":14,"column":33}}]},"3":{"line":20,"type":"binary-expr","locations":[{"start":{"line":20,"column":44},"end":{"line":20,"column":51}},{"start":{"line":20,"column":55},"end":{"line":20,"column":65}}]},"4":{"line":22,"type":"binary-expr","locations":[{"start":{"line":22,"column":46},"end":{"line":22,"column":53}},{"start":{"line":22,"column":57},"end":{"line":22,"column":69}}]}},"s":{"1":2,"2":1,"3":2,"4":1,"5":0,"6":0,"7":0,"8":0,"9":1,"10":1,"11":1,"12":1},"b":{"1":[2,0],"2":[2,0],"3":[0,0],"4":[0,0]},"f":{"1":1,"2":2,"3":0},"l":{"4":2,"8":1,"9":1,"11":1,"12":2,"18":1,"19":0,"20":0,"21":0,"22":0,"25":1}},
"src\\app\\api\\CollaborationInfo.ts":{"path":"src\\app\\api\\CollaborationInfo.ts","statementMap":{"1":{"start":{"line":3,"column":0},"end":{"line":3,"column":40}},"2":{"start":{"line":4,"column":0},"end":{"line":4,"column":36}},"3":{"start":{"line":6,"column":0},"end":{"line":32,"column":1}},"4":{"start":{"line":17,"column":8},"end":{"line":24,"column":2}},"5":{"start":{"line":18,"column":2},"end":{"line":23,"column":5}},"6":{"start":{"line":26,"column":8},"end":{"line":31,"column":2}},"7":{"start":{"line":27,"column":2},"end":{"line":27,"column":120}},"8":{"start":{"line":28,"column":2},"end":{"line":28,"column":136}},"9":{"start":{"line":29,"column":2},"end":{"line":29,"column":126}},"10":{"start":{"line":30,"column":2},"end":{"line":30,"column":102}},"11":{"start":{"line":12,"column":8},"end":{"line":12,"column":40}},"12":{"start":{"line":13,"column":8},"end":{"line":13,"column":56}},"13":{"start":{"line":14,"column":8},"end":{"line":14,"column":64}},"14":{"start":{"line":15,"column":8},"end":{"line":15,"column":42}},"15":{"start":{"line":32,"column":0},"end":{"line":32,"column":1}},"16":{"start":{"line":6,"column":13},"end":{"line":32,"column":1}}},"fnMap":{"1":{"name":"(anonymous_1)","line":6,"loc":{"start":{"line":6,"column":0},"end":{"line":null,"column":-1}}},"2":{"name":"(anonymous_3)","line":17,"loc":{"start":{"line":17,"column":1},"end":{"line":17,"column":68}}},"3":{"name":"(anonymous_4)","line":26,"loc":{"start":{"line":26,"column":1},"end":{"line":26,"column":87}}}},"branchMap":{"1":{"line":19,"type":"binary-expr","locations":[{"start":{"line":19,"column":25},"end":{"line":19,"column":32}},{"start":{"line":19,"column":36},"end":{"line":19,"column":50}}]},"2":{"line":20,"type":"binary-expr","locations":[{"start":{"line":20,"column":33},"end":{"line":20,"column":40}},{"start":{"line":20,"column":44},"end":{"line":20,"column":66}}]},"3":{"line":21,"type":"binary-expr","locations":[{"start":{"line":21,"column":67},"end":{"line":21,"column":74}},{"start":{"line":21,"column":78},"end":{"line":21,"column":104}}]},"4":{"line":22,"type":"binary-expr","locations":[{"start":{"line":22,"column":54},"end":{"line":22,"column":61}},{"start":{"line":22,"column":65},"end":{"line":22,"column":80}}]},"5":{"line":27,"type":"binary-expr","locations":[{"start":{"line":27,"column":45},"end":{"line":27,"column":52}},{"start":{"line":27,"column":56},"end":{"line":27,"column":70}}]},"6":{"line":27,"type":"binary-expr","locations":[{"start":{"line":27,"column":82},"end":{"line":27,"column":92}},{"start":{"line":27,"column":96},"end":{"line":27,"column":116}}]},"7":{"line":28,"type":"binary-expr","locations":[{"start":{"line":28,"column":53},"end":{"line":28,"column":60}},{"start":{"line":28,"column":64},"end":{"line":28,"column":86}}]},"8":{"line":28,"type":"binary-expr","locations":[{"start":{"line":28,"column":98},"end":{"line":28,"column":108}},{"start":{"line":28,"column":112},"end":{"line":28,"column":132}}]},"9":{"line":29,"type":"binary-expr","locations":[{"start":{"line":29,"column":87},"end":{"line":29,"column":94}},{"start":{"line":29,"column":98},"end":{"line":29,"column":124}}]},"10":{"line":30,"type":"binary-expr","locations":[{"start":{"line":30,"column":74},"end":{"line":30,"column":81}},{"start":{"line":30,"column":85},"end":{"line":30,"column":100}}]}},"s":{"1":1,"2":1,"3":2,"4":1,"5":4,"6":1,"7":0,"8":0,"9":0,"10":0,"11":1,"12":1,"13":1,"14":1,"15":1,"16":1},"b":{"1":[4,0],"2":[4,0],"3":[4,0],"4":[4,0],"5":[0,0],"6":[0,0],"7":[0,0],"8":[0,0],"9":[0,0],"10":[0,0]},"f":{"1":1,"2":4,"3":0},"l":{"3":1,"4":1,"6":2,"12":1,"13":1,"14":1,"15":1,"17":1,"18":4,"26":1,"27":0,"28":0,"29":0,"30":0,"32":1}},
"src\\app\\api\\Agreement.ts":{"path":"src\\app\\api\\Agreement.ts","statementMap":{"1":{"start":{"line":4,"column":0},"end":{"line":26,"column":1}},"2":{"start":{"line":13,"column":8},"end":{"line":19,"column":2}},"3":{"start":{"line":14,"column":2},"end":{"line":18,"column":5}},"4":{"start":{"line":21,"column":8},"end":{"line":25,"column":2}},"5":{"start":{"line":22,"column":2},"end":{"line":22,"column":118}},"6":{"start":{"line":23,"column":2},"end":{"line":23,"column":116}},"7":{"start":{"line":24,"column":2},"end":{"line":24,"column":122}},"8":{"start":{"line":9,"column":8},"end":{"line":9,"column":38}},"9":{"start":{"line":10,"column":8},"end":{"line":10,"column":36}},"10":{"start":{"line":11,"column":8},"end":{"line":11,"column":42}},"11":{"start":{"line":26,"column":0},"end":{"line":26,"column":1}},"12":{"start":{"line":4,"column":13},"end":{"line":26,"column":1}}},"fnMap":{"1":{"name":"(anonymous_1)","line":4,"loc":{"start":{"line":4,"column":0},"end":{"line":null,"column":-1}}},"2":{"name":"(anonymous_3)","line":13,"loc":{"start":{"line":13,"column":1},"end":{"line":13,"column":60}}},"3":{"name":"(anonymous_4)","line":21,"loc":{"start":{"line":21,"column":1},"end":{"line":21,"column":79}}}},"branchMap":{"1":{"line":15,"type":"binary-expr","locations":[{"start":{"line":15,"column":24},"end":{"line":15,"column":31}},{"start":{"line":15,"column":35},"end":{"line":15,"column":48}}]},"2":{"line":16,"type":"binary-expr","locations":[{"start":{"line":16,"column":23},"end":{"line":16,"column":30}},{"start":{"line":16,"column":34},"end":{"line":16,"column":46}}]},"3":{"line":17,"type":"binary-expr","locations":[{"start":{"line":17,"column":26},"end":{"line":17,"column":33}},{"start":{"line":17,"column":37},"end":{"line":17,"column":52}}]},"4":{"line":22,"type":"binary-expr","locations":[{"start":{"line":22,"column":44},"end":{"line":22,"column":51}},{"start":{"line":22,"column":55},"end":{"line":22,"column":68}}]},"5":{"line":22,"type":"binary-expr","locations":[{"start":{"line":22,"column":80},"end":{"line":22,"column":90}},{"start":{"line":22,"column":94},"end":{"line":22,"column":114}}]},"6":{"line":23,"type":"binary-expr","locations":[{"start":{"line":23,"column":43},"end":{"line":23,"column":50}},{"start":{"line":23,"column":54},"end":{"line":23,"column":66}}]},"7":{"line":23,"type":"binary-expr","locations":[{"start":{"line":23,"column":78},"end":{"line":23,"column":88}},{"start":{"line":23,"column":92},"end":{"line":23,"column":112}}]},"8":{"line":24,"type":"binary-expr","locations":[{"start":{"line":24,"column":46},"end":{"line":24,"column":53}},{"start":{"line":24,"column":57},"end":{"line":24,"column":72}}]},"9":{"line":24,"type":"binary-expr","locations":[{"start":{"line":24,"column":84},"end":{"line":24,"column":94}},{"start":{"line":24,"column":98},"end":{"line":24,"column":118}}]}},"s":{"1":2,"2":1,"3":4,"4":1,"5":0,"6":0,"7":0,"8":1,"9":1,"10":1,"11":1,"12":1},"b":{"1":[4,0],"2":[4,0],"3":[4,0],"4":[0,0],"5":[0,0],"6":[0,0],"7":[0,0],"8":[0,0],"9":[0,0]},"f":{"1":1,"2":4,"3":0},"l":{"4":2,"9":1,"10":1,"11":1,"13":1,"14":4,"21":1,"22":0,"23":0,"24":0,"26":1}},
[...]
{"line":86,"column":11},"end":{"line":102,"column":5}},"49":{"start":{"line":86,"column":4},"end":{"line":102,"column":5}},"50":{"start":{"line":87,"column":8},"end":{"line":87,"column":45}},"51":{"start":{"line":91,"column":8},"end":{"line":100,"column":15}},"52":{"start":{"line":94,"column":16},"end":{"line":94,"column":78}},"53":{"start":{"line":95,"column":16},"end":{"line":95,"column":35}},"54":{"start":{"line":96,"column":16},"end":{"line":96,"column":35}},"55":{"start":{"line":98,"column":16},"end":{"line":98,"column":36}},"56":{"start":{"line":99,"column":16},"end":{"line":99,"column":35}},"57":{"start":{"line":101,"column":8},"end":{"line":101,"column":38}},"58":{"start":{"line":103,"column":11},"end":{"line":107,"column":5}},"59":{"start":{"line":103,"column":4},"end":{"line":107,"column":5}},"60":{"start":{"line":104,"column":8},"end":{"line":106,"column":78}},"61":{"start":{"line":106,"column":29},"end":{"line":106,"column":76}},"62":{"start":{"line":109,"column":12},"end":{"line":112,"column":5}},"63":{"start":{"line":110,"column":8},"end":{"line":111,"column":49}},"64":{"start":{"line":110,"column":32},"end":{"line":110,"column":60}},"65":{"start":{"line":111,"column":13},"end":{"line":111,"column":49}},"66":{"start":{"line":22,"column":0},"end":{"line":22,"column":13}},"67":{"start":{"line":113,"column":0},"end":{"line":113,"column":1}},"68":{"start":{"line":23,"column":13},"end":{"line":113,"column":1}}},"fnMap":{"1":{"name":"(anonymous_1)","line":23,"loc":{"start":{"line":23,"column":0},"end":{"line":null,"column":-1}}},"2":{"name":"SettingsService","line":24,"loc":{"start":{"line":24,"column":4},"end":{"line":24,"column":76}}},"3":{"name":"(anonymous_3)","line":27,"loc":{"start":{"line":27,"column":4},"end":{"line":null,"column":-1}}},"4":{"name":"(anonymous_4)","line":31,"loc":{"start":{"line":31,"column":23},"end":{"line":31,"column":29}}},"5":{"name":"(anonymous_5)","line":33,"loc":{"start":{"line":33,"column":4},"end":{"line":33,"column":38}}},"6":{"name":"(anonymous_6)","line":37,"loc":{"start":{"line":37,"column":23},"end":{"line":null,"column":-1}}},"7":{"name":"(anonymous_7)","line":40,"loc":{"start":{"line":40,"column":15},"end":{"line":null,"column":-1}}},"8":{"name":"(anonymous_8)","line":46,"loc":{"start":{"line":46,"column":4},"end":{"line":46,"column":52}}},"9":{"name":"(anonymous_9)","line":50,"loc":{"start":{"line":50,"column":23},"end":{"line":null,"column":-1}}},"10":{"name":"(anonymous_10)","line":53,"loc":{"start":{"line":53,"column":15},"end":{"line":null,"column":-1}}},"11":{"name":"(anonymous_11)","line":59,"loc":{"start":{"line":59,"column":4},"end":{"line":59,"column":58}}},"12":{"name":"(anonymous_12)","line":63,"loc":{"start":{"line":63,"column":23},"end":{"line":null,"column":-1}}},"13":{"name":"(anonymous_13)","line":66,"loc":{"start":{"line":66,"column":15},"end":{"line":null,"column":-1}}},"14":{"name":"(anonymous_14)","line":72,"loc":{"start":{"line":72,"column":4},"end":{"line":72,"column":61}}},"15":{"name":"(anonymous_15)","line":76,"loc":{"start":{"line":76,"column":23},"end":{"line":null,"column":-1}}},"16":{"name":"(anonymous_16)","line":80,"loc":{"start":{"line":80,"column":15},"end":{"line":null,"column":-1}}},"17":{"name":"(anonymous_17)","line":86,"loc":{"start":{"line":86,"column":4},"end":{"line":86,"column":83}}},"18":{"name":"(anonymous_18)","line":93,"loc":{"start":{"line":93,"column":23},"end":{"line":null,"column":-1}}},"19":{"name":"(anonymous_19)","line":97,"loc":{"start":{"line":97,"column":15},"end":{"line":null,"column":-1}}},"20":{"name":"(anonymous_20)","line":103,"loc":{"start":{"line":103,"column":4},"end":{"line":103,"column":61}}},"21":{"name":"(anonymous_21)","line":106,"loc":{"start":{"line":106,"column":23},"end":{"line":106,"column":28}}},"22":{"name":"(anonymous_22)","line":109,"loc":{"start":{"line":109,"column":4},"end":{"line":109,"column":32}}}},"branchMap":{"1":{"line":110,"type":"if","locations":[{"start":{"line":110,"column":8},"end":{"line":110,"column":7}},{"start":{"line":110,"column":8},"end":{"line":110,"column":7}}]}},"s":{"1":1,"2":1,"3":1,"4":1,"5":1,"6":1,"7":0,"8":0,"9":0,"10":1,"11":0,"12":0,"13":0,"14":1,"15":0,"16":0,"17":0,"18":0,"19":0,"20":0,"21":0,"22":1,"23":0,"24":0,"25":0,"26":0,"27":0,"28":0,"29":0,"30":1,"31":0,"32":0,"33":0,"34":0,"35":0,"36":0,"37":0,"38":1,"39":0,"40":0,"41":0,"42":0,"43":0,"44":0,"45":0,"46":0,"47":0,"48":1,"49":0,"50":0,"51":0,"52":0,"53":0,"54":0,"55":0,"56":0,"57":0,"58":1,"59":0,"60":0,"61":0,"62":1,"63":0,"64":0,"65":0,"66":1,"67":1,"68":1},"b":{"1":[0,0]},"f":{"1":1,"2":0,"3":0,"4":0,"5":0,"6":0,"7":0,"8":0,"9":0,"10":0,"11":0,"12":0,"13":0,"14":0,"15":0,"16":0,"17":0,"18":0,"19":0,"20":0,"21":0,"22":0},"l":{"2":1,"3":1,"5":1,"7":1,"22":1,"23":1,"24":1,"25":0,"27":1,"28":0,"31":0,"33":1,"34":0,"35":0,"38":0,"39":0,"41":0,"42":0,"44":0,"46":1,"47":0,"48":0,"51":0,"52":0,"54":0,"55":0,"57":0,"59":1,"60":0,"61":0,"64":0,"65":0,"67":0,"68":0,"70":0,"72":1,"73":0,"74":0,"77":0,"78":0,"79":0,"81":0,"82":0,"84":0,"86":1,"87":0,"91":0,"94":0,"95":0,"96":0,"98":0,"99":0,"101":0,"103":1,"104":0,"106":0,"109":1,"110":0,"111":0,"113":1}},
"src\\app\\settings\\settings.store.ts":{"path":"src\\app\\settings\\settings.store.ts","statementMap":{"1":{"start":{"line":2,"column":0},"end":{"line":2,"column":57}},"2":{"start":{"line":3,"column":0},"end":{"line":3,"column":43}},"3":{"start":{"line":5,"column":0},"end":{"line":5,"column":42}},"4":{"start":{"line":6,"column":0},"end":{"line":6,"column":45}},"5":{"start":{"line":14,"column":0},"end":{"line":52,"column":1}},"6":{"start":{"line":14,"column":35},"end":{"line":14,"column":56}},"7":{"start":{"line":15,"column":4},"end":{"line":19,"column":5}},"8":{"start":{"line":16,"column":8},"end":{"line":18,"column":11}},"9":{"start":{"line":20,"column":11},"end":{"line":24,"column":5}},"10":{"start":{"line":21,"column":8},"end":{"line":22,"column":54}},"11":{"start":{"line":21,"column":67},"end":{"line":21,"column":106}},"12":{"start":{"line":22,"column":13},"end":{"line":22,"column":54}},"13":{"start":{"line":23,"column":8},"end":{"line":23,"column":34}},"14":{"start":{"line":25,"column":11},"end":{"line":29,"column":5}},"15":{"start":{"line":26,"column":8},"end":{"line":27,"column":43}},"16":{"start":{"line":26,"column":67},"end":{"line":26,"column":130}},"17":{"start":{"line":27,"column":13},"end":{"line":27,"column":43}},"18":{"start":{"line":28,"column":8},"end":{"line":28,"column":34}},"19":{"start":{"line":30,"column":11},"end":{"line":40,"column":5}},"20":{"start":{"line":31,"column":8},"end":{"line":38,"column":9}},"21":{"start":{"line":31,"column":67},"end":{"line":31,"column":126}},"22":{"start":{"line":33,"column":12},"end":{"line":36,"column":13}},"23":{"start":{"line":34,"column":16},"end":{"line":34,"column":59}},"24":{"start":{"line":35,"column":16},"end":{"line":35,"column":23}},"25":{"start":{"line":37,"column":12},"end":{"line":37,"column":92}},"26":{"start":{"line":39,"column":8},"end":{"line":39,"column":34}},"27":{"start":{"line":41,"column":12},"end":{"line":43,"column":5}},"28":{"start":{"line":42,"column":8},"end":{"line":42,"column":97}},"29":{"start":{"line":44,"column":12},"end":{"line":46,"column":5}},"30":{"start":{"line":45,"column":8},"end":{"line":45,"column":172}},"31":{"start":{"line":45,"column":104},"end":{"line":45,"column":170}},"32":{"start":{"line":47,"column":12},"end":{"line":51,"column":5}},"33":{"start":{"line":48,"column":8},"end":{"line":48,"column":70}},"34":{"start":{"line":49,"column":8},"end":{"line":49,"column":96}},"35":{"start":{"line":49,"column":63},"end":{"line":49,"column":94}},"36":{"start":{"line":50,"column":8},"end":{"line":50,"column":34}},"37":{"start":{"line":13,"column":0},"end":{"line":13,"column":13}},"38":{"start":{"line":52,"column":0},"end":{"line":52,"column":1}},"39":{"start":{"line":14,"column":13},"end":{"line":52,"column":1}}},"fnMap":{"1":{"name":"(anonymous_1)","line":14,"loc":{"start":{"line":14,"column":0},"end":{"line":null,"column":-1}}},"2":{"name":"SettingsStore","line":15,"loc":{"start":{"line":15,"column":4},"end":{"line":null,"column":-1}}},"3":{"name":"(anonymous_3)","line":20,"loc":{"start":{"line":20,"column":4},"end":{"line":20,"column":79}}},"4":{"name":"(anonymous_4)","line":25,"loc":{"start":{"line":25,"column":4},"end":{"line":25,"column":57}}},"5":{"name":"(anonymous_5)","line":30,"loc":{"start":{"line":30,"column":4},"end":{"line":30,"column":54}}},"6":{"name":"(anonymous_6)","line":41,"loc":{"start":{"line":41,"column":4},"end":{"line":41,"column":67}}},"7":{"name":"(anonymous_7)","line":44,"loc":{"start":{"line":44,"column":4},"end":{"line":44,"column":85}}},"8":{"name":"(anonymous_8)","line":45,"loc":{"start":{"line":45,"column":97},"end":{"line":45,"column":100}}},"9":{"name":"(anonymous_9)","line":47,"loc":{"start":{"line":47,"column":4},"end":{"line":47,"column":66}}},"10":{"name":"(anonymous_10)","line":49,"loc":{"start":{"line":49,"column":56},"end":{"line":49,"column":59}}}},"branchMap":{"1":{"line":21,"type":"if","locations":[{"start":{"line":21,"column":8},"end":{"line":21,"column":7}},{"start":{"line":21,"column":8},"end":{"line":21,"column":7}}]},"2":{"line":26,"type":"if","locations":[{"start":{"line":26,"column":8},"end":{"line":26,"column":7}},{"start":{"line":26,"column":8},"end":{"line":26,"column":7}}]},"3":{"line":31,"type":"if","locations":[{"start":{"line":31,"column":8},"end":{"line":31,"column":7}},{"start":{"line":31,"column":8},"end":{"line":31,"column":7}}]},"4":{"line":33,"type":"if","locations":[{"start":{"line":33,"column":12},"end":{"line":33,"column":11}},{"start":{"line":33,"column":12},"end":{"line":33,"column":11}}]},"5":{"line":45,"type":"cond-expr","locations":[{"start":{"line":45,"column":132},"end":{"line":45,"column":164}},{"start":{"line":45,"column":167},"end":{"line":45,"column":170}}]}},"s":{"1":1,"2":1,"3":1,"4":1,"5":1,"6":1,"7":1,"8":40,"9":1,"10":2,"11":1,"12":1,"13":2,"14":1,"15":3,"16":2,"17":1,"18":3,"19":1,"20":3,"21":1,"22":2,"23":1,"24":1,"25":1,"26":2,"27":1,"28":1,"29":1,"30":1,"31":1,"32":1,"33":1,"34":1,"35":1,"36":1,"37":1,"38":1,"39":1},"b":{"1":[1,1],"2":[2,1],"3":[1,2],"4":[1,1],"5":[0,1]},"f":{"1":1,"2":40,"3":2,"4":3,"5":3,"6":1,"7":1,"8":1,"9":1,"10":1},"l":{"2":1,"3":1,"5":1,"6":1,"13":1,"14":1,"15":1,"16":40,"20":1,"21":2,"22":1,"23":2,"25":1,"26":3,"27":1,"28":3,"30":1,"31":3,"33":2,"34":1,"35":1,"37":1,"39":2,"41":1,"42":1,"44":1,"45":1,"47":1,"48":1,"49":1,"50":1,"52":1}},
"src\\app\\settings\\settings.service.mock.ts":{"path":"src\\app\\settings\\settings.service.mock.ts","statementMap":{"1":{"start":{"line":10,"column":0},"end":{"line":32,"column":1}},"2":{"start":{"line":11,"column":4},"end":{"line":13,"column":5}},"3":{"start":{"line":14,"column":4},"end":{"line":16,"column":5}},"4":{"start":{"line":17,"column":4},"end":{"line":19,"column":5}},"5":{"start":{"line":18,"column":8},"end":{"line":18,"column":20}},"6":{"start":{"line":20,"column":4},"end":{"line":22,"column":5}},"7":{"start":{"line":21,"column":8},"end":{"line":21,"column":20}},"8":{"start":{"line":23,"column":4},"end":{"line":25,"column":5}},"9":{"start":{"line":24,"column":8},"end":{"line":24,"column":20}},"10":{"start":{"line":26,"column":4},"end":{"line":28,"column":5}},"11":{"start":{"line":27,"column":8},"end":{"line":27,"column":20}},"12":{"start":{"line":29,"column":4},"end":{"line":31,"column":5}},"13":{"start":{"line":32,"column":0},"end":{"line":32,"column":1}},"14":{"start":{"line":10,"column":13},"end":{"line":32,"column":1}}},"fnMap":{"1":{"name":"(anonymous_1)","line":10,"loc":{"start":{"line":10,"column":0},"end":{"line":null,"column":-1}}},"2":{"name":"(anonymous_3)","line":11,"loc":{"start":{"line":11,"column":4},"end":{"line":null,"column":-1}}},"3":{"name":"(anonymous_4)","line":14,"loc":{"start":{"line":14,"column":4},"end":{"line":14,"column":31}}},"4":{"name":"(anonymous_5)","line":17,"loc":{"start":{"line":17,"column":4},"end":{"line":17,"column":45}}},"5":{"name":"(anonymous_6)","line":20,"loc":{"start":{"line":20,"column":4},"end":{"line":20,"column":51}}},"6":{"name":"(anonymous_7)","line":23,"loc":{"start":{"line":23,"column":4},"end":{"line":23,"column":54}}},"7":{"name":"(anonymous_8)","line":26,"loc":{"start":{"line":26,"column":4},"end":{"line":26,"column":76}}},"8":{"name":"(anonymous_9)","line":29,"loc":{"start":{"line":29,"column":4},"end":{"line":29,"column":54}}}},"branchMap":{},"s":{"1":2,"2":1,"3":1,"4":1,"5":0,"6":1,"7":0,"8":1,"9":0,"10":1,"11":0,"12":1,"13":1,"14":1},"b":{},"f":{"1":34,"2":0,"3":0,"4":0,"5":0,"6":0,"7":0,"8":1},"l":{"10":2,"11":1,"14":1,"17":1,"18":0,"20":1,"21":0,"23":1,"24":0,"26":1,"27":0,"29":1,"32":1}},
"src\\app\\settings\\receptionawarenessagent\\receptionawarenessagent.component.ts":{"path":"src\\app\\settings\\receptionawarenessagent\\receptionawarenessagent.component.ts","statementMap":{"1":{"start":{"line":1,"column":0},"end":{"line":1,"column":60}},"2":{"start":{"line":2,"column":0},"end":{"line":2,"column":56}},"3":{"start":{"line":3,"column":0},"end":{"line":3,"column":53}},"4":{"start":{"line":7,"column":0},"end":{"line":7,"column":62}},"5":{"start":{"line":8,"column":0},"end":{"line":8,"column":48}},"6":{"start":{"line":9,"column":0},"end":{"line":9,"column":52}},"7":{"start":{"line":11,"column":0},"end":{"line":11,"column":50}},"8":{"start":{"line":12,"column":0},"end":{"line":12,"column":58}},"9":{"start":{"line":13,"column":0},"end":{"line":13,"column":54}},"10":{"start":{"line":19,"column":0},"end":{"line":72,"column":1}},"11":{"start":{"line":26,"column":4},"end":{"line":44,"column":5}},"12":{"start":{"line":26,"column":24},"end":{"line":26,"column":48}},"13":{"start":{"line":26,"column":58},"end":{"line":26,"column":85}},"14":{"start":{"line":26,"column":95},"end":{"line":26,"column":127}},"15":{"start":{"line":27,"column":16},"end":{"line":27,"column":46}},"16":{"start":{"line":27,"column":56},"end":{"line":27,"column":82}},"17":{"start":{"line":27,"column":92},"end":{"line":27,"column":120}},"18":{"start":{"line":21,"column":11},"end":{"line":21,"column":61}},"19":{"start":{"line":23,"column":11},"end":{"line":23,"column":33}},"20":{"start":{"line":28,"column":8},"end":{"line":28,"column":66}},"21":{"start":{"line":29,"column":8},"end":{"line":37,"column":15}},"22":{"start":{"line":31,"column":30},"end":{"line":31,"column":87}},"23":{"start":{"line":32,"column":27},"end":{"line":32,"column":73}},"24":{"start":{"line":34,"column":16},"end":{"line":34,"column":39}},"25":{"start":{"line":35,"column":16},"end":{"line":35,"column":77}},"26":{"start":{"line":36,"column":16},"end":{"line":36,"column":87}},"27":{"start":{"line":38,"column":8},"end":{"line":43,"column":15}},"28":{"start":{"line":40,"column":30},"end":{"line":40,"column":63}},"29":{"start":{"line":42,"column":16},"end":{"line":42,"column":56}},"30":{"start":{"line":45,"column":4},"end":{"line":60,"column":5}},"31":{"start":{"line":46,"column":8},"end":{"line":49,"column":9}},"32":{"start":{"line":47,"column":12},"end":{"line":47,"column":47}},"33":{"start":{"line":48,"column":12},"end":{"line":48,"column":19}},"34":{"start":{"line":51,"column":8},"end":{"line":51,"column":37}},"35":{"start":{"line":52,"column":8},"end":{"line":53,"column":139}},"36":{"start":{"line":52,"column":24},"end":{"line":52,"column":126}},"37":{"start":{"line":53,"column":13},"end":{"line":53,"column":139}},"38":{"start":{"line":54,"column":8},"end":{"line":59,"column":11}},"39":{"start":{"line":55,"column":12},"end":{"line":58,"column":13}},"40":{"start":{"line":56,"column":16},"end":{"line":56,"column":43}},"41":{"start":{"line":57,"column":16},"end":{"line":57,"column":67}},"42":{"start":{"line":61,"column":4},"end":{"line":63,"column":5}},"43":{"start":{"line":62,"column":8},"end":{"line":62,"column":79}},"44":{"start":{"line":64,"column":4},"end":{"line":67,"column":5}},"45":{"start":{"line":65,"column":8},"end":{"line":65,"column":63}},"46":{"start":{"line":65,"column":56},"end":{"line":65,"column":63}},"47":{"start":{"line":66,"column":8},"end":{"line":66,"column":106}},"48":{"start":{"line":68,"column":4},"end":{"line":71,"column":5}},"49":{"start":{"line":69,"column":8},"end":{"line":69,"column":48}},"50":{"start":{"line":70,"column":8},"end":{"line":70,"column":47}},"51":{"start":{"line":15,"column":0},"end":{"line":18,"column":2}},"52":{"start":{"line":72,"column":0},"end":{"line":72,"column":1}},"53":{"start":{"line":19,"column":13},"end":{"line":72,"column":1}}},"fnMap":{"1":{"name":"(anonymous_1)","line":19,"loc":{"start":{"line":19,"column":0},"end":{"line":null,"column":-1}}},"2":{"name":"ReceptionAwarenessAgentComponent","line":26,"loc":{"start":{"line":26,"column":4},"end":{"line":27,"column":120}}},"3":{"name":"(anonymous_3)","line":31,"loc":{"start":{"line":31,"column":20},"end":{"line":31,"column":26}}},"4":{"name":"(anonymous_4)","line":32,"loc":{"start":{"line":32,"column":17},"end":{"line":32,"column":23}}},"5":{"name":"(anonymous_5)","line":33,"loc":{"start":{"line":33,"column":23},"end":{"line":33,"column":29}}},"6":{"name":"(anonymous_6)","line":40,"loc":{"start":{"line":40,"column":20},"end":{"line":40,"column":26}}},"7":{"name":"(anonymous_7)","line":41,"loc":{"start":{"line":41,"column":23},"end":{"line":41,"column":29}}},"8":{"name":"(anonymous_8)","line":45,"loc":{"start":{"line":45,"column":4},"end":{"line":null,"column":-1}}},"9":{"name":"(anonymous_9)","line":54,"loc":{"start":{"line":54,"column":22},"end":{"line":54,"column":28}}},"10":{"name":"(anonymous_10)","line":61,"loc":{"start":{"line":61,"column":4},"end":{"line":null,"column":-1}}},"11":{"name":"(anonymous_11)","line":64,"loc":{"start":{"line":64,"column":4},"end":{"line":null,"column":-1}}},"12":{"name":"(anonymous_12)","line":68,"loc":{"start":{"line":68,"column":4},"end":{"line":null,"column":-1}}}},"branchMap":{"1":{"line":31,"type":"binary-expr","locations":[{"start":{"line":31,"column":30},"end":{"line":31,"column":38}},{"start":{"line":31,"column":42},"end":{"line":31,"column":59}},{"start":{"line":31,"column":63},"end":{"line":31,"column":87}}]},"2":{"line":35,"type":"cond-expr","locations":[{"start":{"line":35,"column":48},"end":{"line":35,"column":67}},{"start":{"line":35,"column":70},"end":{"line":35,"column":76}}]},"3":{"line":40,"type":"binary-expr","locations":[{"start":{"line":40,"column":30},"end":{"line":40,"column":38}},{"start":{"line":40,"column":42},"end":{"line":40,"column":63}}]},"4":{"line":46,"type":"if","locations":[{"start":{"line":46,"column":8},"end":{"line":46,"column":7}},{"start":{"line":46,"column":8},"end":{"line":46,"column":7}}]},"5":{"line":52,"type":"if","locations":[{"start":{"line":52,"column":8},"end":{"line":52,"column":7}},{"start":{"line":52,"column":8},"end":{"line":52,"column":7}}]},"6":{"line":55,"type":"if","locations":[{"start":{"line":55,"column":12},"end":{"line":55,"column":11}},{"start":{"line":55,"column":12},"end":{"line":55,"column":11}}]},"7":{"line":65,"type":"if","locations":[{"start":{"line":65,"column":8},"end":{"line":65,"column":7}},{"start":{"line":65,"column":8},"end":{"line":65,"column":7}}]}},"s":{"1":1,"2":1,"3":1,"4":1,"5":1,"6":1,"7":1,"8":1,"9":1,"10":11,"11":1,"12":10,"13":10,"14":10,"15":10,"16":10,"17":10,"18":10,"19":10,"20":10,"21":10,"22":16,"23":6,"24":6,"25":6,"26":6,"27":10,"28":11,"29":1,"30":5,"31":4,"32":1,"33":1,"34":3,"35":3,"36":1,"37":2,"38":3,"39":3,"40":3,"41":3,"42":1,"43":2,"44":1,"45":2,"46":1,"47":1,"48":1,"49":0,"50":0,"51":1,"52":1,"53":1},"b":{"1":[16,6,6],"2":[1,5],"3":[11,1],"4":[1,3],"5":[1,2],"6":[3,0],"7":[1,1]},"f":{"1":1,"2":10,"3":16,"4":6,"5":6,"6":11,"7":1,"8":4,"9":3,"10":2,"11":2,"12":0},"l":{"1":1,"2":1,"3":1,"7":1,"8":1,"9":1,"11":1,"12":1,"13":1,"15":1,"19":11,"21":10,"23":10,"26":10,"27":10,"28":10,"29":10,"31":16,"32":6,"34":6,"35":6,"36":6,"38":10,"40":11,"42":1,"45":5,"46":4,"47":1,"48":1,"51":3,"52":3,"53":2,"54":3,"55":3,"56":3,"57":3,"61":1,"62":2,"64":1,"65":2,"66":1,"68":1,"69":0,"70":0,"72":1}}}
