{
"src\\app\\api\\Decryption.ts":{"path":"src\\app\\api\\Decryption.ts","statementMap":{"1":{"start":{"line":3,"column":0},"end":{"line":3,"column":72}},"2":{"start":{"line":5,"column":0},"end":{"line":null,"column":-1}},"3":{"start":{"line":14,"column":11},"end":{"line":22,"column":5}},"4":{"start":{"line":15,"column":19},"end":{"line":19,"column":10}},"5":{"start":{"line":20,"column":8},"end":{"line":20,"column":35}},"6":{"start":{"line":21,"column":8},"end":{"line":21,"column":20}},"7":{"start":{"line":24,"column":11},"end":{"line":28,"column":5}},"8":{"start":{"line":25,"column":8},"end":{"line":25,"column":110}},"9":{"start":{"line":26,"column":8},"end":{"line":26,"column":128}},"10":{"start":{"line":27,"column":8},"end":{"line":27,"column":126}},"11":{"start":{"line":30,"column":19},"end":{"line":50,"column":5}},"12":{"start":{"line":31,"column":21},"end":{"line":31,"column":84}},"13":{"start":{"line":32,"column":8},"end":{"line":43,"column":15}},"14":{"start":{"line":35,"column":27},"end":{"line":35,"column":34}},"15":{"start":{"line":37,"column":16},"end":{"line":42,"column":18}},"16":{"start":{"line":38,"column":30},"end":{"line":38,"column":42}},"17":{"start":{"line":39,"column":20},"end":{"line":39,"column":49}},"18":{"start":{"line":40,"column":20},"end":{"line":41,"column":39}},"19":{"start":{"line":40,"column":54},"end":{"line":40,"column":67}},"20":{"start":{"line":41,"column":25},"end":{"line":41,"column":39}},"21":{"start":{"line":44,"column":8},"end":{"line":49,"column":15}},"22":{"start":{"line":48,"column":16},"end":{"line":48,"column":88}},"23":{"start":{"line":52,"column":19},"end":{"line":69,"column":5}},"24":{"start":{"line":53,"column":30},"end":{"line":53,"column":115}},"25":{"start":{"line":54,"column":24},"end":{"line":54,"column":109}},"26":{"start":{"line":55,"column":23},"end":{"line":55,"column":107}},"27":{"start":{"line":56,"column":8},"end":{"line":62,"column":9}},"28":{"start":{"line":57,"column":12},"end":{"line":61,"column":13}},"29":{"start":{"line":58,"column":16},"end":{"line":60,"column":17}},"30":{"start":{"line":64,"column":8},"end":{"line":66,"column":9}},"31":{"start":{"line":65,"column":12},"end":{"line":65,"column":86}},"32":{"start":{"line":68,"column":8},"end":{"line":68,"column":20}},"33":{"start":{"line":71,"column":19},"end":{"line":80,"column":5}},"34":{"start":{"line":72,"column":30},"end":{"line":72,"column":115}},"35":{"start":{"line":73,"column":8},"end":{"line":77,"column":9}},"36":{"start":{"line":74,"column":12},"end":{"line":76,"column":13}},"37":{"start":{"line":79,"column":8},"end":{"line":79,"column":20}},"38":{"start":{"line":82,"column":19},"end":{"line":84,"column":5}},"39":{"start":{"line":83,"column":8},"end":{"line":83,"column":63}},"40":{"start":{"line":85,"column":0},"end":{"line":85,"column":1}},"41":{"start":{"line":10,"column":11},"end":{"line":10,"column":51}},"42":{"start":{"line":11,"column":11},"end":{"line":11,"column":69}},"43":{"start":{"line":12,"column":11},"end":{"line":12,"column":67}},"44":{"start":{"line":5,"column":13},"end":{"line":5,"column":23}}},"fnMap":{"1":{"name":"(anonymous_0)","line":5,"loc":{"start":{"line":5,"column":0},"end":{"line":5,"column":-1}}},"2":{"name":"Decryption","line":5,"loc":{"start":{"line":5,"column":0},"end":{"line":85,"column":1}}},"3":{"name":"(anonymous_2)","line":14,"loc":{"start":{"line":14,"column":64},"end":{"line":22,"column":5}}},"4":{"name":"(anonymous_3)","line":24,"loc":{"start":{"line":24,"column":83},"end":{"line":28,"column":5}}},"5":{"name":"(anonymous_4)","line":30,"loc":{"start":{"line":30,"column":44},"end":{"line":50,"column":5}}},"6":{"name":"(anonymous_5)","line":35,"loc":{"start":{"line":35,"column":23},"end":{"line":35,"column":34}}},"7":{"name":"(anonymous_6)","line":36,"loc":{"start":{"line":36,"column":29},"end":{"line":43,"column":13}}},"8":{"name":"(anonymous_7)","line":37,"loc":{"start":{"line":37,"column":33},"end":{"line":42,"column":17}}},"9":{"name":"(anonymous_8)","line":47,"loc":{"start":{"line":47,"column":23},"end":{"line":49,"column":13}}},"10":{"name":"(anonymous_9)","line":52,"loc":{"start":{"line":52,"column":49},"end":{"line":69,"column":5}}},"11":{"name":"(anonymous_10)","line":71,"loc":{"start":{"line":71,"column":53},"end":{"line":80,"column":5}}},"12":{"name":"(anonymous_11)","line":82,"loc":{"start":{"line":82,"column":56},"end":{"line":84,"column":5}}}},"branchMap":{"1":{"line":16,"type":"cond-expr","locations":[{"start":{"line":16,"column":75},"end":{"line":16,"column":76}},{"start":{"line":16,"column":79},"end":{"line":16,"column":97}}]},"2":{"line":16,"type":"binary-expr","locations":[{"start":{"line":16,"column":26},"end":{"line":16,"column":41}},{"start":{"line":16,"column":45},"end":{"line":16,"column":71}}]},"3":{"line":17,"type":"binary-expr","locations":[{"start":{"line":17,"column":34},"end":{"line":17,"column":41}},{"start":{"line":17,"column":45},"end":{"line":17,"column":72}}]},"4":{"line":18,"type":"binary-expr","locations":[{"start":{"line":18,"column":33},"end":{"line":18,"column":40}},{"start":{"line":18,"column":44},"end":{"line":18,"column":70}}]},"5":{"line":25,"type":"binary-expr","locations":[{"start":{"line":25,"column":55},"end":{"line":25,"column":62}},{"start":{"line":25,"column":66},"end":{"line":25,"column":84}}]},"6":{"line":26,"type":"binary-expr","locations":[{"start":{"line":26,"column":64},"end":{"line":26,"column":71}},{"start":{"line":26,"column":75},"end":{"line":26,"column":102}}]},"7":{"line":27,"type":"binary-expr","locations":[{"start":{"line":27,"column":63},"end":{"line":27,"column":70}},{"start":{"line":27,"column":74},"end":{"line":27,"column":100}}]},"8":{"line":40,"type":"if","locations":[{"start":{"line":40,"column":20},"end":{"line":41,"column":39}},{"start":{"line":40,"column":20},"end":{"line":41,"column":39}}]},"9":{"line":40,"type":"binary-expr","locations":[{"start":{"line":40,"column":24},"end":{"line":40,"column":36}},{"start":{"line":40,"column":40},"end":{"line":40,"column":52}}]},"10":{"line":53,"type":"binary-expr","locations":[{"start":{"line":53,"column":30},"end":{"line":53,"column":37}},{"start":{"line":53,"column":41},"end":{"line":53,"column":55}},{"start":{"line":53,"column":59},"end":{"line":53,"column":115}}]},"11":{"line":54,"type":"binary-expr","locations":[{"start":{"line":54,"column":24},"end":{"line":54,"column":31}},{"start":{"line":54,"column":35},"end":{"line":54,"column":49}},{"start":{"line":54,"column":53},"end":{"line":54,"column":109}}]},"12":{"line":55,"type":"binary-expr","locations":[{"start":{"line":55,"column":23},"end":{"line":55,"column":30}},{"start":{"line":55,"column":34},"end":{"line":55,"column":48}},{"start":{"line":55,"column":52},"end":{"line":55,"column":107}}]},"13":{"line":56,"type":"if","locations":[{"start":{"line":56,"column":8},"end":{"line":62,"column":9}},{"start":{"line":56,"column":8},"end":{"line":62,"column":9}}]},"14":{"line":57,"type":"if","locations":[{"start":{"line":57,"column":12},"end":{"line":61,"column":13}},{"start":{"line":57,"column":12},"end":{"line":61,"column":13}}]},"15":{"line":64,"type":"if","locations":[{"start":{"line":64,"column":8},"end":{"line":66,"column":9}},{"start":{"line":64,"column":8},"end":{"line":66,"column":9}}]},"16":{"line":64,"type":"binary-expr","locations":[{"start":{"line":64,"column":12},"end":{"line":64,"column":20}},{"start":{"line":64,"column":24},"end":{"line":64,"column":40}},{"start":{"line":64,"column":44},"end":{"line":64,"column":65}}]},"17":{"line":72,"type":"binary-expr","locations":[{"start":{"line":72,"column":30},"end":{"line":72,"column":37}},{"start":{"line":72,"column":41},"end":{"line":72,"column":55}},{"start":{"line":72,"column":59},"end":{"line":72,"column":115}}]},"18":{"line":73,"type":"if","locations":[{"start":{"line":73,"column":8},"end":{"line":77,"column":9}},{"start":{"line":73,"column":8},"end":{"line":77,"column":9}}]},"19":{"line":73,"type":"binary-expr","locations":[{"start":{"line":73,"column":13},"end":{"line":73,"column":34}},{"start":{"line":73,"column":39},"end":{"line":73,"column":56}}]}},"s":{"1":1,"2":1,"3":1,"4":6,"5":6,"6":6,"7":1,"8":0,"9":0,"10":0,"11":1,"12":6,"13":6,"14":0,"15":0,"16":0,"17":0,"18":0,"19":0,"20":0,"21":6,"22":0,"23":1,"24":6,"25":6,"26":6,"27":6,"28":0,"29":0,"30":6,"31":0,"32":6,"33":1,"34":6,"35":6,"36":0,"37":6,"38":1,"39":0,"40":1,"41":1,"42":1,"43":1,"44":1},"b":{"1":[5,1],"2":[6,1],"3":[6,1],"4":[6,1],"5":[0,0],"6":[0,0],"7":[0,0],"8":[0,0],"9":[0,0],"10":[6,6,0],"11":[6,6,0],"12":[6,6,0],"13":[0,6],"14":[0,0],"15":[0,6],"16":[6,0,0],"17":[6,6,0],"18":[0,6],"19":[6,0]},"f":{"1":1,"2":1,"3":6,"4":0,"5":6,"6":0,"7":0,"8":0,"9":0,"10":6,"11":6,"12":0},"l":{"3":1,"5":1,"10":1,"11":1,"12":1,"14":1,"15":6,"20":6,"21":6,"24":1,"25":0,"26":0,"27":0,"30":1,"31":6,"32":6,"35":0,"37":0,"38":0,"39":0,"40":0,"41":0,"44":6,"48":0,"52":1,"53":6,"54":6,"55":6,"56":6,"57":0,"58":0,"64":6,"65":0,"68":6,"71":1,"72":6,"73":6,"74":0,"79":6,"82":1,"83":0,"85":1}},
"src\\app\\validators\\thumbprintValidator.ts":{"path":"src\\app\\validators\\thumbprintValidator.ts","statementMap":{"1":{"start":{"line":3,"column":12},"end":{"line":3,"column":43}},"2":{"start":{"line":4,"column":59},"end":{"line":4,"column":84}},"3":{"start":{"line":5,"column":4},"end":{"line":7,"column":5}},"4":{"start":{"line":6,"column":8},"end":{"line":6,"column":20}},"5":{"start":{"line":8,"column":16},"end":{"line":8,"column":29}},"6":{"start":{"line":9,"column":4},"end":{"line":11,"column":5}},"7":{"start":{"line":10,"column":8},"end":{"line":10,"column":20}},"8":{"start":{"line":12,"column":4},"end":{"line":16,"column":6}},"9":{"start":{"line":4,"column":0},"end":{"line":17,"column":1}}},"fnMap":{"1":{"name":"thumbPrintValidation","line":4,"loc":{"start":{"line":4,"column":84},"end":{"line":17,"column":1}}}},"branchMap":{"1":{"line":4,"type":"if","locations":[{"start":{"line":4,"column":59},"end":{"line":4,"column":84}},{"start":{"line":4,"column":59},"end":{"line":4,"column":84}}]},"2":{"line":5,"type":"if","locations":[{"start":{"line":5,"column":4},"end":{"line":7,"column":5}},{"start":{"line":5,"column":4},"end":{"line":7,"column":5}}]},"3":{"line":5,"type":"binary-expr","locations":[{"start":{"line":5,"column":8},"end":{"line":5,"column":17}},{"start":{"line":5,"column":21},"end":{"line":5,"column":37}}]},"4":{"line":9,"type":"if","locations":[{"start":{"line":9,"column":4},"end":{"line":11,"column":5}},{"start":{"line":9,"column":4},"end":{"line":11,"column":5}}]}},"s":{"1":1,"2":10,"3":5,"4":5,"5":0,"6":0,"7":0,"8":0,"9":1},"b":{"1":[5,0],"2":[5,0],"3":[5,5],"4":[0,0]},"f":{"1":5},"l":{"3":1,"4":10,"5":5,"6":5,"8":0,"9":0,"10":0,"12":0}},
"src\\app\\api\\PushConfiguration.ts":{"path":"src\\app\\api\\PushConfiguration.ts","statementMap":{"1":{"start":{"line":3,"column":0},"end":{"line":3,"column":37}},"2":{"start":{"line":4,"column":0},"end":{"line":4,"column":53}},"3":{"start":{"line":6,"column":0},"end":{"line":null,"column":-1}},"4":{"start":{"line":13,"column":8},"end":{"line":18,"column":2}},"5":{"start":{"line":14,"column":2},"end":{"line":17,"column":5}},"6":{"start":{"line":20,"column":8},"end":{"line":23,"column":2}},"7":{"start":{"line":21,"column":2},"end":{"line":21,"column":105}},"8":{"start":{"line":22,"column":2},"end":{"line":22,"column":129}},"9":{"start":{"line":24,"column":0},"end":{"line":24,"column":1}},"10":{"start":{"line":10,"column":8},"end":{"line":10,"column":44}},"11":{"start":{"line":11,"column":8},"end":{"line":11,"column":60}},"12":{"start":{"line":6,"column":13},"end":{"line":6,"column":30}}},"fnMap":{"1":{"name":"(anonymous_0)","line":6,"loc":{"start":{"line":6,"column":0},"end":{"line":6,"column":-1}}},"2":{"name":"PushConfiguration","line":6,"loc":{"start":{"line":6,"column":0},"end":{"line":24,"column":1}}},"3":{"name":"(anonymous_2)","line":13,"loc":{"start":{"line":13,"column":68},"end":{"line":18,"column":2}}},"4":{"name":"(anonymous_3)","line":20,"loc":{"start":{"line":20,"column":87},"end":{"line":23,"column":2}}}},"branchMap":{"1":{"line":15,"type":"binary-expr","locations":[{"start":{"line":15,"column":43},"end":{"line":15,"column":50}},{"start":{"line":15,"column":54},"end":{"line":15,"column":70}}]},"2":{"line":16,"type":"binary-expr","locations":[{"start":{"line":16,"column":59},"end":{"line":16,"column":66}},{"start":{"line":16,"column":70},"end":{"line":16,"column":94}}]},"3":{"line":21,"type":"binary-expr","locations":[{"start":{"line":21,"column":76},"end":{"line":21,"column":83}},{"start":{"line":21,"column":87},"end":{"line":21,"column":103}}]},"4":{"line":22,"type":"binary-expr","locations":[{"start":{"line":22,"column":92},"end":{"line":22,"column":99}},{"start":{"line":22,"column":103},"end":{"line":22,"column":127}}]}},"s":{"1":1,"2":1,"3":1,"4":1,"5":3,"6":1,"7":0,"8":0,"9":1,"10":1,"11":1,"12":1},"b":{"1":[3,0],"2":[3,0],"3":[0,0],"4":[0,0]},"f":{"1":1,"2":0,"3":3,"4":0},"l":{"3":1,"4":1,"6":1,"10":1,"11":1,"13":1,"14":3,"20":1,"21":0,"22":0,"24":1}},
"src\\app\\api\\Protocol.ts":{"path":"src\\app\\api\\Protocol.ts","statementMap":{"1":{"start":{"line":3,"column":0},"end":{"line":3,"column":43}},"2":{"start":{"line":5,"column":0},"end":{"line":null,"column":-1}},"3":{"start":{"line":14,"column":8},"end":{"line":20,"column":2}},"4":{"start":{"line":15,"column":2},"end":{"line":19,"column":5}},"5":{"start":{"line":22,"column":8},"end":{"line":26,"column":2}},"6":{"start":{"line":23,"column":2},"end":{"line":23,"column":90}},"7":{"start":{"line":24,"column":2},"end":{"line":24,"column":106}},"8":{"start":{"line":25,"column":2},"end":{"line":25,"column":120}},"9":{"start":{"line":27,"column":0},"end":{"line":27,"column":1}},"10":{"start":{"line":10,"column":8},"end":{"line":10,"column":34}},"11":{"start":{"line":11,"column":8},"end":{"line":11,"column":50}},"12":{"start":{"line":12,"column":8},"end":{"line":12,"column":64}},"13":{"start":{"line":5,"column":13},"end":{"line":5,"column":21}}},"fnMap":{"1":{"name":"(anonymous_0)","line":5,"loc":{"start":{"line":5,"column":0},"end":{"line":5,"column":-1}}},"2":{"name":"Protocol","line":5,"loc":{"start":{"line":5,"column":0},"end":{"line":27,"column":1}}},"3":{"name":"(anonymous_2)","line":14,"loc":{"start":{"line":14,"column":59},"end":{"line":20,"column":2}}},"4":{"name":"(anonymous_3)","line":22,"loc":{"start":{"line":22,"column":78},"end":{"line":26,"column":2}}}},"branchMap":{"1":{"line":16,"type":"binary-expr","locations":[{"start":{"line":16,"column":22},"end":{"line":16,"column":29}},{"start":{"line":16,"column":33},"end":{"line":16,"column":44}}]},"2":{"line":17,"type":"binary-expr","locations":[{"start":{"line":17,"column":33},"end":{"line":17,"column":40}},{"start":{"line":17,"column":44},"end":{"line":17,"column":63}}]},"3":{"line":18,"type":"binary-expr","locations":[{"start":{"line":18,"column":40},"end":{"line":18,"column":47}},{"start":{"line":18,"column":51},"end":{"line":18,"column":77}}]},"4":{"line":23,"type":"binary-expr","locations":[{"start":{"line":23,"column":42},"end":{"line":23,"column":49}},{"start":{"line":23,"column":53},"end":{"line":23,"column":64}}]},"5":{"line":24,"type":"binary-expr","locations":[{"start":{"line":24,"column":50},"end":{"line":24,"column":57}},{"start":{"line":24,"column":61},"end":{"line":24,"column":80}}]},"6":{"line":25,"type":"binary-expr","locations":[{"start":{"line":25,"column":57},"end":{"line":25,"column":64}},{"start":{"line":25,"column":68},"end":{"line":25,"column":94}}]}},"s":{"1":1,"2":1,"3":1,"4":3,"5":1,"6":0,"7":0,"8":0,"9":1,"10":1,"11":1,"12":1,"13":1},"b":{"1":[3,0],"2":[3,0],"3":[3,0],"4":[0,0],"5":[0,0],"6":[0,0]},"f":{"1":1,"2":0,"3":3,"4":0},"l":{"3":1,"5":1,"10":1,"11":1,"12":1,"14":1,"15":3,"22":1,"23":0,"24":0,"25":0,"27":1}},
"src\\app\\api\\TlsConfiguration.ts":{"path":"src\\app\\api\\TlsConfiguration.ts","statementMap":{"1":{"start":{"line":3,"column":0},"end":{"line":3,"column":73}},"2":{"start":{"line":5,"column":0},"end":{"line":null,"column":-1}},"3":{"start":{"line":14,"column":8},"end":{"line":22,"column":2}},"4":{"start":{"line":15,"column":13},"end":{"line":19,"column":4}},"5":{"start":{"line":20,"column":2},"end":{"line":20,"column":35}},"6":{"start":{"line":21,"column":2},"end":{"line":21,"column":14}},"7":{"start":{"line":24,"column":8},"end":{"line":28,"column":2}},"8":{"start":{"line":25,"column":2},"end":{"line":25,"column":102}},"9":{"start":{"line":26,"column":2},"end":{"line":26,"column":103}},"10":{"start":{"line":27,"column":2},"end":{"line":27,"column":159}},"11":{"start":{"line":30,"column":8},"end":{"line":33,"column":2}},"12":{"start":{"line":30,"column":1},"end":{"line":33,"column":1}},"13":{"start":{"line":31,"column":2},"end":{"line":31,"column":28}},"14":{"start":{"line":32,"column":2},"end":{"line":32,"column":101}},"15":{"start":{"line":32,"column":74},"end":{"line":32,"column":99}},"16":{"start":{"line":35,"column":8},"end":{"line":45,"column":2}},"17":{"start":{"line":36,"column":18},"end":{"line":36,"column":66}},"18":{"start":{"line":37,"column":2},"end":{"line":44,"column":3}},"19":{"start":{"line":38,"column":3},"end":{"line":38,"column":56}},"20":{"start":{"line":39,"column":3},"end":{"line":39,"column":72}},"21":{"start":{"line":42,"column":3},"end":{"line":42,"column":57}},"22":{"start":{"line":43,"column":3},"end":{"line":43,"column":73}},"23":{"start":{"line":46,"column":0},"end":{"line":46,"column":1}},"24":{"start":{"line":10,"column":8},"end":{"line":10,"column":46}},"25":{"start":{"line":11,"column":8},"end":{"line":11,"column":48}},"26":{"start":{"line":12,"column":8},"end":{"line":12,"column":80}},"27":{"start":{"line":5,"column":13},"end":{"line":5,"column":29}}},"fnMap":{"1":{"name":"(anonymous_0)","line":5,"loc":{"start":{"line":5,"column":0},"end":{"line":5,"column":-1}}},"2":{"name":"TlsConfiguration","line":5,"loc":{"start":{"line":5,"column":0},"end":{"line":46,"column":1}}},"3":{"name":"(anonymous_2)","line":14,"loc":{"start":{"line":14,"column":67},"end":{"line":22,"column":2}}},"4":{"name":"(anonymous_3)","line":24,"loc":{"start":{"line":24,"column":86},"end":{"line":28,"column":2}}},"5":{"name":"(anonymous_4)","line":30,"loc":{"start":{"line":30,"column":33},"end":{"line":33,"column":2}}},"6":{"name":"(anonymous_5)","line":32,"loc":{"start":{"line":32,"column":68},"end":{"line":32,"column":99}}},"7":{"name":"(anonymous_6)","line":35,"loc":{"start":{"line":35,"column":38},"end":{"line":45,"column":2}}}},"branchMap":{"1":{"line":16,"type":"binary-expr","locations":[{"start":{"line":16,"column":18},"end":{"line":16,"column":25}},{"start":{"line":16,"column":29},"end":{"line":16,"column":46}}]},"2":{"line":17,"type":"cond-expr","locations":[{"start":{"line":17,"column":66},"end":{"line":17,"column":67}},{"start":{"line":17,"column":70},"end":{"line":17,"column":88}}]},"3":{"line":17,"type":"binary-expr","locations":[{"start":{"line":17,"column":17},"end":{"line":17,"column":32}},{"start":{"line":17,"column":36},"end":{"line":17,"column":62}}]},"4":{"line":18,"type":"binary-expr","locations":[{"start":{"line":18,"column":79},"end":{"line":18,"column":86}},{"start":{"line":18,"column":90},"end":{"line":18,"column":124}}]},"5":{"line":25,"type":"binary-expr","locations":[{"start":{"line":25,"column":48},"end":{"line":25,"column":55}},{"start":{"line":25,"column":59},"end":{"line":25,"column":76}}]},"6":{"line":26,"type":"binary-expr","locations":[{"start":{"line":26,"column":49},"end":{"line":26,"column":56}},{"start":{"line":26,"column":60},"end":{"line":26,"column":77}}]},"7":{"line":27,"type":"binary-expr","locations":[{"start":{"line":27,"column":112},"end":{"line":27,"column":119}},{"start":{"line":27,"column":123},"end":{"line":27,"column":157}}]},"8":{"line":37,"type":"if","locations":[{"start":{"line":37,"column":2},"end":{"line":44,"column":3}},{"start":{"line":37,"column":2},"end":{"line":44,"column":3}}]}},"s":{"1":1,"2":1,"3":1,"4":5,"5":5,"6":5,"7":1,"8":0,"9":0,"10":0,"11":1,"12":5,"13":5,"14":5,"15":0,"16":1,"17":5,"18":5,"19":0,"20":0,"21":5,"22":5,"23":1,"24":1,"25":1,"26":1,"27":1},"b":{"1":[5,1],"2":[4,1],"3":[5,1],"4":[5,1],"5":[0,0],"6":[0,0],"7":[0,0],"8":[0,5]},"f":{"1":1,"2":1,"3":5,"4":0,"5":5,"6":0,"7":5},"l":{"3":1,"5":1,"10":1,"11":1,"12":1,"14":1,"15":5,"20":5,"21":5,"24":1,"25":0,"26":0,"27":0,"30":5,"31":5,"32":5,"35":1,"36":5,"37":5,"38":0,"39":0,"42":5,"43":5,"46":1}},
"src\\app\\api\\ClientCertificateReference.ts":{"path":"src\\app\\api\\ClientCertificateReference.ts","statementMap":{"1":{"start":{"line":2,"column":0},"end":{"line":2,"column":91}},"2":{"start":{"line":3,"column":0},"end":{"line":3,"column":72}},"3":{"start":{"line":5,"column":0},"end":{"line":null,"column":-1}},"4":{"start":{"line":12,"column":8},"end":{"line":19,"column":2}},"5":{"start":{"line":13,"column":13},"end":{"line":16,"column":4}},"6":{"start":{"line":17,"column":2},"end":{"line":17,"column":23}},"7":{"start":{"line":18,"column":2},"end":{"line":18,"column":14}},"8":{"start":{"line":21,"column":8},"end":{"line":24,"column":2}},"9":{"start":{"line":22,"column":2},"end":{"line":22,"column":134}},"10":{"start":{"line":23,"column":2},"end":{"line":23,"column":136}},"11":{"start":{"line":25,"column":8},"end":{"line":36,"column":2}},"12":{"start":{"line":26,"column":18},"end":{"line":26,"column":65}},"13":{"start":{"line":27,"column":2},"end":{"line":35,"column":6}},"14":{"start":{"line":30,"column":4},"end":{"line":30,"column":32}},"15":{"start":{"line":31,"column":4},"end":{"line":34,"column":50}},"16":{"start":{"line":32,"column":5},"end":{"line":32,"column":74}},"17":{"start":{"line":34,"column":5},"end":{"line":34,"column":50}},"18":{"start":{"line":37,"column":0},"end":{"line":37,"column":1}},"19":{"start":{"line":9,"column":8},"end":{"line":9,"column":78}},"20":{"start":{"line":10,"column":8},"end":{"line":10,"column":80}},"21":{"start":{"line":5,"column":13},"end":{"line":5,"column":39}}},"fnMap":{"1":{"name":"(anonymous_0)","line":5,"loc":{"start":{"line":5,"column":0},"end":{"line":5,"column":-1}}},"2":{"name":"ClientCertificateReference","line":5,"loc":{"start":{"line":5,"column":0},"end":{"line":37,"column":1}}},"3":{"name":"(anonymous_2)","line":12,"loc":{"start":{"line":12,"column":77},"end":{"line":19,"column":2}}},"4":{"name":"(anonymous_3)","line":21,"loc":{"start":{"line":21,"column":96},"end":{"line":24,"column":2}}},"5":{"name":"(anonymous_4)","line":25,"loc":{"start":{"line":25,"column":33},"end":{"line":36,"column":2}}},"6":{"name":"(anonymous_5)","line":29,"loc":{"start":{"line":29,"column":29},"end":{"line":35,"column":4}}}},"branchMap":{"1":{"line":14,"type":"binary-expr","locations":[{"start":{"line":14,"column":31},"end":{"line":14,"column":38}},{"start":{"line":14,"column":42},"end":{"line":14,"column":75}}]},"2":{"line":15,"type":"binary-expr","locations":[{"start":{"line":15,"column":32},"end":{"line":15,"column":39}},{"start":{"line":15,"column":43},"end":{"line":15,"column":77}}]},"3":{"line":22,"type":"binary-expr","locations":[{"start":{"line":22,"column":64},"end":{"line":22,"column":71}},{"start":{"line":22,"column":75},"end":{"line":22,"column":108}}]},"4":{"line":23,"type":"binary-expr","locations":[{"start":{"line":23,"column":65},"end":{"line":23,"column":72}},{"start":{"line":23,"column":76},"end":{"line":23,"column":110}}]},"5":{"line":31,"type":"if","locations":[{"start":{"line":31,"column":4},"end":{"line":34,"column":50}},{"start":{"line":31,"column":4},"end":{"line":34,"column":50}}]}},"s":{"1":1,"2":1,"3":1,"4":1,"5":5,"6":5,"7":5,"8":1,"9":0,"10":0,"11":1,"12":5,"13":5,"14":5,"15":5,"16":5,"17":0,"18":1,"19":1,"20":1,"21":1},"b":{"1":[5,0],"2":[5,0],"3":[0,0],"4":[0,0],"5":[5,0]},"f":{"1":1,"2":0,"3":5,"4":0,"5":5,"6":5},"l":{"2":1,"3":1,"5":1,"9":1,"10":1,"12":1,"13":5,"17":5,"18":5,"21":1,"22":0,"23":0,"25":1,"26":5,"27":5,"30":5,"31":5,"32":5,"34":0,"37":1}},
"src\\app\\api\\ReceiveErrorHandling.ts":{"path":"src\\app\\api\\ReceiveErrorHandling.ts","statementMap":{"1":{"start":{"line":4,"column":0},"end":{"line":null,"column":-1}},"2":{"start":{"line":17,"column":8},"end":{"line":25,"column":2}},"3":{"start":{"line":18,"column":2},"end":{"line":24,"column":5}},"4":{"start":{"line":27,"column":8},"end":{"line":33,"column":2}},"5":{"start":{"line":28,"column":2},"end":{"line":28,"column":132}},"6":{"start":{"line":29,"column":2},"end":{"line":29,"column":132}},"7":{"start":{"line":30,"column":2},"end":{"line":30,"column":130}},"8":{"start":{"line":31,"column":2},"end":{"line":31,"column":140}},"9":{"start":{"line":32,"column":2},"end":{"line":32,"column":132}},"10":{"start":{"line":34,"column":0},"end":{"line":34,"column":1}},"11":{"start":{"line":11,"column":8},"end":{"line":11,"column":52}},"12":{"start":{"line":12,"column":8},"end":{"line":12,"column":52}},"13":{"start":{"line":13,"column":8},"end":{"line":13,"column":50}},"14":{"start":{"line":14,"column":8},"end":{"line":14,"column":60}},"15":{"start":{"line":15,"column":8},"end":{"line":15,"column":52}},"16":{"start":{"line":4,"column":13},"end":{"line":4,"column":33}}},"fnMap":{"1":{"name":"(anonymous_0)","line":4,"loc":{"start":{"line":4,"column":0},"end":{"line":4,"column":-1}}},"2":{"name":"ReceiveErrorHandling","line":4,"loc":{"start":{"line":4,"column":0},"end":{"line":34,"column":1}}},"3":{"name":"(anonymous_2)","line":17,"loc":{"start":{"line":17,"column":71},"end":{"line":25,"column":2}}},"4":{"name":"(anonymous_3)","line":27,"loc":{"start":{"line":27,"column":90},"end":{"line":33,"column":2}}}},"branchMap":{"1":{"line":19,"type":"binary-expr","locations":[{"start":{"line":19,"column":21},"end":{"line":19,"column":28}},{"start":{"line":19,"column":32},"end":{"line":19,"column":52}}]},"2":{"line":20,"type":"cond-expr","locations":[{"start":{"line":20,"column":70},"end":{"line":20,"column":71}},{"start":{"line":20,"column":74},"end":{"line":20,"column":94}}]},"3":{"line":20,"type":"binary-expr","locations":[{"start":{"line":20,"column":19},"end":{"line":20,"column":34}},{"start":{"line":20,"column":38},"end":{"line":20,"column":66}}]},"4":{"line":21,"type":"binary-expr","locations":[{"start":{"line":21,"column":17},"end":{"line":21,"column":24}},{"start":{"line":21,"column":28},"end":{"line":21,"column":47}}]},"5":{"line":22,"type":"cond-expr","locations":[{"start":{"line":22,"column":78},"end":{"line":22,"column":83}},{"start":{"line":22,"column":86},"end":{"line":22,"column":110}}]},"6":{"line":22,"type":"binary-expr","locations":[{"start":{"line":22,"column":23},"end":{"line":22,"column":38}},{"start":{"line":22,"column":42},"end":{"line":22,"column":74}}]},"7":{"line":23,"type":"binary-expr","locations":[{"start":{"line":23,"column":18},"end":{"line":23,"column":25}},{"start":{"line":23,"column":29},"end":{"line":23,"column":49}}]},"8":{"line":28,"type":"binary-expr","locations":[{"start":{"line":28,"column":51},"end":{"line":28,"column":58}},{"start":{"line":28,"column":62},"end":{"line":28,"column":82}}]},"9":{"line":28,"type":"binary-expr","locations":[{"start":{"line":28,"column":94},"end":{"line":28,"column":104}},{"start":{"line":28,"column":108},"end":{"line":28,"column":128}}]},"10":{"line":29,"type":"binary-expr","locations":[{"start":{"line":29,"column":51},"end":{"line":29,"column":58}},{"start":{"line":29,"column":62},"end":{"line":29,"column":82}}]},"11":{"line":29,"type":"binary-expr","locations":[{"start":{"line":29,"column":94},"end":{"line":29,"column":104}},{"start":{"line":29,"column":108},"end":{"line":29,"column":128}}]},"12":{"line":30,"type":"binary-expr","locations":[{"start":{"line":30,"column":50},"end":{"line":30,"column":57}},{"start":{"line":30,"column":61},"end":{"line":30,"column":80}}]},"13":{"line":30,"type":"binary-expr","locations":[{"start":{"line":30,"column":92},"end":{"line":30,"column":102}},{"start":{"line":30,"column":106},"end":{"line":30,"column":126}}]},"14":{"line":31,"type":"binary-expr","locations":[{"start":{"line":31,"column":55},"end":{"line":31,"column":62}},{"start":{"line":31,"column":66},"end":{"line":31,"column":90}}]},"15":{"line":31,"type":"binary-expr","locations":[{"start":{"line":31,"column":102},"end":{"line":31,"column":112}},{"start":{"line":31,"column":116},"end":{"line":31,"column":136}}]},"16":{"line":32,"type":"binary-expr","locations":[{"start":{"line":32,"column":51},"end":{"line":32,"column":58}},{"start":{"line":32,"column":62},"end":{"line":32,"column":82}}]},"17":{"line":32,"type":"binary-expr","locations":[{"start":{"line":32,"column":94},"end":{"line":32,"column":104}},{"start":{"line":32,"column":108},"end":{"line":32,"column":128}}]}},"s":{"1":1,"2":1,"3":4,"4":1,"5":0,"6":0,"7":0,"8":0,"9":0,"10":1,"11":1,"12":1,"13":1,"14":1,"15":1,"16":1},"b":{"1":[4,1],"2":[3,1],"3":[4,1],"4":[4,1],"5":[3,1],"6":[4,1],"7":[4,1],"8":[0,0],"9":[0,0],"10":[0,0],"11":[0,0],"12":[0,0],"13":[0,0],"14":[0,0],"15":[0,0],"16":[0,0],"17":[0,0]},"f":{"1":1,"2":1,"3":4,"4":0},"l":{"4":1,"11":1,"12":1,"13":1,"14":1,"15":1,"17":1,"18":4,"27":1,"28":0,"29":0,"30":0,"31":0,"32":0,"34":1}},
"src\\app\\api\\ReceiveReceiptHandling.ts":{"path":"src\\app\\api\\ReceiveReceiptHandling.ts","statementMap":{"1":{"start":{"line":4,"column":0},"end":{"line":4,"column":43}},"2":{"start":{"line":6,"column":0},"end":{"line":null,"column":-1}},"3":{"start":{"line":17,"column":8},"end":{"line":26,"column":2}},"4":{"start":{"line":18,"column":13},"end":{"line":23,"column":4}},"5":{"start":{"line":24,"column":2},"end":{"line":24,"column":41}},"6":{"start":{"line":25,"column":2},"end":{"line":25,"column":14}},"7":{"start":{"line":28,"column":8},"end":{"line":34,"column":2}},"8":{"start":{"line":29,"column":2},"end":{"line":29,"column":132}},"9":{"start":{"line":30,"column":2},"end":{"line":30,"column":132}},"10":{"start":{"line":31,"column":2},"end":{"line":31,"column":130}},"11":{"start":{"line":32,"column":2},"end":{"line":32,"column":132}},"12":{"start":{"line":33,"column":2},"end":{"line":33,"column":132}},"13":{"start":{"line":36,"column":8},"end":{"line":41,"column":2}},"14":{"start":{"line":36,"column":1},"end":{"line":41,"column":1}},"15":{"start":{"line":37,"column":23},"end":{"line":37,"column":56}},"16":{"start":{"line":39,"column":2},"end":{"line":39,"column":81}},"17":{"start":{"line":39,"column":50},"end":{"line":39,"column":79}},"18":{"start":{"line":40,"column":2},"end":{"line":40,"column":32}},"19":{"start":{"line":43,"column":8},"end":{"line":56,"column":2}},"20":{"start":{"line":44,"column":20},"end":{"line":44,"column":52}},"21":{"start":{"line":45,"column":21},"end":{"line":45,"column":60}},"22":{"start":{"line":47,"column":2},"end":{"line":55,"column":3}},"23":{"start":{"line":49,"column":3},"end":{"line":49,"column":50}},"24":{"start":{"line":50,"column":3},"end":{"line":50,"column":24}},"25":{"start":{"line":53,"column":3},"end":{"line":53,"column":33}},"26":{"start":{"line":54,"column":3},"end":{"line":54,"column":25}},"27":{"start":{"line":57,"column":0},"end":{"line":57,"column":1}},"28":{"start":{"line":12,"column":8},"end":{"line":12,"column":52}},"29":{"start":{"line":13,"column":8},"end":{"line":13,"column":52}},"30":{"start":{"line":14,"column":8},"end":{"line":14,"column":50}},"31":{"start":{"line":15,"column":8},"end":{"line":15,"column":52}},"32":{"start":{"line":6,"column":13},"end":{"line":6,"column":35}}},"fnMap":{"1":{"name":"(anonymous_0)","line":6,"loc":{"start":{"line":6,"column":0},"end":{"line":6,"column":-1}}},"2":{"name":"ReceiveReceiptHandling","line":6,"loc":{"start":{"line":6,"column":0},"end":{"line":57,"column":1}}},"3":{"name":"(anonymous_2)","line":17,"loc":{"start":{"line":17,"column":73},"end":{"line":26,"column":2}}},"4":{"name":"(anonymous_3)","line":28,"loc":{"start":{"line":28,"column":92},"end":{"line":34,"column":2}}},"5":{"name":"(anonymous_4)","line":36,"loc":{"start":{"line":36,"column":33},"end":{"line":41,"column":2}}},"6":{"name":"(anonymous_5)","line":39,"loc":{"start":{"line":39,"column":46},"end":{"line":39,"column":79}}},"7":{"name":"(anonymous_6)","line":43,"loc":{"start":{"line":43,"column":42},"end":{"line":56,"column":2}}}},"branchMap":{"1":{"line":19,"type":"binary-expr","locations":[{"start":{"line":19,"column":34},"end":{"line":19,"column":41}},{"start":{"line":19,"column":45},"end":{"line":19,"column":65}}]},"2":{"line":20,"type":"cond-expr","locations":[{"start":{"line":20,"column":83},"end":{"line":20,"column":84}},{"start":{"line":20,"column":87},"end":{"line":20,"column":107}}]},"3":{"line":20,"type":"binary-expr","locations":[{"start":{"line":20,"column":32},"end":{"line":20,"column":47}},{"start":{"line":20,"column":51},"end":{"line":20,"column":79}}]},"4":{"line":21,"type":"binary-expr","locations":[{"start":{"line":21,"column":30},"end":{"line":21,"column":37}},{"start":{"line":21,"column":41},"end":{"line":21,"column":60}}]},"5":{"line":22,"type":"binary-expr","locations":[{"start":{"line":22,"column":31},"end":{"line":22,"column":38}},{"start":{"line":22,"column":42},"end":{"line":22,"column":62}}]},"6":{"line":29,"type":"binary-expr","locations":[{"start":{"line":29,"column":51},"end":{"line":29,"column":58}},{"start":{"line":29,"column":62},"end":{"line":29,"column":82}}]},"7":{"line":29,"type":"binary-expr","locations":[{"start":{"line":29,"column":94},"end":{"line":29,"column":104}},{"start":{"line":29,"column":108},"end":{"line":29,"column":128}}]},"8":{"line":30,"type":"binary-expr","locations":[{"start":{"line":30,"column":51},"end":{"line":30,"column":58}},{"start":{"line":30,"column":62},"end":{"line":30,"column":82}}]},"9":{"line":30,"type":"binary-expr","locations":[{"start":{"line":30,"column":94},"end":{"line":30,"column":104}},{"start":{"line":30,"column":108},"end":{"line":30,"column":128}}]},"10":{"line":31,"type":"binary-expr","locations":[{"start":{"line":31,"column":50},"end":{"line":31,"column":57}},{"start":{"line":31,"column":61},"end":{"line":31,"column":80}}]},"11":{"line":31,"type":"binary-expr","locations":[{"start":{"line":31,"column":92},"end":{"line":31,"column":102}},{"start":{"line":31,"column":106},"end":{"line":31,"column":126}}]},"12":{"line":32,"type":"binary-expr","locations":[{"start":{"line":32,"column":51},"end":{"line":32,"column":58}},{"start":{"line":32,"column":62},"end":{"line":32,"column":82}}]},"13":{"line":32,"type":"binary-expr","locations":[{"start":{"line":32,"column":94},"end":{"line":32,"column":104}},{"start":{"line":32,"column":108},"end":{"line":32,"column":128}}]},"14":{"line":33,"type":"binary-expr","locations":[{"start":{"line":33,"column":51},"end":{"line":33,"column":58}},{"start":{"line":33,"column":62},"end":{"line":33,"column":82}}]},"15":{"line":33,"type":"binary-expr","locations":[{"start":{"line":33,"column":94},"end":{"line":33,"column":104}},{"start":{"line":33,"column":108},"end":{"line":33,"column":128}}]},"16":{"line":47,"type":"if","locations":[{"start":{"line":47,"column":2},"end":{"line":55,"column":3}},{"start":{"line":47,"column":2},"end":{"line":55,"column":3}}]}},"s":{"1":1,"2":1,"3":1,"4":4,"5":4,"6":4,"7":1,"8":0,"9":0,"10":0,"11":0,"12":0,"13":1,"14":4,"15":4,"16":4,"17":0,"18":4,"19":1,"20":4,"21":4,"22":4,"23":1,"24":1,"25":3,"26":3,"27":1,"28":1,"29":1,"30":1,"31":1,"32":1},"b":{"1":[4,1],"2":[3,1],"3":[4,1],"4":[4,1],"5":[4,1],"6":[0,0],"7":[0,0],"8":[0,0],"9":[0,0],"10":[0,0],"11":[0,0],"12":[0,0],"13":[0,0],"14":[0,0],"15":[0,0],"16":[1,3]},"f":{"1":1,"2":1,"3":4,"4":0,"5":4,"6":0,"7":4},"l":{"4":1,"6":1,"12":1,"13":1,"14":1,"15":1,"17":1,"18":4,"24":4,"25":4,"28":1,"29":0,"30":0,"31":0,"32":0,"33":0,"36":4,"37":4,"39":4,"40":4,"43":1,"44":4,"45":4,"47":4,"49":1,"50":1,"53":3,"54":3,"57":1}},
"src\\app\\api\\SigningVerification.ts":{"path":"src\\app\\api\\SigningVerification.ts","statementMap":{"1":{"start":{"line":4,"column":0},"end":{"line":null,"column":-1}},"2":{"start":{"line":9,"column":8},"end":{"line":13,"column":2}},"3":{"start":{"line":10,"column":2},"end":{"line":12,"column":5}},"4":{"start":{"line":15,"column":8},"end":{"line":17,"column":2}},"5":{"start":{"line":16,"column":2},"end":{"line":16,"column":102}},"6":{"start":{"line":18,"column":0},"end":{"line":18,"column":1}},"7":{"start":{"line":7,"column":8},"end":{"line":7,"column":46}},"8":{"start":{"line":4,"column":13},"end":{"line":4,"column":32}}},"fnMap":{"1":{"name":"(anonymous_0)","line":4,"loc":{"start":{"line":4,"column":0},"end":{"line":4,"column":-1}}},"2":{"name":"SigningVerification","line":4,"loc":{"start":{"line":4,"column":0},"end":{"line":18,"column":1}}},"3":{"name":"(anonymous_2)","line":9,"loc":{"start":{"line":9,"column":70},"end":{"line":13,"column":2}}},"4":{"name":"(anonymous_3)","line":15,"loc":{"start":{"line":15,"column":89},"end":{"line":17,"column":2}}}},"branchMap":{"1":{"line":11,"type":"cond-expr","locations":[{"start":{"line":11,"column":64},"end":{"line":11,"column":65}},{"start":{"line":11,"column":68},"end":{"line":11,"column":85}}]},"2":{"line":11,"type":"binary-expr","locations":[{"start":{"line":11,"column":16},"end":{"line":11,"column":31}},{"start":{"line":11,"column":35},"end":{"line":11,"column":60}}]},"3":{"line":16,"type":"binary-expr","locations":[{"start":{"line":16,"column":48},"end":{"line":16,"column":55}},{"start":{"line":16,"column":59},"end":{"line":16,"column":76}}]}},"s":{"1":1,"2":1,"3":4,"4":1,"5":0,"6":1,"7":1,"8":1},"b":{"1":[3,1],"2":[4,1],"3":[0,0]},"f":{"1":1,"2":1,"3":4,"4":0},"l":{"4":1,"7":1,"9":1,"10":4,"15":1,"16":0,"18":1}},
"src\\app\\api\\ReceiveSecurity.ts":{"path":"src\\app\\api\\ReceiveSecurity.ts","statementMap":{"1":{"start":{"line":3,"column":0},"end":{"line":3,"column":59}},"2":{"start":{"line":4,"column":0},"end":{"line":4,"column":41}},"3":{"start":{"line":6,"column":0},"end":{"line":null,"column":-1}},"4":{"start":{"line":13,"column":8},"end":{"line":18,"column":2}},"5":{"start":{"line":14,"column":2},"end":{"line":17,"column":5}},"6":{"start":{"line":20,"column":8},"end":{"line":23,"column":2}},"7":{"start":{"line":21,"column":2},"end":{"line":21,"column":138}},"8":{"start":{"line":22,"column":2},"end":{"line":22,"column":111}},"9":{"start":{"line":24,"column":0},"end":{"line":24,"column":1}},"10":{"start":{"line":10,"column":8},"end":{"line":10,"column":66}},"11":{"start":{"line":11,"column":8},"end":{"line":11,"column":48}},"12":{"start":{"line":6,"column":13},"end":{"line":6,"column":28}}},"fnMap":{"1":{"name":"(anonymous_0)","line":6,"loc":{"start":{"line":6,"column":0},"end":{"line":6,"column":-1}}},"2":{"name":"ReceiveSecurity","line":6,"loc":{"start":{"line":6,"column":0},"end":{"line":24,"column":1}}},"3":{"name":"(anonymous_2)","line":13,"loc":{"start":{"line":13,"column":66},"end":{"line":18,"column":2}}},"4":{"name":"(anonymous_3)","line":20,"loc":{"start":{"line":20,"column":85},"end":{"line":23,"column":2}}}},"branchMap":{"1":{"line":15,"type":"binary-expr","locations":[{"start":{"line":15,"column":65},"end":{"line":15,"column":72}},{"start":{"line":15,"column":76},"end":{"line":15,"column":103}}]},"2":{"line":16,"type":"binary-expr","locations":[{"start":{"line":16,"column":47},"end":{"line":16,"column":54}},{"start":{"line":16,"column":58},"end":{"line":16,"column":76}}]},"3":{"line":21,"type":"binary-expr","locations":[{"start":{"line":21,"column":98},"end":{"line":21,"column":105}},{"start":{"line":21,"column":109},"end":{"line":21,"column":136}}]},"4":{"line":22,"type":"binary-expr","locations":[{"start":{"line":22,"column":80},"end":{"line":22,"column":87}},{"start":{"line":22,"column":91},"end":{"line":22,"column":109}}]}},"s":{"1":1,"2":1,"3":1,"4":1,"5":4,"6":1,"7":0,"8":0,"9":1,"10":1,"11":1,"12":1},"b":{"1":[4,1],"2":[4,1],"3":[0,0],"4":[0,0]},"f":{"1":1,"2":1,"3":4,"4":0},"l":{"3":1,"4":1,"6":1,"10":1,"11":1,"13":1,"14":4,"20":1,"21":0,"22":0,"24":1}},
"src\\app\\api\\ReceivingProcessingMode.ts":{"path":"src\\app\\api\\ReceivingProcessingMode.ts","statementMap":{"1":{"start":{"line":2,"column":0},"end":{"line":2,"column":78}},"2":{"start":{"line":3,"column":0},"end":{"line":3,"column":57}},"3":{"start":{"line":4,"column":0},"end":{"line":4,"column":65}},"4":{"start":{"line":5,"column":0},"end":{"line":5,"column":61}},"5":{"start":{"line":6,"column":0},"end":{"line":6,"column":51}},"6":{"start":{"line":7,"column":0},"end":{"line":7,"column":51}},"7":{"start":{"line":8,"column":0},"end":{"line":8,"column":53}},"8":{"start":{"line":9,"column":0},"end":{"line":9,"column":35}},"9":{"start":{"line":12,"column":0},"end":{"line":null,"column":-1}},"10":{"start":{"line":35,"column":11},"end":{"line":48,"column":5}},"11":{"start":{"line":36,"column":8},"end":{"line":47,"column":11}},"12":{"start":{"line":50,"column":11},"end":{"line":61,"column":5}},"13":{"start":{"line":51,"column":8},"end":{"line":51,"column":118}},"14":{"start":{"line":52,"column":8},"end":{"line":52,"column":120}},"15":{"start":{"line":53,"column":8},"end":{"line":53,"column":134}},"16":{"start":{"line":54,"column":8},"end":{"line":54,"column":127}},"17":{"start":{"line":55,"column":8},"end":{"line":55,"column":139}},"18":{"start":{"line":56,"column":8},"end":{"line":56,"column":133}},"19":{"start":{"line":57,"column":8},"end":{"line":57,"column":136}},"20":{"start":{"line":58,"column":8},"end":{"line":58,"column":118}},"21":{"start":{"line":59,"column":8},"end":{"line":59,"column":135}},"22":{"start":{"line":60,"column":8},"end":{"line":60,"column":108}},"23":{"start":{"line":62,"column":0},"end":{"line":62,"column":1}},"24":{"start":{"line":24,"column":11},"end":{"line":24,"column":35}},"25":{"start":{"line":25,"column":11},"end":{"line":25,"column":37}},"26":{"start":{"line":26,"column":11},"end":{"line":26,"column":51}},"27":{"start":{"line":27,"column":11},"end":{"line":27,"column":53}},"28":{"start":{"line":28,"column":11},"end":{"line":28,"column":61}},"29":{"start":{"line":29,"column":11},"end":{"line":29,"column":57}},"30":{"start":{"line":30,"column":11},"end":{"line":30,"column":65}},"31":{"start":{"line":31,"column":11},"end":{"line":31,"column":47}},"32":{"start":{"line":32,"column":11},"end":{"line":32,"column":63}},"33":{"start":{"line":33,"column":11},"end":{"line":33,"column":45}},"34":{"start":{"line":12,"column":13},"end":{"line":12,"column":36}}},"fnMap":{"1":{"name":"(anonymous_0)","line":12,"loc":{"start":{"line":12,"column":0},"end":{"line":12,"column":-1}}},"2":{"name":"ReceivingProcessingMode","line":12,"loc":{"start":{"line":12,"column":0},"end":{"line":62,"column":1}}},"3":{"name":"(anonymous_2)","line":35,"loc":{"start":{"line":35,"column":77},"end":{"line":48,"column":5}}},"4":{"name":"(anonymous_3)","line":50,"loc":{"start":{"line":50,"column":96},"end":{"line":61,"column":5}}}},"branchMap":{"1":{"line":37,"type":"binary-expr","locations":[{"start":{"line":37,"column":30},"end":{"line":37,"column":37}},{"start":{"line":37,"column":41},"end":{"line":37,"column":51}}]},"2":{"line":38,"type":"cond-expr","locations":[{"start":{"line":38,"column":74},"end":{"line":38,"column":75}},{"start":{"line":38,"column":78},"end":{"line":38,"column":89}}]},"3":{"line":38,"type":"binary-expr","locations":[{"start":{"line":38,"column":32},"end":{"line":38,"column":47}},{"start":{"line":38,"column":51},"end":{"line":38,"column":70}}]},"4":{"line":39,"type":"cond-expr","locations":[{"start":{"line":39,"column":88},"end":{"line":39,"column":89}},{"start":{"line":39,"column":92},"end":{"line":39,"column":110}}]},"5":{"line":39,"type":"binary-expr","locations":[{"start":{"line":39,"column":39},"end":{"line":39,"column":54}},{"start":{"line":39,"column":58},"end":{"line":39,"column":84}}]},"6":{"line":40,"type":"binary-expr","locations":[{"start":{"line":40,"column":78},"end":{"line":40,"column":85}},{"start":{"line":40,"column":89},"end":{"line":40,"column":108}}]},"7":{"line":41,"type":"binary-expr","locations":[{"start":{"line":41,"column":86},"end":{"line":41,"column":93}},{"start":{"line":41,"column":97},"end":{"line":41,"column":120}}]},"8":{"line":42,"type":"binary-expr","locations":[{"start":{"line":42,"column":82},"end":{"line":42,"column":89}},{"start":{"line":42,"column":93},"end":{"line":42,"column":114}}]},"9":{"line":43,"type":"binary-expr","locations":[{"start":{"line":43,"column":81},"end":{"line":43,"column":88}},{"start":{"line":43,"column":92},"end":{"line":43,"column":117}}]},"10":{"line":44,"type":"binary-expr","locations":[{"start":{"line":44,"column":72},"end":{"line":44,"column":79}},{"start":{"line":44,"column":83},"end":{"line":44,"column":99}}]},"11":{"line":45,"type":"binary-expr","locations":[{"start":{"line":45,"column":81},"end":{"line":45,"column":88}},{"start":{"line":45,"column":92},"end":{"line":45,"column":116}}]},"12":{"line":46,"type":"binary-expr","locations":[{"start":{"line":46,"column":63},"end":{"line":46,"column":70}},{"start":{"line":46,"column":74},"end":{"line":46,"column":89}}]},"13":{"line":51,"type":"binary-expr","locations":[{"start":{"line":51,"column":47},"end":{"line":51,"column":54}},{"start":{"line":51,"column":58},"end":{"line":51,"column":68}}]},"14":{"line":51,"type":"binary-expr","locations":[{"start":{"line":51,"column":80},"end":{"line":51,"column":90}},{"start":{"line":51,"column":94},"end":{"line":51,"column":114}}]},"15":{"line":52,"type":"binary-expr","locations":[{"start":{"line":52,"column":48},"end":{"line":52,"column":55}},{"start":{"line":52,"column":59},"end":{"line":52,"column":70}}]},"16":{"line":52,"type":"binary-expr","locations":[{"start":{"line":52,"column":82},"end":{"line":52,"column":92}},{"start":{"line":52,"column":96},"end":{"line":52,"column":116}}]},"17":{"line":53,"type":"binary-expr","locations":[{"start":{"line":53,"column":55},"end":{"line":53,"column":62}},{"start":{"line":53,"column":66},"end":{"line":53,"column":84}}]},"18":{"line":53,"type":"binary-expr","locations":[{"start":{"line":53,"column":96},"end":{"line":53,"column":106}},{"start":{"line":53,"column":110},"end":{"line":53,"column":130}}]},"19":{"line":54,"type":"binary-expr","locations":[{"start":{"line":54,"column":95},"end":{"line":54,"column":102}},{"start":{"line":54,"column":106},"end":{"line":54,"column":125}}]},"20":{"line":55,"type":"binary-expr","locations":[{"start":{"line":55,"column":103},"end":{"line":55,"column":110}},{"start":{"line":55,"column":114},"end":{"line":55,"column":137}}]},"21":{"line":56,"type":"binary-expr","locations":[{"start":{"line":56,"column":99},"end":{"line":56,"column":106}},{"start":{"line":56,"column":110},"end":{"line":56,"column":131}}]},"22":{"line":57,"type":"binary-expr","locations":[{"start":{"line":57,"column":98},"end":{"line":57,"column":105}},{"start":{"line":57,"column":109},"end":{"line":57,"column":134}}]},"23":{"line":58,"type":"binary-expr","locations":[{"start":{"line":58,"column":89},"end":{"line":58,"column":96}},{"start":{"line":58,"column":100},"end":{"line":58,"column":116}}]},"24":{"line":59,"type":"binary-expr","locations":[{"start":{"line":59,"column":98},"end":{"line":59,"column":105}},{"start":{"line":59,"column":109},"end":{"line":59,"column":133}}]},"25":{"line":60,"type":"binary-expr","locations":[{"start":{"line":60,"column":80},"end":{"line":60,"column":87}},{"start":{"line":60,"column":91},"end":{"line":60,"column":106}}]}},"s":{"1":1,"2":1,"3":1,"4":1,"5":1,"6":1,"7":1,"8":1,"9":1,"10":1,"11":2,"12":1,"13":0,"14":0,"15":0,"16":0,"17":0,"18":0,"19":0,"20":0,"21":0,"22":0,"23":1,"24":1,"25":1,"26":1,"27":1,"28":1,"29":1,"30":1,"31":1,"32":1,"33":1,"34":1},"b":{"1":[2,1],"2":[1,1],"3":[2,1],"4":[1,1],"5":[2,1],"6":[2,1],"7":[2,1],"8":[2,1],"9":[2,1],"10":[2,1],"11":[2,1],"12":[2,1],"13":[0,0],"14":[0,0],"15":[0,0],"16":[0,0],"17":[0,0],"18":[0,0],"19":[0,0],"20":[0,0],"21":[0,0],"22":[0,0],"23":[0,0],"24":[0,0],"25":[0,0]},"f":{"1":1,"2":17,"3":2,"4":0},"l":{"2":1,"3":1,"4":1,"5":1,"6":1,"7":1,"8":1,"9":1,"12":1,"24":1,"25":1,"26":1,"27":1,"28":1,"29":1,"30":1,"31":1,"32":1,"33":1,"35":1,"36":2,"50":1,"51":0,"52":0,"53":0,"54":0,"55":0,"56":0,"57":0,"58":0,"59":0,"60":0,"62":1}},
"src\\app\\api\\ReceiveReliability.ts":{"path":"src\\app\\api\\ReceiveReliability.ts","statementMap":{"1":{"start":{"line":3,"column":0},"end":{"line":3,"column":61}},"2":{"start":{"line":5,"column":0},"end":{"line":null,"column":-1}},"3":{"start":{"line":10,"column":8},"end":{"line":14,"column":2}},"4":{"start":{"line":11,"column":2},"end":{"line":13,"column":5}},"5":{"start":{"line":16,"column":8},"end":{"line":19,"column":2}},"6":{"start":{"line":17,"column":2},"end":{"line":17,"column":148}},"7":{"start":{"line":18,"column":2},"end":{"line":18,"column":141}},"8":{"start":{"line":20,"column":0},"end":{"line":20,"column":1}},"9":{"start":{"line":8,"column":8},"end":{"line":8,"column":68}},"10":{"start":{"line":5,"column":13},"end":{"line":5,"column":31}}},"fnMap":{"1":{"name":"(anonymous_0)","line":5,"loc":{"start":{"line":5,"column":0},"end":{"line":5,"column":-1}}},"2":{"name":"ReceiveReliability","line":5,"loc":{"start":{"line":5,"column":0},"end":{"line":20,"column":1}}},"3":{"name":"(anonymous_2)","line":10,"loc":{"start":{"line":10,"column":69},"end":{"line":14,"column":2}}},"4":{"name":"(anonymous_3)","line":16,"loc":{"start":{"line":16,"column":88},"end":{"line":19,"column":2}}}},"branchMap":{"1":{"line":12,"type":"binary-expr","locations":[{"start":{"line":12,"column":67},"end":{"line":12,"column":74}},{"start":{"line":12,"column":78},"end":{"line":12,"column":106}}]},"2":{"line":17,"type":"binary-expr","locations":[{"start":{"line":17,"column":59},"end":{"line":17,"column":66}},{"start":{"line":17,"column":70},"end":{"line":17,"column":98}}]},"3":{"line":17,"type":"binary-expr","locations":[{"start":{"line":17,"column":110},"end":{"line":17,"column":120}},{"start":{"line":17,"column":124},"end":{"line":17,"column":144}}]},"4":{"line":18,"type":"binary-expr","locations":[{"start":{"line":18,"column":100},"end":{"line":18,"column":107}},{"start":{"line":18,"column":111},"end":{"line":18,"column":139}}]}},"s":{"1":1,"2":1,"3":1,"4":2,"5":1,"6":0,"7":0,"8":1,"9":1,"10":1},"b":{"1":[2,0],"2":[0,0],"3":[0,0],"4":[0,0]},"f":{"1":1,"2":0,"3":2,"4":0},"l":{"3":1,"5":1,"8":1,"10":1,"11":2,"16":1,"17":0,"18":0,"20":1}},
"src\\app\\api\\DuplicateElimination.ts":{"path":"src\\app\\api\\DuplicateElimination.ts","statementMap":{"1":{"start":{"line":4,"column":0},"end":{"line":null,"column":-1}},"2":{"start":{"line":9,"column":8},"end":{"line":13,"column":2}},"3":{"start":{"line":10,"column":2},"end":{"line":12,"column":5}},"4":{"start":{"line":15,"column":8},"end":{"line":17,"column":2}},"5":{"start":{"line":16,"column":2},"end":{"line":16,"column":126}},"6":{"start":{"line":18,"column":0},"end":{"line":18,"column":1}},"7":{"start":{"line":7,"column":8},"end":{"line":7,"column":46}},"8":{"start":{"line":4,"column":13},"end":{"line":4,"column":33}}},"fnMap":{"1":{"name":"(anonymous_0)","line":4,"loc":{"start":{"line":4,"column":0},"end":{"line":4,"column":-1}}},"2":{"name":"DuplicateElimination","line":4,"loc":{"start":{"line":4,"column":0},"end":{"line":18,"column":1}}},"3":{"name":"(anonymous_2)","line":9,"loc":{"start":{"line":9,"column":71},"end":{"line":13,"column":2}}},"4":{"name":"(anonymous_3)","line":15,"loc":{"start":{"line":15,"column":90},"end":{"line":17,"column":2}}}},"branchMap":{"1":{"line":11,"type":"binary-expr","locations":[{"start":{"line":11,"column":18},"end":{"line":11,"column":25}},{"start":{"line":11,"column":29},"end":{"line":11,"column":46}}]},"2":{"line":16,"type":"binary-expr","locations":[{"start":{"line":16,"column":48},"end":{"line":16,"column":55}},{"start":{"line":16,"column":59},"end":{"line":16,"column":76}}]},"3":{"line":16,"type":"binary-expr","locations":[{"start":{"line":16,"column":88},"end":{"line":16,"column":98}},{"start":{"line":16,"column":102},"end":{"line":16,"column":122}}]}},"s":{"1":1,"2":1,"3":2,"4":1,"5":0,"6":1,"7":1,"8":1},"b":{"1":[2,0],"2":[0,0],"3":[0,0]},"f":{"1":1,"2":0,"3":2,"4":0},"l":{"4":1,"7":1,"9":1,"10":2,"15":1,"16":0,"18":1}},
"src\\app\\api\\Receivehandling.ts":{"path":"src\\app\\api\\Receivehandling.ts","statementMap":{"1":{"start":{"line":4,"column":0},"end":{"line":4,"column":33}},"2":{"start":{"line":6,"column":0},"end":{"line":null,"column":-1}},"3":{"start":{"line":13,"column":11},"end":{"line":21,"column":5}},"4":{"start":{"line":14,"column":19},"end":{"line":17,"column":10}},"5":{"start":{"line":19,"column":8},"end":{"line":19,"column":29}},"6":{"start":{"line":20,"column":8},"end":{"line":20,"column":20}},"7":{"start":{"line":23,"column":11},"end":{"line":26,"column":5}},"8":{"start":{"line":24,"column":8},"end":{"line":24,"column":132}},"9":{"start":{"line":25,"column":8},"end":{"line":25,"column":163}},"10":{"start":{"line":28,"column":11},"end":{"line":40,"column":5}},"11":{"start":{"line":28,"column":4},"end":{"line":40,"column":4}},"12":{"start":{"line":29,"column":8},"end":{"line":34,"column":9}},"13":{"start":{"line":30,"column":12},"end":{"line":30,"column":55}},"14":{"start":{"line":33,"column":12},"end":{"line":33,"column":56}},"15":{"start":{"line":36,"column":8},"end":{"line":39,"column":11}},"16":{"start":{"line":37,"column":12},"end":{"line":38,"column":61}},"17":{"start":{"line":37,"column":24},"end":{"line":37,"column":67}},"18":{"start":{"line":38,"column":17},"end":{"line":38,"column":61}},"19":{"start":{"line":41,"column":0},"end":{"line":41,"column":1}},"20":{"start":{"line":10,"column":11},"end":{"line":10,"column":73}},"21":{"start":{"line":11,"column":11},"end":{"line":11,"column":55}},"22":{"start":{"line":6,"column":13},"end":{"line":6,"column":28}}},"fnMap":{"1":{"name":"(anonymous_0)","line":6,"loc":{"start":{"line":6,"column":0},"end":{"line":6,"column":-1}}},"2":{"name":"Receivehandling","line":6,"loc":{"start":{"line":6,"column":0},"end":{"line":41,"column":1}}},"3":{"name":"(anonymous_2)","line":13,"loc":{"start":{"line":13,"column":69},"end":{"line":21,"column":5}}},"4":{"name":"(anonymous_3)","line":23,"loc":{"start":{"line":23,"column":88},"end":{"line":26,"column":5}}},"5":{"name":"(anonymous_4)","line":28,"loc":{"start":{"line":28,"column":36},"end":{"line":40,"column":5}}},"6":{"name":"(anonymous_5)","line":36,"loc":{"start":{"line":36,"column":80},"end":{"line":39,"column":9}}}},"branchMap":{"1":{"line":15,"type":"binary-expr","locations":[{"start":{"line":15,"column":39},"end":{"line":15,"column":46}},{"start":{"line":15,"column":50},"end":{"line":15,"column":79}}]},"2":{"line":16,"type":"binary-expr","locations":[{"start":{"line":16,"column":54},"end":{"line":16,"column":61}},{"start":{"line":16,"column":65},"end":{"line":16,"column":85}}]},"3":{"line":24,"type":"binary-expr","locations":[{"start":{"line":24,"column":66},"end":{"line":24,"column":73}},{"start":{"line":24,"column":77},"end":{"line":24,"column":106}}]},"4":{"line":25,"type":"binary-expr","locations":[{"start":{"line":25,"column":84},"end":{"line":25,"column":91}},{"start":{"line":25,"column":95},"end":{"line":25,"column":115}}]},"5":{"line":25,"type":"binary-expr","locations":[{"start":{"line":25,"column":117},"end":{"line":25,"column":127}},{"start":{"line":25,"column":131},"end":{"line":25,"column":161}}]},"6":{"line":29,"type":"if","locations":[{"start":{"line":29,"column":8},"end":{"line":34,"column":9}},{"start":{"line":29,"column":8},"end":{"line":34,"column":9}}]},"7":{"line":37,"type":"if","locations":[{"start":{"line":37,"column":12},"end":{"line":38,"column":61}},{"start":{"line":37,"column":12},"end":{"line":38,"column":61}}]}},"s":{"1":1,"2":1,"3":1,"4":2,"5":2,"6":2,"7":1,"8":0,"9":0,"10":1,"11":2,"12":2,"13":0,"14":2,"15":2,"16":0,"17":0,"18":0,"19":1,"20":1,"21":1,"22":1},"b":{"1":[2,0],"2":[2,0],"3":[0,0],"4":[0,0],"5":[0,0],"6":[0,2],"7":[0,0]},"f":{"1":1,"2":0,"3":2,"4":0,"5":2,"6":0},"l":{"4":1,"6":1,"10":1,"11":1,"13":1,"14":2,"19":2,"20":2,"23":1,"24":0,"25":0,"28":2,"29":2,"30":0,"33":2,"36":2,"37":0,"38":0,"41":1}},
"src\\app\\api\\Method.ts":{"path":"src\\app\\api\\Method.ts","statementMap":{"1":{"start":{"line":3,"column":0},"end":{"line":3,"column":39}},"2":{"start":{"line":4,"column":0},"end":{"line":4,"column":43}},"3":{"start":{"line":6,"column":0},"end":{"line":null,"column":-1}},"4":{"start":{"line":13,"column":8},"end":{"line":20,"column":2}},"5":{"start":{"line":14,"column":13},"end":{"line":17,"column":4}},"6":{"start":{"line":16,"column":119},"end":{"line":16,"column":155}},"7":{"start":{"line":18,"column":2},"end":{"line":18,"column":23}},"8":{"start":{"line":19,"column":2},"end":{"line":19,"column":14}},"9":{"start":{"line":22,"column":8},"end":{"line":26,"column":2}},"10":{"start":{"line":23,"column":2},"end":{"line":23,"column":90}},"11":{"start":{"line":24,"column":2},"end":{"line":24,"column":44}},"12":{"start":{"line":25,"column":2},"end":{"line":25,"column":182}},"13":{"start":{"line":25,"column":132},"end":{"line":25,"column":178}},"14":{"start":{"line":27,"column":8},"end":{"line":30,"column":2}},"15":{"start":{"line":28,"column":2},"end":{"line":29,"column":5}},"16":{"start":{"line":31,"column":0},"end":{"line":31,"column":1}},"17":{"start":{"line":10,"column":8},"end":{"line":10,"column":36}},"18":{"start":{"line":11,"column":8},"end":{"line":11,"column":48}},"19":{"start":{"line":6,"column":13},"end":{"line":6,"column":19}}},"fnMap":{"1":{"name":"(anonymous_0)","line":6,"loc":{"start":{"line":6,"column":0},"end":{"line":6,"column":-1}}},"2":{"name":"Method","line":6,"loc":{"start":{"line":6,"column":0},"end":{"line":31,"column":1}}},"3":{"name":"(anonymous_2)","line":13,"loc":{"start":{"line":13,"column":79},"end":{"line":20,"column":2}}},"4":{"name":"(anonymous_3)","line":16,"loc":{"start":{"line":16,"column":115},"end":{"line":16,"column":155}}},"5":{"name":"(anonymous_4)","line":22,"loc":{"start":{"line":22,"column":96},"end":{"line":26,"column":2}}},"6":{"name":"(anonymous_5)","line":25,"loc":{"start":{"line":25,"column":128},"end":{"line":25,"column":178}}},"7":{"name":"(anonymous_6)","line":27,"loc":{"start":{"line":27,"column":33},"end":{"line":30,"column":2}}},"8":{"name":"(anonymous_7)","line":28,"loc":{"start":{"line":28,"column":58},"end":{"line":29,"column":3}}}},"branchMap":{"1":{"line":15,"type":"binary-expr","locations":[{"start":{"line":15,"column":32},"end":{"line":15,"column":39}},{"start":{"line":15,"column":43},"end":{"line":15,"column":55}}]},"2":{"line":16,"type":"cond-expr","locations":[{"start":{"line":16,"column":83},"end":{"line":16,"column":85}},{"start":{"line":16,"column":88},"end":{"line":16,"column":156}}]},"3":{"line":16,"type":"binary-expr","locations":[{"start":{"line":16,"column":50},"end":{"line":16,"column":57}},{"start":{"line":16,"column":61},"end":{"line":16,"column":79}}]},"4":{"line":23,"type":"binary-expr","locations":[{"start":{"line":23,"column":43},"end":{"line":23,"column":50}},{"start":{"line":23,"column":54},"end":{"line":23,"column":66}}]},"5":{"line":25,"type":"cond-expr","locations":[{"start":{"line":25,"column":96},"end":{"line":25,"column":98}},{"start":{"line":25,"column":101},"end":{"line":25,"column":179}}]},"6":{"line":25,"type":"binary-expr","locations":[{"start":{"line":25,"column":63},"end":{"line":25,"column":70}},{"start":{"line":25,"column":74},"end":{"line":25,"column":92}}]}},"s":{"1":1,"2":1,"3":1,"4":1,"5":13,"6":0,"7":13,"8":13,"9":1,"10":0,"11":0,"12":0,"13":0,"14":1,"15":13,"16":1,"17":1,"18":1,"19":1},"b":{"1":[13,1],"2":[13,0],"3":[13,1],"4":[0,0],"5":[0,0],"6":[0,0]},"f":{"1":1,"2":1,"3":13,"4":0,"5":0,"6":0,"7":13,"8":10},"l":{"3":1,"4":1,"6":1,"10":1,"11":1,"13":1,"14":13,"16":0,"18":13,"19":13,"22":1,"23":0,"24":0,"25":0,"27":1,"28":13,"31":1}},
"src\\app\\api\\Parameter.ts":{"path":"src\\app\\api\\Parameter.ts","statementMap":{"1":{"start":{"line":3,"column":0},"end":{"line":3,"column":43}},"2":{"start":{"line":5,"column":0},"end":{"line":null,"column":-1}},"3":{"start":{"line":12,"column":8},"end":{"line":17,"column":2}},"4":{"start":{"line":13,"column":2},"end":{"line":16,"column":5}},"5":{"start":{"line":19,"column":8},"end":{"line":24,"column":2}},"6":{"start":{"line":20,"column":2},"end":{"line":20,"column":38}},"7":{"start":{"line":21,"column":2},"end":{"line":21,"column":81}},"8":{"start":{"line":22,"column":2},"end":{"line":22,"column":39}},"9":{"start":{"line":23,"column":2},"end":{"line":23,"column":83}},"10":{"start":{"line":25,"column":0},"end":{"line":25,"column":1}},"11":{"start":{"line":9,"column":8},"end":{"line":9,"column":36}},"12":{"start":{"line":10,"column":8},"end":{"line":10,"column":38}},"13":{"start":{"line":5,"column":13},"end":{"line":5,"column":22}}},"fnMap":{"1":{"name":"(anonymous_0)","line":5,"loc":{"start":{"line":5,"column":0},"end":{"line":5,"column":-1}}},"2":{"name":"Parameter","line":5,"loc":{"start":{"line":5,"column":0},"end":{"line":25,"column":1}}},"3":{"name":"(anonymous_2)","line":12,"loc":{"start":{"line":12,"column":82},"end":{"line":17,"column":2}}},"4":{"name":"(anonymous_3)","line":19,"loc":{"start":{"line":19,"column":79},"end":{"line":24,"column":2}}}},"branchMap":{"1":{"line":14,"type":"binary-expr","locations":[{"start":{"line":14,"column":32},"end":{"line":14,"column":39}},{"start":{"line":14,"column":43},"end":{"line":14,"column":55}}]},"2":{"line":15,"type":"binary-expr","locations":[{"start":{"line":15,"column":33},"end":{"line":15,"column":40}},{"start":{"line":15,"column":44},"end":{"line":15,"column":57}}]},"3":{"line":21,"type":"binary-expr","locations":[{"start":{"line":21,"column":55},"end":{"line":21,"column":62}},{"start":{"line":21,"column":66},"end":{"line":21,"column":78}}]},"4":{"line":23,"type":"binary-expr","locations":[{"start":{"line":23,"column":56},"end":{"line":23,"column":63}},{"start":{"line":23,"column":67},"end":{"line":23,"column":80}}]}},"s":{"1":1,"2":1,"3":1,"4":1,"5":1,"6":0,"7":0,"8":0,"9":0,"10":1,"11":1,"12":1,"13":1},"b":{"1":[1,1],"2":[1,1],"3":[0,0],"4":[0,0]},"f":{"1":1,"2":0,"3":1,"4":0},"l":{"3":1,"5":1,"9":1,"10":1,"12":1,"13":1,"19":1,"20":0,"21":0,"22":0,"23":0,"25":1}},
"src\\app\\api\\MessagePackaging.ts":{"path":"src\\app\\api\\MessagePackaging.ts","statementMap":{"1":{"start":{"line":3,"column":0},"end":{"line":3,"column":39}},"2":{"start":{"line":4,"column":0},"end":{"line":4,"column":55}},"3":{"start":{"line":5,"column":0},"end":{"line":5,"column":51}},"4":{"start":{"line":7,"column":0},"end":{"line":null,"column":-1}},"5":{"start":{"line":16,"column":8},"end":{"line":22,"column":2}},"6":{"start":{"line":17,"column":2},"end":{"line":21,"column":5}},"7":{"start":{"line":20,"column":127},"end":{"line":20,"column":169}},"8":{"start":{"line":24,"column":8},"end":{"line":29,"column":2}},"9":{"start":{"line":25,"column":2},"end":{"line":25,"column":126}},"10":{"start":{"line":26,"column":2},"end":{"line":26,"column":108}},"11":{"start":{"line":27,"column":2},"end":{"line":27,"column":132}},"12":{"start":{"line":28,"column":2},"end":{"line":28,"column":190}},"13":{"start":{"line":28,"column":144},"end":{"line":28,"column":186}},"14":{"start":{"line":30,"column":0},"end":{"line":30,"column":1}},"15":{"start":{"line":12,"column":8},"end":{"line":12,"column":46}},"16":{"start":{"line":13,"column":8},"end":{"line":13,"column":62}},"17":{"start":{"line":14,"column":8},"end":{"line":14,"column":62}},"18":{"start":{"line":7,"column":13},"end":{"line":7,"column":29}}},"fnMap":{"1":{"name":"(anonymous_0)","line":7,"loc":{"start":{"line":7,"column":0},"end":{"line":7,"column":-1}}},"2":{"name":"MessagePackaging","line":7,"loc":{"start":{"line":7,"column":0},"end":{"line":30,"column":1}}},"3":{"name":"(anonymous_2)","line":16,"loc":{"start":{"line":16,"column":67},"end":{"line":22,"column":2}}},"4":{"name":"(anonymous_3)","line":20,"loc":{"start":{"line":20,"column":123},"end":{"line":20,"column":169}}},"5":{"name":"(anonymous_4)","line":24,"loc":{"start":{"line":24,"column":86},"end":{"line":29,"column":2}}},"6":{"name":"(anonymous_5)","line":28,"loc":{"start":{"line":28,"column":140},"end":{"line":28,"column":186}}}},"branchMap":{"1":{"line":18,"type":"binary-expr","locations":[{"start":{"line":18,"column":45},"end":{"line":18,"column":52}},{"start":{"line":18,"column":56},"end":{"line":18,"column":73}}]},"2":{"line":19,"type":"binary-expr","locations":[{"start":{"line":19,"column":61},"end":{"line":19,"column":68}},{"start":{"line":19,"column":72},"end":{"line":19,"column":97}}]},"3":{"line":20,"type":"cond-expr","locations":[{"start":{"line":20,"column":84},"end":{"line":20,"column":86}},{"start":{"line":20,"column":89},"end":{"line":20,"column":170}}]},"4":{"line":20,"type":"binary-expr","locations":[{"start":{"line":20,"column":44},"end":{"line":20,"column":51}},{"start":{"line":20,"column":55},"end":{"line":20,"column":80}}]},"5":{"line":25,"type":"binary-expr","locations":[{"start":{"line":25,"column":48},"end":{"line":25,"column":55}},{"start":{"line":25,"column":59},"end":{"line":25,"column":76}}]},"6":{"line":25,"type":"binary-expr","locations":[{"start":{"line":25,"column":88},"end":{"line":25,"column":98}},{"start":{"line":25,"column":102},"end":{"line":25,"column":122}}]},"7":{"line":26,"type":"binary-expr","locations":[{"start":{"line":26,"column":78},"end":{"line":26,"column":85}},{"start":{"line":26,"column":89},"end":{"line":26,"column":106}}]},"8":{"line":27,"type":"binary-expr","locations":[{"start":{"line":27,"column":94},"end":{"line":27,"column":101}},{"start":{"line":27,"column":105},"end":{"line":27,"column":130}}]},"9":{"line":28,"type":"cond-expr","locations":[{"start":{"line":28,"column":101},"end":{"line":28,"column":103}},{"start":{"line":28,"column":106},"end":{"line":28,"column":187}}]},"10":{"line":28,"type":"binary-expr","locations":[{"start":{"line":28,"column":61},"end":{"line":28,"column":68}},{"start":{"line":28,"column":72},"end":{"line":28,"column":97}}]}},"s":{"1":1,"2":1,"3":1,"4":1,"5":1,"6":2,"7":0,"8":1,"9":0,"10":0,"11":0,"12":0,"13":0,"14":1,"15":1,"16":1,"17":1,"18":1},"b":{"1":[2,0],"2":[2,0],"3":[2,0],"4":[2,0],"5":[0,0],"6":[0,0],"7":[0,0],"8":[0,0],"9":[0,0],"10":[0,0]},"f":{"1":1,"2":0,"3":2,"4":0,"5":0,"6":0},"l":{"3":1,"4":1,"5":1,"7":1,"12":1,"13":1,"14":1,"16":1,"17":2,"20":0,"24":1,"25":0,"26":0,"27":0,"28":0,"30":1}},
"src\\app\\api\\PartyInfo.ts":{"path":"src\\app\\api\\PartyInfo.ts","statementMap":{"1":{"start":{"line":3,"column":0},"end":{"line":3,"column":31}},"2":{"start":{"line":5,"column":0},"end":{"line":null,"column":-1}},"3":{"start":{"line":12,"column":8},"end":{"line":17,"column":2}},"4":{"start":{"line":13,"column":2},"end":{"line":16,"column":5}},"5":{"start":{"line":19,"column":8},"end":{"line":22,"column":2}},"6":{"start":{"line":20,"column":2},"end":{"line":20,"column":104}},"7":{"start":{"line":21,"column":2},"end":{"line":21,"column":100}},"8":{"start":{"line":23,"column":0},"end":{"line":23,"column":1}},"9":{"start":{"line":9,"column":8},"end":{"line":9,"column":46}},"10":{"start":{"line":10,"column":8},"end":{"line":10,"column":42}},"11":{"start":{"line":5,"column":13},"end":{"line":5,"column":22}}},"fnMap":{"1":{"name":"(anonymous_0)","line":5,"loc":{"start":{"line":5,"column":0},"end":{"line":5,"column":-1}}},"2":{"name":"PartyInfo","line":5,"loc":{"start":{"line":5,"column":0},"end":{"line":23,"column":1}}},"3":{"name":"(anonymous_2)","line":12,"loc":{"start":{"line":12,"column":60},"end":{"line":17,"column":2}}},"4":{"name":"(anonymous_3)","line":19,"loc":{"start":{"line":19,"column":79},"end":{"line":22,"column":2}}}},"branchMap":{"1":{"line":14,"type":"binary-expr","locations":[{"start":{"line":14,"column":41},"end":{"line":14,"column":48}},{"start":{"line":14,"column":52},"end":{"line":14,"column":69}}]},"2":{"line":15,"type":"binary-expr","locations":[{"start":{"line":15,"column":39},"end":{"line":15,"column":46}},{"start":{"line":15,"column":50},"end":{"line":15,"column":65}}]},"3":{"line":20,"type":"binary-expr","locations":[{"start":{"line":20,"column":74},"end":{"line":20,"column":81}},{"start":{"line":20,"column":85},"end":{"line":20,"column":102}}]},"4":{"line":21,"type":"binary-expr","locations":[{"start":{"line":21,"column":72},"end":{"line":21,"column":79}},{"start":{"line":21,"column":83},"end":{"line":21,"column":98}}]}},"s":{"1":1,"2":1,"3":1,"4":4,"5":1,"6":0,"7":0,"8":1,"9":1,"10":1,"11":1},"b":{"1":[4,0],"2":[4,0],"3":[0,0],"4":[0,0]},"f":{"1":1,"2":0,"3":4,"4":0},"l":{"3":1,"5":1,"9":1,"10":1,"12":1,"13":4,"19":1,"20":0,"21":0,"23":1}},
"src\\app\\api\\Party.ts":{"path":"src\\app\\api\\Party.ts","statementMap":{"1":{"start":{"line":3,"column":0},"end":{"line":3,"column":35}},"2":{"start":{"line":5,"column":0},"end":{"line":null,"column":-1}},"3":{"start":{"line":12,"column":8},"end":{"line":17,"column":2}},"4":{"start":{"line":13,"column":2},"end":{"line":16,"column":5}},"5":{"start":{"line":15,"column":100},"end":{"line":15,"column":134}},"6":{"start":{"line":19,"column":8},"end":{"line":23,"column":2}},"7":{"start":{"line":20,"column":2},"end":{"line":20,"column":116}},"8":{"start":{"line":21,"column":2},"end":{"line":21,"column":33}},"9":{"start":{"line":22,"column":2},"end":{"line":22,"column":155}},"10":{"start":{"line":22,"column":117},"end":{"line":22,"column":151}},"11":{"start":{"line":24,"column":0},"end":{"line":24,"column":1}},"12":{"start":{"line":9,"column":8},"end":{"line":9,"column":36}},"13":{"start":{"line":10,"column":8},"end":{"line":10,"column":44}},"14":{"start":{"line":5,"column":13},"end":{"line":5,"column":18}}},"fnMap":{"1":{"name":"(anonymous_0)","line":5,"loc":{"start":{"line":5,"column":0},"end":{"line":5,"column":-1}}},"2":{"name":"Party","line":5,"loc":{"start":{"line":5,"column":0},"end":{"line":24,"column":1}}},"3":{"name":"(anonymous_2)","line":12,"loc":{"start":{"line":12,"column":56},"end":{"line":17,"column":2}}},"4":{"name":"(anonymous_3)","line":15,"loc":{"start":{"line":15,"column":96},"end":{"line":15,"column":134}}},"5":{"name":"(anonymous_4)","line":19,"loc":{"start":{"line":19,"column":75},"end":{"line":23,"column":2}}},"6":{"name":"(anonymous_5)","line":22,"loc":{"start":{"line":22,"column":113},"end":{"line":22,"column":151}}}},"branchMap":{"1":{"line":14,"type":"binary-expr","locations":[{"start":{"line":14,"column":10},"end":{"line":14,"column":17}},{"start":{"line":14,"column":21},"end":{"line":14,"column":33}}]},"2":{"line":15,"type":"cond-expr","locations":[{"start":{"line":15,"column":66},"end":{"line":15,"column":68}},{"start":{"line":15,"column":71},"end":{"line":15,"column":135}}]},"3":{"line":15,"type":"binary-expr","locations":[{"start":{"line":15,"column":35},"end":{"line":15,"column":42}},{"start":{"line":15,"column":46},"end":{"line":15,"column":62}}]},"4":{"line":20,"type":"binary-expr","locations":[{"start":{"line":20,"column":43},"end":{"line":20,"column":50}},{"start":{"line":20,"column":54},"end":{"line":20,"column":66}}]},"5":{"line":20,"type":"binary-expr","locations":[{"start":{"line":20,"column":78},"end":{"line":20,"column":88}},{"start":{"line":20,"column":92},"end":{"line":20,"column":112}}]},"6":{"line":22,"type":"cond-expr","locations":[{"start":{"line":22,"column":83},"end":{"line":22,"column":85}},{"start":{"line":22,"column":88},"end":{"line":22,"column":152}}]},"7":{"line":22,"type":"binary-expr","locations":[{"start":{"line":22,"column":52},"end":{"line":22,"column":59}},{"start":{"line":22,"column":63},"end":{"line":22,"column":79}}]}},"s":{"1":1,"2":1,"3":1,"4":11,"5":0,"6":1,"7":0,"8":0,"9":0,"10":0,"11":1,"12":1,"13":1,"14":1},"b":{"1":[11,3],"2":[8,3],"3":[11,3],"4":[0,0],"5":[0,0],"6":[0,0],"7":[0,0]},"f":{"1":1,"2":3,"3":11,"4":0,"5":0,"6":0},"l":{"3":1,"5":1,"9":1,"10":1,"12":1,"13":11,"15":0,"19":1,"20":0,"21":0,"22":0,"24":1}},
"src\\app\\api\\PartyId.ts":{"path":"src\\app\\api\\PartyId.ts","statementMap":{"1":{"start":{"line":4,"column":0},"end":{"line":null,"column":-1}},"2":{"start":{"line":11,"column":8},"end":{"line":16,"column":2}},"3":{"start":{"line":12,"column":2},"end":{"line":15,"column":5}},"4":{"start":{"line":18,"column":8},"end":{"line":24,"column":2}},"5":{"start":{"line":19,"column":2},"end":{"line":19,"column":27}},"6":{"start":{"line":20,"column":2},"end":{"line":20,"column":68}},"7":{"start":{"line":21,"column":2},"end":{"line":21,"column":29}},"8":{"start":{"line":22,"column":2},"end":{"line":22,"column":72}},"9":{"start":{"line":25,"column":0},"end":{"line":25,"column":1}},"10":{"start":{"line":8,"column":8},"end":{"line":8,"column":32}},"11":{"start":{"line":9,"column":8},"end":{"line":9,"column":36}},"12":{"start":{"line":4,"column":13},"end":{"line":4,"column":20}}},"fnMap":{"1":{"name":"(anonymous_0)","line":4,"loc":{"start":{"line":4,"column":0},"end":{"line":4,"column":-1}}},"2":{"name":"PartyId","line":4,"loc":{"start":{"line":4,"column":0},"end":{"line":25,"column":1}}},"3":{"name":"(anonymous_2)","line":11,"loc":{"start":{"line":11,"column":58},"end":{"line":16,"column":2}}},"4":{"name":"(anonymous_3)","line":18,"loc":{"start":{"line":18,"column":77},"end":{"line":24,"column":2}}}},"branchMap":{"1":{"line":13,"type":"binary-expr","locations":[{"start":{"line":13,"column":8},"end":{"line":13,"column":15}},{"start":{"line":13,"column":19},"end":{"line":13,"column":29}}]},"2":{"line":14,"type":"binary-expr","locations":[{"start":{"line":14,"column":10},"end":{"line":14,"column":17}},{"start":{"line":14,"column":21},"end":{"line":14,"column":33}}]},"3":{"line":20,"type":"binary-expr","locations":[{"start":{"line":20,"column":44},"end":{"line":20,"column":51}},{"start":{"line":20,"column":55},"end":{"line":20,"column":65}}]},"4":{"line":22,"type":"binary-expr","locations":[{"start":{"line":22,"column":46},"end":{"line":22,"column":53}},{"start":{"line":22,"column":57},"end":{"line":22,"column":69}}]}},"s":{"1":1,"2":1,"3":2,"4":1,"5":0,"6":0,"7":0,"8":0,"9":1,"10":1,"11":1,"12":1},"b":{"1":[2,0],"2":[2,0],"3":[0,0],"4":[0,0]},"f":{"1":1,"2":0,"3":2,"4":0},"l":{"4":1,"8":1,"9":1,"11":1,"12":2,"18":1,"19":0,"20":0,"21":0,"22":0,"25":1}},
"src\\app\\api\\CollaborationInfo.ts":{"path":"src\\app\\api\\CollaborationInfo.ts","statementMap":{"1":{"start":{"line":3,"column":0},"end":{"line":3,"column":39}},"2":{"start":{"line":4,"column":0},"end":{"line":4,"column":35}},"3":{"start":{"line":6,"column":0},"end":{"line":null,"column":-1}},"4":{"start":{"line":17,"column":8},"end":{"line":24,"column":2}},"5":{"start":{"line":18,"column":2},"end":{"line":23,"column":5}},"6":{"start":{"line":26,"column":8},"end":{"line":31,"column":2}},"7":{"start":{"line":27,"column":2},"end":{"line":27,"column":120}},"8":{"start":{"line":28,"column":2},"end":{"line":28,"column":136}},"9":{"start":{"line":29,"column":2},"end":{"line":29,"column":126}},"10":{"start":{"line":30,"column":2},"end":{"line":30,"column":102}},"11":{"start":{"line":32,"column":0},"end":{"line":32,"column":1}},"12":{"start":{"line":12,"column":8},"end":{"line":12,"column":40}},"13":{"start":{"line":13,"column":8},"end":{"line":13,"column":56}},"14":{"start":{"line":14,"column":8},"end":{"line":14,"column":64}},"15":{"start":{"line":15,"column":8},"end":{"line":15,"column":42}},"16":{"start":{"line":6,"column":13},"end":{"line":6,"column":30}}},"fnMap":{"1":{"name":"(anonymous_0)","line":6,"loc":{"start":{"line":6,"column":0},"end":{"line":6,"column":-1}}},"2":{"name":"CollaborationInfo","line":6,"loc":{"start":{"line":6,"column":0},"end":{"line":32,"column":1}}},"3":{"name":"(anonymous_2)","line":17,"loc":{"start":{"line":17,"column":68},"end":{"line":24,"column":2}}},"4":{"name":"(anonymous_3)","line":26,"loc":{"start":{"line":26,"column":87},"end":{"line":31,"column":2}}}},"branchMap":{"1":{"line":19,"type":"binary-expr","locations":[{"start":{"line":19,"column":25},"end":{"line":19,"column":32}},{"start":{"line":19,"column":36},"end":{"line":19,"column":50}}]},"2":{"line":20,"type":"binary-expr","locations":[{"start":{"line":20,"column":33},"end":{"line":20,"column":40}},{"start":{"line":20,"column":44},"end":{"line":20,"column":66}}]},"3":{"line":21,"type":"binary-expr","locations":[{"start":{"line":21,"column":67},"end":{"line":21,"column":74}},{"start":{"line":21,"column":78},"end":{"line":21,"column":104}}]},"4":{"line":22,"type":"binary-expr","locations":[{"start":{"line":22,"column":54},"end":{"line":22,"column":61}},{"start":{"line":22,"column":65},"end":{"line":22,"column":80}}]},"5":{"line":27,"type":"binary-expr","locations":[{"start":{"line":27,"column":45},"end":{"line":27,"column":52}},{"start":{"line":27,"column":56},"end":{"line":27,"column":70}}]},"6":{"line":27,"type":"binary-expr","locations":[{"start":{"line":27,"column":82},"end":{"line":27,"column":92}},{"start":{"line":27,"column":96},"end":{"line":27,"column":116}}]},"7":{"line":28,"type":"binary-expr","locations":[{"start":{"line":28,"column":53},"end":{"line":28,"column":60}},{"start":{"line":28,"column":64},"end":{"line":28,"column":86}}]},"8":{"line":28,"type":"binary-expr","locations":[{"start":{"line":28,"column":98},"end":{"line":28,"column":108}},{"start":{"line":28,"column":112},"end":{"line":28,"column":132}}]},"9":{"line":29,"type":"binary-expr","locations":[{"start":{"line":29,"column":87},"end":{"line":29,"column":94}},{"start":{"line":29,"column":98},"end":{"line":29,"column":124}}]},"10":{"line":30,"type":"binary-expr","locations":[{"start":{"line":30,"column":74},"end":{"line":30,"column":81}},{"start":{"line":30,"column":85},"end":{"line":30,"column":100}}]}},"s":{"1":1,"2":1,"3":1,"4":1,"5":4,"6":1,"7":0,"8":0,"9":0,"10":0,"11":1,"12":1,"13":1,"14":1,"15":1,"16":1},"b":{"1":[4,0],"2":[4,0],"3":[4,0],"4":[4,0],"5":[0,0],"6":[0,0],"7":[0,0],"8":[0,0],"9":[0,0],"10":[0,0]},"f":{"1":1,"2":0,"3":4,"4":0},"l":{"3":1,"4":1,"6":1,"12":1,"13":1,"14":1,"15":1,"17":1,"18":4,"26":1,"27":0,"28":0,"29":0,"30":0,"32":1}},
"src\\app\\api\\Agreement.ts":{"path":"src\\app\\api\\Agreement.ts","statementMap":{"1":{"start":{"line":4,"column":0},"end":{"line":null,"column":-1}},"2":{"start":{"line":13,"column":8},"end":{"line":19,"column":2}},"3":{"start":{"line":14,"column":2},"end":{"line":18,"column":5}},"4":{"start":{"line":21,"column":8},"end":{"line":25,"column":2}},"5":{"start":{"line":22,"column":2},"end":{"line":22,"column":118}},"6":{"start":{"line":23,"column":2},"end":{"line":23,"column":116}},"7":{"start":{"line":24,"column":2},"end":{"line":24,"column":122}},"8":{"start":{"line":26,"column":0},"end":{"line":26,"column":1}},"9":{"start":{"line":9,"column":8},"end":{"line":9,"column":38}},"10":{"start":{"line":10,"column":8},"end":{"line":10,"column":36}},"11":{"start":{"line":11,"column":8},"end":{"line":11,"column":42}},"12":{"start":{"line":4,"column":13},"end":{"line":4,"column":22}}},"fnMap":{"1":{"name":"(anonymous_0)","line":4,"loc":{"start":{"line":4,"column":0},"end":{"line":4,"column":-1}}},"2":{"name":"Agreement","line":4,"loc":{"start":{"line":4,"column":0},"end":{"line":26,"column":1}}},"3":{"name":"(anonymous_2)","line":13,"loc":{"start":{"line":13,"column":60},"end":{"line":19,"column":2}}},"4":{"name":"(anonymous_3)","line":21,"loc":{"start":{"line":21,"column":79},"end":{"line":25,"column":2}}}},"branchMap":{"1":{"line":15,"type":"binary-expr","locations":[{"start":{"line":15,"column":24},"end":{"line":15,"column":31}},{"start":{"line":15,"column":35},"end":{"line":15,"column":48}}]},"2":{"line":16,"type":"binary-expr","locations":[{"start":{"line":16,"column":23},"end":{"line":16,"column":30}},{"start":{"line":16,"column":34},"end":{"line":16,"column":46}}]},"3":{"line":17,"type":"binary-expr","locations":[{"start":{"line":17,"column":26},"end":{"line":17,"column":33}},{"start":{"line":17,"column":37},"end":{"line":17,"column":52}}]},"4":{"line":22,"type":"binary-expr","locations":[{"start":{"line":22,"column":44},"end":{"line":22,"column":51}},{"start":{"line":22,"column":55},"end":{"line":22,"column":68}}]},"5":{"line":22,"type":"binary-expr","locations":[{"start":{"line":22,"column":80},"end":{"line":22,"column":90}},{"start":{"line":22,"column":94},"end":{"line":22,"column":114}}]},"6":{"line":23,"type":"binary-expr","locations":[{"start":{"line":23,"column":43},"end":{"line":23,"column":50}},{"start":{"line":23,"column":54},"end":{"line":23,"column":66}}]},"7":{"line":23,"type":"binary-expr","locations":[{"start":{"line":23,"column":78},"end":{"line":23,"column":88}},{"start":{
[...]
,"column":73}},"133":{"start":{"line":202,"column":53},"end":{"line":202,"column":72}},"134":{"start":{"line":203,"column":8},"end":{"line":206,"column":9}},"135":{"start":{"line":204,"column":12},"end":{"line":204,"column":88}},"136":{"start":{"line":205,"column":12},"end":{"line":205,"column":24}},"137":{"start":{"line":208,"column":8},"end":{"line":208,"column":21}},"138":{"start":{"line":210,"column":0},"end":{"line":210,"column":1}},"139":{"start":{"line":49,"column":13},"end":{"line":49,"column":34}},"140":{"start":{"line":50,"column":13},"end":{"line":50,"column":34}},"141":{"start":{"line":28,"column":13},"end":{"line":210,"column":1}},"142":{"start":{"line":28,"column":13},"end":{"line":28,"column":35}}},"fnMap":{"1":{"name":"(anonymous_0)","line":28,"loc":{"start":{"line":28,"column":35},"end":{"line":28,"column":0}}},"2":{"name":"AgentSettingsComponent","line":57,"loc":{"start":{"line":57,"column":116},"end":{"line":86,"column":5}}},"3":{"name":"(anonymous_2)","line":68,"loc":{"start":{"line":68,"column":22},"end":{"line":68,"column":36}}},"4":{"name":"(anonymous_3)","line":69,"loc":{"start":{"line":69,"column":30},"end":{"line":71,"column":13}}},"5":{"name":"(anonymous_4)","line":75,"loc":{"start":{"line":75,"column":27},"end":{"line":75,"column":101}}},"6":{"name":"(anonymous_5)","line":76,"loc":{"start":{"line":76,"column":24},"end":{"line":76,"column":63}}},"7":{"name":"(anonymous_6)","line":78,"loc":{"start":{"line":78,"column":30},"end":{"line":85,"column":13}}},"8":{"name":"(anonymous_7)","line":80,"loc":{"start":{"line":80,"column":52},"end":{"line":80,"column":90}}},"9":{"name":"(anonymous_8)","line":32,"loc":{"start":{"line":32,"column":4},"end":{"line":34,"column":5}}},"10":{"name":"(anonymous_9)","line":35,"loc":{"start":{"line":35,"column":48},"end":{"line":42,"column":5}}},"11":{"name":"(anonymous_10)","line":87,"loc":{"start":{"line":87,"column":4},"end":{"line":112,"column":5}}},"12":{"name":"(anonymous_11)","line":90,"loc":{"start":{"line":90,"column":27},"end":{"line":90,"column":38}}},"13":{"name":"(anonymous_12)","line":91,"loc":{"start":{"line":91,"column":23},"end":{"line":111,"column":13}}},"14":{"name":"(anonymous_13)","line":98,"loc":{"start":{"line":98,"column":75},"end":{"line":98,"column":107}}},"15":{"name":"(anonymous_14)","line":113,"loc":{"start":{"line":113,"column":51},"end":{"line":138,"column":5}}},"16":{"name":"(anonymous_15)","line":114,"loc":{"start":{"line":114,"column":21},"end":{"line":119,"column":9}}},"17":{"name":"(anonymous_16)","line":116,"loc":{"start":{"line":116,"column":57},"end":{"line":116,"column":90}}},"18":{"name":"(anonymous_17)","line":124,"loc":{"start":{"line":124,"column":31},"end":{"line":124,"column":42}}},"19":{"name":"(anonymous_18)","line":125,"loc":{"start":{"line":125,"column":27},"end":{"line":131,"column":17}}},"20":{"name":"(anonymous_19)","line":127,"loc":{"start":{"line":127,"column":67},"end":{"line":127,"column":99}}},"21":{"name":"(anonymous_20)","line":139,"loc":{"start":{"line":139,"column":4},"end":{"line":156,"column":5}}},"22":{"name":"(anonymous_21)","line":150,"loc":{"start":{"line":150,"column":29},"end":{"line":155,"column":9}}},"23":{"name":"(anonymous_22)","line":157,"loc":{"start":{"line":157,"column":4},"end":{"line":165,"column":5}}},"24":{"name":"(anonymous_23)","line":159,"loc":{"start":{"line":159,"column":55},"end":{"line":159,"column":87}}},"25":{"name":"(anonymous_24)","line":166,"loc":{"start":{"line":166,"column":4},"end":{"line":178,"column":5}}},"26":{"name":"(anonymous_25)","line":169,"loc":{"start":{"line":169,"column":28},"end":{"line":177,"column":13}}},"27":{"name":"(anonymous_26)","line":179,"loc":{"start":{"line":179,"column":4},"end":{"line":193,"column":5}}},"28":{"name":"(anonymous_27)","line":182,"loc":{"start":{"line":182,"column":27},"end":{"line":182,"column":38}}},"29":{"name":"(anonymous_28)","line":183,"loc":{"start":{"line":183,"column":30},"end":{"line":192,"column":13}}},"30":{"name":"(anonymous_29)","line":186,"loc":{"start":{"line":186,"column":63},"end":{"line":186,"column":105}}},"31":{"name":"(anonymous_30)","line":194,"loc":{"start":{"line":194,"column":4},"end":{"line":197,"column":5}}},"32":{"name":"(anonymous_31)","line":198,"loc":{"start":{"line":198,"column":4},"end":{"line":200,"column":5}}},"33":{"name":"(anonymous_32)","line":201,"loc":{"start":{"line":201,"column":40},"end":{"line":209,"column":5}}},"34":{"name":"(anonymous_33)","line":202,"loc":{"start":{"line":202,"column":48},"end":{"line":202,"column":72}}}},"branchMap":{"1":{"line":60,"type":"if","locations":[{"start":{"line":60,"column":8},"end":{"line":64,"column":9}},{"start":{"line":60,"column":8},"end":{"line":64,"column":9}}]},"2":{"line":75,"type":"binary-expr","locations":[{"start":{"line":75,"column":32},"end":{"line":75,"column":40}},{"start":{"line":75,"column":44},"end":{"line":75,"column":61}},{"start":{"line":75,"column":65},"end":{"line":75,"column":101}}]},"3":{"line":81,"type":"if","locations":[{"start":{"line":81,"column":16},"end":{"line":84,"column":17}},{"start":{"line":81,"column":16},"end":{"line":84,"column":17}}]},"4":{"line":37,"type":"if","locations":[{"start":{"line":37,"column":8},"end":{"line":41,"column":9}},{"start":{"line":37,"column":8},"end":{"line":41,"column":9}}]},"5":{"line":92,"type":"if","locations":[{"start":{"line":92,"column":16},"end":{"line":110,"column":17}},{"start":{"line":92,"column":16},"end":{"line":110,"column":17}}]},"6":{"line":93,"type":"if","locations":[{"start":{"line":93,"column":20},"end":{"line":95,"column":21}},{"start":{"line":93,"column":20},"end":{"line":95,"column":21}}]},"7":{"line":97,"type":"if","locations":[{"start":{"line":97,"column":20},"end":{"line":101,"column":21}},{"start":{"line":97,"column":20},"end":{"line":101,"column":21}}]},"8":{"line":113,"type":"if","locations":[{"start":{"line":113,"column":23},"end":{"line":113,"column":51}},{"start":{"line":113,"column":23},"end":{"line":113,"column":51}}]},"9":{"line":121,"type":"if","locations":[{"start":{"line":121,"column":8},"end":{"line":134,"column":9}},{"start":{"line":121,"column":8},"end":{"line":134,"column":9}}]},"10":{"line":126,"type":"if","locations":[{"start":{"line":126,"column":20},"end":{"line":130,"column":21}},{"start":{"line":126,"column":20},"end":{"line":130,"column":21}}]},"11":{"line":140,"type":"if","locations":[{"start":{"line":140,"column":8},"end":{"line":143,"column":9}},{"start":{"line":140,"column":8},"end":{"line":143,"column":9}}]},"12":{"line":145,"type":"if","locations":[{"start":{"line":145,"column":8},"end":{"line":149,"column":9}},{"start":{"line":145,"column":8},"end":{"line":149,"column":9}}]},"13":{"line":151,"type":"if","locations":[{"start":{"line":151,"column":12},"end":{"line":154,"column":13}},{"start":{"line":151,"column":12},"end":{"line":154,"column":13}}]},"14":{"line":158,"type":"if","locations":[{"start":{"line":158,"column":8},"end":{"line":161,"column":9}},{"start":{"line":158,"column":8},"end":{"line":161,"column":9}}]},"15":{"line":170,"type":"if","locations":[{"start":{"line":170,"column":16},"end":{"line":172,"column":17}},{"start":{"line":170,"column":16},"end":{"line":172,"column":17}}]},"16":{"line":173,"type":"if","locations":[{"start":{"line":173,"column":16},"end":{"line":176,"column":17}},{"start":{"line":173,"column":16},"end":{"line":176,"column":17}}]},"17":{"line":173,"type":"binary-expr","locations":[{"start":{"line":173,"column":20},"end":{"line":173,"column":39}},{"start":{"line":173,"column":43},"end":{"line":173,"column":49}}]},"18":{"line":185,"type":"if","locations":[{"start":{"line":185,"column":16},"end":{"line":189,"column":17}},{"start":{"line":185,"column":16},"end":{"line":189,"column":17}}]},"19":{"line":203,"type":"if","locations":[{"start":{"line":203,"column":8},"end":{"line":206,"column":9}},{"start":{"line":203,"column":8},"end":{"line":206,"column":9}}]}},"s":{"1":1,"2":1,"3":1,"4":1,"5":1,"6":1,"7":1,"8":1,"9":1,"10":1,"11":23,"12":23,"13":23,"14":23,"15":23,"16":23,"17":23,"18":23,"19":23,"20":23,"21":23,"22":23,"23":23,"24":23,"25":23,"26":23,"27":23,"28":23,"29":23,"30":24,"31":24,"32":23,"33":31,"34":31,"35":30,"36":30,"37":14,"38":30,"39":0,"40":0,"41":1,"42":125,"43":52,"44":52,"45":18,"46":34,"47":1,"48":3,"49":3,"50":3,"51":3,"52":3,"53":1,"54":2,"55":2,"56":1,"57":0,"58":1,"59":2,"60":2,"61":2,"62":2,"63":2,"64":2,"65":2,"66":2,"67":1,"68":7,"69":8,"70":7,"71":5,"72":5,"73":6,"74":5,"75":5,"76":7,"77":3,"78":3,"79":2,"80":1,"81":2,"82":1,"83":3,"84":4,"85":4,"86":1,"87":3,"88":3,"89":1,"90":1,"91":2,"92":1,"93":1,"94":2,"95":2,"96":2,"97":2,"98":1,"99":4,"100":4,"101":2,"102":3,"103":2,"104":4,"105":4,"106":4,"107":1,"108":3,"109":3,"110":3,"111":1,"112":2,"113":2,"114":2,"115":1,"116":4,"117":4,"118":4,"119":3,"120":3,"121":1,"122":2,"123":1,"124":1,"125":2,"126":1,"127":0,"128":0,"129":1,"130":0,"131":1,"132":6,"133":5,"134":6,"135":2,"136":2,"137":4,"138":1,"139":1,"140":1,"141":1,"142":1},"b":{"1":[23,0],"2":[31,31,31],"3":[0,30],"4":[18,34],"5":[3,0],"6":[1,2],"7":[1,1],"8":[1,6],"9":[3,4],"10":[1,1],"11":[1,2],"12":[1,1],"13":[2,0],"14":[2,2],"15":[1,2],"16":[2,0],"17":[2,2],"18":[1,2],"19":[2,4]},"f":{"1":1,"2":23,"3":24,"4":24,"5":31,"6":31,"7":30,"8":14,"9":125,"10":52,"11":3,"12":3,"13":3,"14":0,"15":7,"16":5,"17":6,"18":3,"19":2,"20":2,"21":3,"22":2,"23":4,"24":3,"25":3,"26":3,"27":4,"28":4,"29":3,"30":2,"31":0,"32":0,"33":6,"34":5},"l":{"4":1,"5":1,"7":1,"9":1,"10":1,"17":1,"18":1,"19":1,"20":1,"28":1,"29":23,"30":23,"32":1,"33":125,"36":52,"37":52,"38":18,"40":34,"44":23,"46":23,"49":1,"50":1,"56":23,"57":23,"58":23,"59":23,"60":23,"61":23,"62":23,"63":23,"66":23,"68":24,"70":24,"73":23,"75":31,"76":31,"79":30,"80":30,"81":30,"82":0,"83":0,"87":3,"88":3,"90":3,"92":3,"93":3,"94":1,"96":2,"97":2,"98":1,"100":1,"102":2,"103":2,"104":2,"105":2,"106":2,"107":2,"108":2,"109":2,"113":8,"114":7,"115":5,"116":6,"117":5,"118":5,"121":7,"122":3,"124":3,"126":2,"127":2,"129":1,"133":3,"136":4,"137":4,"139":3,"140":3,"141":1,"142":1,"145":2,"146":1,"148":1,"150":2,"151":2,"152":2,"153":2,"157":4,"158":4,"159":3,"160":2,"162":4,"163":4,"164":4,"166":3,"167":3,"170":3,"171":1,"173":2,"174":2,"175":2,"179":4,"180":4,"182":4,"184":3,"185":3,"186":2,"187":1,"188":1,"191":2,"194":1,"195":0,"196":0,"198":1,"199":0,"201":1,"202":6,"203":6,"204":2,"205":2,"208":4,"210":1}},
"src\\app\\settings\\settings.service.mock.ts":{"path":"src\\app\\settings\\settings.service.mock.ts","statementMap":{"1":{"start":{"line":10,"column":0},"end":{"line":32,"column":0}},"2":{"start":{"line":11,"column":4},"end":{"line":13,"column":5}},"3":{"start":{"line":14,"column":4},"end":{"line":16,"column":5}},"4":{"start":{"line":17,"column":4},"end":{"line":19,"column":5}},"5":{"start":{"line":18,"column":8},"end":{"line":18,"column":20}},"6":{"start":{"line":20,"column":4},"end":{"line":22,"column":5}},"7":{"start":{"line":21,"column":8},"end":{"line":21,"column":20}},"8":{"start":{"line":23,"column":4},"end":{"line":25,"column":5}},"9":{"start":{"line":24,"column":8},"end":{"line":24,"column":20}},"10":{"start":{"line":26,"column":4},"end":{"line":28,"column":5}},"11":{"start":{"line":27,"column":8},"end":{"line":27,"column":20}},"12":{"start":{"line":29,"column":4},"end":{"line":31,"column":5}},"13":{"start":{"line":32,"column":0},"end":{"line":32,"column":1}},"14":{"start":{"line":10,"column":13},"end":{"line":10,"column":32}}},"fnMap":{"1":{"name":"(anonymous_0)","line":10,"loc":{"start":{"line":10,"column":0},"end":{"line":10,"column":-1}}},"2":{"name":"SettingsServiceMock","line":10,"loc":{"start":{"line":10,"column":0},"end":{"line":32,"column":1}}},"3":{"name":"(anonymous_2)","line":11,"loc":{"start":{"line":11,"column":4},"end":{"line":13,"column":5}}},"4":{"name":"(anonymous_3)","line":14,"loc":{"start":{"line":14,"column":31},"end":{"line":16,"column":5}}},"5":{"name":"(anonymous_4)","line":17,"loc":{"start":{"line":17,"column":45},"end":{"line":19,"column":5}}},"6":{"name":"(anonymous_5)","line":20,"loc":{"start":{"line":20,"column":51},"end":{"line":22,"column":5}}},"7":{"name":"(anonymous_6)","line":23,"loc":{"start":{"line":23,"column":54},"end":{"line":25,"column":5}}},"8":{"name":"(anonymous_7)","line":26,"loc":{"start":{"line":26,"column":76},"end":{"line":28,"column":5}}},"9":{"name":"(anonymous_8)","line":29,"loc":{"start":{"line":29,"column":54},"end":{"line":31,"column":5}}}},"branchMap":{},"s":{"1":1,"2":1,"3":1,"4":1,"5":0,"6":1,"7":0,"8":1,"9":0,"10":1,"11":0,"12":1,"13":1,"14":1},"b":{},"f":{"1":1,"2":33,"3":0,"4":0,"5":0,"6":0,"7":0,"8":0,"9":1},"l":{"10":1,"11":1,"14":1,"17":1,"18":0,"20":1,"21":0,"23":1,"24":0,"26":1,"27":0,"29":1,"32":1}},
"src\\app\\settings\\receptionawarenessagent\\receptionawarenessagent.component.ts":{"path":"src\\app\\settings\\receptionawarenessagent\\receptionawarenessagent.component.ts","statementMap":{"1":{"start":{"line":1,"column":0},"end":{"line":1,"column":59}},"2":{"start":{"line":2,"column":0},"end":{"line":2,"column":55}},"3":{"start":{"line":3,"column":0},"end":{"line":3,"column":52}},"4":{"start":{"line":7,"column":0},"end":{"line":7,"column":61}},"5":{"start":{"line":8,"column":0},"end":{"line":8,"column":47}},"6":{"start":{"line":9,"column":0},"end":{"line":9,"column":51}},"7":{"start":{"line":11,"column":0},"end":{"line":11,"column":49}},"8":{"start":{"line":12,"column":0},"end":{"line":12,"column":57}},"9":{"start":{"line":13,"column":0},"end":{"line":13,"column":53}},"10":{"start":{"line":19,"column":45},"end":{"line":19,"column":0}},"11":{"start":{"line":26,"column":4},"end":{"line":44,"column":4}},"12":{"start":{"line":26,"column":24},"end":{"line":26,"column":48}},"13":{"start":{"line":26,"column":58},"end":{"line":26,"column":85}},"14":{"start":{"line":26,"column":95},"end":{"line":26,"column":127}},"15":{"start":{"line":27,"column":16},"end":{"line":27,"column":46}},"16":{"start":{"line":27,"column":56},"end":{"line":27,"column":82}},"17":{"start":{"line":27,"column":92},"end":{"line":27,"column":120}},"18":{"start":{"line":21,"column":11},"end":{"line":21,"column":61}},"19":{"start":{"line":23,"column":11},"end":{"line":23,"column":33}},"20":{"start":{"line":28,"column":8},"end":{"line":28,"column":66}},"21":{"start":{"line":29,"column":8},"end":{"line":37,"column":15}},"22":{"start":{"line":31,"column":32},"end":{"line":31,"column":89}},"23":{"start":{"line":32,"column":29},"end":{"line":32,"column":75}},"24":{"start":{"line":34,"column":16},"end":{"line":34,"column":39}},"25":{"start":{"line":35,"column":16},"end":{"line":35,"column":77}},"26":{"start":{"line":36,"column":16},"end":{"line":36,"column":87}},"27":{"start":{"line":38,"column":8},"end":{"line":43,"column":15}},"28":{"start":{"line":40,"column":32},"end":{"line":40,"column":65}},"29":{"start":{"line":42,"column":16},"end":{"line":42,"column":56}},"30":{"start":{"line":45,"column":11},"end":{"line":63,"column":5}},"31":{"start":{"line":45,"column":4},"end":{"line":63,"column":4}},"32":{"start":{"line":46,"column":8},"end":{"line":49,"column":9}},"33":{"start":{"line":47,"column":12},"end":{"line":47,"column":47}},"34":{"start":{"line":48,"column":12},"end":{"line":48,"column":19}},"35":{"start":{"line":52,"column":8},"end":{"line":56,"column":9}},"36":{"start":{"line":53,"column":12},"end":{"line":53,"column":114}},"37":{"start":{"line":55,"column":12},"end":{"line":55,"column":138}},"38":{"start":{"line":57,"column":8},"end":{"line":62,"column":11}},"39":{"start":{"line":58,"column":12},"end":{"line":61,"column":13}},"40":{"start":{"line":59,"column":16},"end":{"line":59,"column":43}},"41":{"start":{"line":60,"column":16},"end":{"line":60,"column":67}},"42":{"start":{"line":64,"column":11},"end":{"line":66,"column":5}},"43":{"start":{"line":65,"column":8},"end":{"line":65,"column":79}},"44":{"start":{"line":67,"column":11},"end":{"line":72,"column":5}},"45":{"start":{"line":68,"column":8},"end":{"line":70,"column":9}},"46":{"start":{"line":69,"column":12},"end":{"line":69,"column":19}},"47":{"start":{"line":71,"column":8},"end":{"line":71,"column":106}},"48":{"start":{"line":73,"column":11},"end":{"line":76,"column":5}},"49":{"start":{"line":74,"column":8},"end":{"line":74,"column":48}},"50":{"start":{"line":75,"column":8},"end":{"line":75,"column":47}},"51":{"start":{"line":77,"column":0},"end":{"line":77,"column":1}},"52":{"start":{"line":19,"column":13},"end":{"line":77,"column":1}},"53":{"start":{"line":19,"column":13},"end":{"line":19,"column":45}}},"fnMap":{"1":{"name":"(anonymous_0)","line":19,"loc":{"start":{"line":19,"column":45},"end":{"line":19,"column":0}}},"2":{"name":"ReceptionAwarenessAgentComponent","line":27,"loc":{"start":{"line":27,"column":120},"end":{"line":44,"column":5}}},"3":{"name":"(anonymous_2)","line":31,"loc":{"start":{"line":31,"column":27},"end":{"line":31,"column":89}}},"4":{"name":"(anonymous_3)","line":32,"loc":{"start":{"line":32,"column":24},"end":{"line":32,"column":75}}},"5":{"name":"(anonymous_4)","line":33,"loc":{"start":{"line":33,"column":30},"end":{"line":37,"column":13}}},"6":{"name":"(anonymous_5)","line":40,"loc":{"start":{"line":40,"column":27},"end":{"line":40,"column":65}}},"7":{"name":"(anonymous_6)","line":41,"loc":{"start":{"line":41,"column":30},"end":{"line":43,"column":13}}},"8":{"name":"(anonymous_7)","line":45,"loc":{"start":{"line":45,"column":4},"end":{"line":63,"column":5}}},"9":{"name":"(anonymous_8)","line":57,"loc":{"start":{"line":57,"column":29},"end":{"line":62,"column":9}}},"10":{"name":"(anonymous_9)","line":64,"loc":{"start":{"line":64,"column":4},"end":{"line":66,"column":5}}},"11":{"name":"(anonymous_10)","line":67,"loc":{"start":{"line":67,"column":4},"end":{"line":72,"column":5}}},"12":{"name":"(anonymous_11)","line":73,"loc":{"start":{"line":73,"column":4},"end":{"line":76,"column":5}}}},"branchMap":{"1":{"line":31,"type":"binary-expr","locations":[{"start":{"line":31,"column":32},"end":{"line":31,"column":40}},{"start":{"line":31,"column":44},"end":{"line":31,"column":61}},{"start":{"line":31,"column":65},"end":{"line":31,"column":89}}]},"2":{"line":35,"type":"cond-expr","locations":[{"start":{"line":35,"column":48},"end":{"line":35,"column":67}},{"start":{"line":35,"column":70},"end":{"line":35,"column":76}}]},"3":{"line":40,"type":"binary-expr","locations":[{"start":{"line":40,"column":32},"end":{"line":40,"column":40}},{"start":{"line":40,"column":44},"end":{"line":40,"column":65}}]},"4":{"line":46,"type":"if","locations":[{"start":{"line":46,"column":8},"end":{"line":49,"column":9}},{"start":{"line":46,"column":8},"end":{"line":49,"column":9}}]},"5":{"line":52,"type":"if","locations":[{"start":{"line":52,"column":8},"end":{"line":56,"column":9}},{"start":{"line":52,"column":8},"end":{"line":56,"column":9}}]},"6":{"line":58,"type":"if","locations":[{"start":{"line":58,"column":12},"end":{"line":61,"column":13}},{"start":{"line":58,"column":12},"end":{"line":61,"column":13}}]},"7":{"line":68,"type":"if","locations":[{"start":{"line":68,"column":8},"end":{"line":70,"column":9}},{"start":{"line":68,"column":8},"end":{"line":70,"column":9}}]}},"s":{"1":1,"2":1,"3":1,"4":1,"5":1,"6":1,"7":1,"8":1,"9":1,"10":1,"11":10,"12":10,"13":10,"14":10,"15":10,"16":10,"17":10,"18":10,"19":10,"20":10,"21":10,"22":16,"23":16,"24":16,"25":16,"26":16,"27":10,"28":11,"29":11,"30":1,"31":4,"32":4,"33":1,"34":1,"35":3,"36":1,"37":2,"38":3,"39":3,"40":3,"41":3,"42":1,"43":2,"44":1,"45":2,"46":1,"47":1,"48":1,"49":0,"50":0,"51":1,"52":1,"53":1},"b":{"1":[16,16,16],"2":[11,5],"3":[11,11],"4":[1,3],"5":[1,2],"6":[3,0],"7":[1,1]},"f":{"1":1,"2":10,"3":16,"4":16,"5":16,"6":11,"7":11,"8":4,"9":3,"10":2,"11":2,"12":0},"l":{"1":1,"2":1,"3":1,"7":1,"8":1,"9":1,"11":1,"12":1,"13":1,"19":1,"21":10,"23":10,"26":10,"27":10,"28":10,"29":10,"31":16,"32":16,"34":16,"35":16,"36":16,"38":10,"40":11,"42":11,"45":4,"46":4,"47":1,"48":1,"52":3,"53":1,"55":2,"57":3,"58":3,"59":3,"60":3,"64":1,"65":2,"67":1,"68":2,"69":1,"71":1,"73":1,"74":0,"75":0,"77":1}}}
